Analysis & Synthesis report for de10_lite
Wed Jul 23 08:23:46 2025
Quartus Prime Version 24.1std.0 Build 1077 03/04/2025 SC Lite Edition


---------------------
; Table of Contents ;
---------------------
  1. Legal Notice
  2. Analysis & Synthesis Summary
  3. Analysis & Synthesis Settings
  4. Parallel Compilation
  5. Analysis & Synthesis Source Files Read
  6. Analysis & Synthesis Resource Usage Summary
  7. Analysis & Synthesis Resource Utilization by Entity
  8. Analysis & Synthesis IP Cores Summary
  9. General Register Statistics
 10. Parameter Settings for User Entity Instance: clk:clk_inst|altpll:altpll_component
 11. altpll Parameter Settings by Entity Instance
 12. Port Connectivity Checks: "rtc:rtc_inst|bin_to_bcd:bin_to_bcd_year"
 13. Port Connectivity Checks: "rtc:rtc_inst|bin_to_bcd:bin_to_bcd_month"
 14. Port Connectivity Checks: "rtc:rtc_inst|bin_to_bcd:bin_to_bcd_day"
 15. Port Connectivity Checks: "rtc:rtc_inst|bin_to_bcd:bin_to_bcd_hour"
 16. Port Connectivity Checks: "rtc:rtc_inst|bin_to_bcd:bin_to_bcd_min"
 17. Port Connectivity Checks: "rtc:rtc_inst|bin_to_bcd:bin_to_bcd_sec"
 18. Port Connectivity Checks: "rtc:rtc_inst|divisor_clock:divisor_clock_inst"
 19. Port Connectivity Checks: "rtc:rtc_inst"
 20. Post-Synthesis Netlist Statistics for Top Partition
 21. Elapsed Time Per Partition
 22. Analysis & Synthesis Messages



----------------
; Legal Notice ;
----------------
Copyright (C) 2025  Altera Corporation. All rights reserved.
Your use of Altera Corporation's design tools, logic functions 
and other software and tools, and any partner logic 
functions, and any output files from any of the foregoing 
(including device programming or simulation files), and any 
associated documentation or information are expressly subject 
to the terms and conditions of the Altera Program License 
Subscription Agreement, the Altera Quartus Prime License Agreement,
the Altera IP License Agreement, or other applicable license
agreement, including, without limitation, that your use is for
the sole purpose of programming logic devices manufactured by
Altera and sold by Altera or its authorized distributors.  Please
refer to the Altera Software License Subscription Agreements 
on the Quartus Prime software download page.



+--------------------------------------------------------------------------------------+
; Analysis & Synthesis Summary                                                         ;
+------------------------------------+-------------------------------------------------+
; Analysis & Synthesis Status        ; Successful - Wed Jul 23 08:23:46 2025           ;
; Quartus Prime Version              ; 24.1std.0 Build 1077 03/04/2025 SC Lite Edition ;
; Revision Name                      ; de10_lite                                       ;
; Top-level Entity Name              ; de10_lite                                       ;
; Family                             ; MAX 10                                          ;
; Total logic elements               ; 187                                             ;
;     Total combinational functions  ; 187                                             ;
;     Dedicated logic registers      ; 40                                              ;
; Total registers                    ; 40                                              ;
; Total pins                         ; 149                                             ;
; Total virtual pins                 ; 0                                               ;
; Total memory bits                  ; 0                                               ;
; Embedded Multiplier 9-bit elements ; 0                                               ;
; Total PLLs                         ; 1                                               ;
; UFM blocks                         ; 0                                               ;
; ADC blocks                         ; 0                                               ;
+------------------------------------+-------------------------------------------------+


+------------------------------------------------------------------------------------------------------------+
; Analysis & Synthesis Settings                                                                              ;
+------------------------------------------------------------------+--------------------+--------------------+
; Option                                                           ; Setting            ; Default Value      ;
+------------------------------------------------------------------+--------------------+--------------------+
; Device                                                           ; 10M50DAF484C7G     ;                    ;
; Top-level entity name                                            ; de10_lite          ; de10_lite          ;
; Family name                                                      ; MAX 10             ; Cyclone V          ;
; Use smart compilation                                            ; Off                ; Off                ;
; Enable parallel Assembler and Timing Analyzer during compilation ; On                 ; On                 ;
; Enable compact report table                                      ; Off                ; Off                ;
; Restructure Multiplexers                                         ; Auto               ; Auto               ;
; Create Debugging Nodes for IP Cores                              ; Off                ; Off                ;
; Preserve fewer node names                                        ; On                 ; On                 ;
; Intel FPGA IP Evaluation Mode                                    ; Enable             ; Enable             ;
; Verilog Version                                                  ; Verilog_2001       ; Verilog_2001       ;
; VHDL Version                                                     ; VHDL_1993          ; VHDL_1993          ;
; State Machine Processing                                         ; Auto               ; Auto               ;
; Safe State Machine                                               ; Off                ; Off                ;
; Extract Verilog State Machines                                   ; On                 ; On                 ;
; Extract VHDL State Machines                                      ; On                 ; On                 ;
; Ignore Verilog initial constructs                                ; Off                ; Off                ;
; Iteration limit for constant Verilog loops                       ; 5000               ; 5000               ;
; Iteration limit for non-constant Verilog loops                   ; 250                ; 250                ;
; Add Pass-Through Logic to Inferred RAMs                          ; On                 ; On                 ;
; Infer RAMs from Raw Logic                                        ; On                 ; On                 ;
; Parallel Synthesis                                               ; On                 ; On                 ;
; DSP Block Balancing                                              ; Auto               ; Auto               ;
; NOT Gate Push-Back                                               ; On                 ; On                 ;
; Power-Up Don't Care                                              ; On                 ; On                 ;
; Remove Redundant Logic Cells                                     ; Off                ; Off                ;
; Remove Duplicate Registers                                       ; On                 ; On                 ;
; Ignore CARRY Buffers                                             ; Off                ; Off                ;
; Ignore CASCADE Buffers                                           ; Off                ; Off                ;
; Ignore GLOBAL Buffers                                            ; Off                ; Off                ;
; Ignore ROW GLOBAL Buffers                                        ; Off                ; Off                ;
; Ignore LCELL Buffers                                             ; Off                ; Off                ;
; Ignore SOFT Buffers                                              ; On                 ; On                 ;
; Limit AHDL Integers to 32 Bits                                   ; Off                ; Off                ;
; Optimization Technique                                           ; Balanced           ; Balanced           ;
; Carry Chain Length                                               ; 70                 ; 70                 ;
; Auto Carry Chains                                                ; On                 ; On                 ;
; Auto Open-Drain Pins                                             ; On                 ; On                 ;
; Perform WYSIWYG Primitive Resynthesis                            ; Off                ; Off                ;
; Auto ROM Replacement                                             ; On                 ; On                 ;
; Auto RAM Replacement                                             ; On                 ; On                 ;
; Auto DSP Block Replacement                                       ; On                 ; On                 ;
; Auto Shift Register Replacement                                  ; Auto               ; Auto               ;
; Allow Shift Register Merging across Hierarchies                  ; Auto               ; Auto               ;
; Auto Clock Enable Replacement                                    ; On                 ; On                 ;
; Strict RAM Replacement                                           ; Off                ; Off                ;
; Allow Synchronous Control Signals                                ; On                 ; On                 ;
; Force Use of Synchronous Clear Signals                           ; Off                ; Off                ;
; Auto RAM Block Balancing                                         ; On                 ; On                 ;
; Auto RAM to Logic Cell Conversion                                ; Off                ; Off                ;
; Auto Resource Sharing                                            ; Off                ; Off                ;
; Allow Any RAM Size For Recognition                               ; Off                ; Off                ;
; Allow Any ROM Size For Recognition                               ; Off                ; Off                ;
; Allow Any Shift Register Size For Recognition                    ; Off                ; Off                ;
; Use LogicLock Constraints during Resource Balancing              ; On                 ; On                 ;
; Ignore translate_off and synthesis_off directives                ; Off                ; Off                ;
; Timing-Driven Synthesis                                          ; On                 ; On                 ;
; Report Parameter Settings                                        ; On                 ; On                 ;
; Report Source Assignments                                        ; On                 ; On                 ;
; Report Connectivity Checks                                       ; On                 ; On                 ;
; Ignore Maximum Fan-Out Assignments                               ; Off                ; Off                ;
; Synchronization Register Chain Length                            ; 2                  ; 2                  ;
; Power Optimization During Synthesis                              ; Normal compilation ; Normal compilation ;
; HDL message level                                                ; Level2             ; Level2             ;
; Suppress Register Optimization Related Messages                  ; Off                ; Off                ;
; Number of Removed Registers Reported in Synthesis Report         ; 5000               ; 5000               ;
; Number of Swept Nodes Reported in Synthesis Report               ; 5000               ; 5000               ;
; Number of Inverted Registers Reported in Synthesis Report        ; 100                ; 100                ;
; Clock MUX Protection                                             ; On                 ; On                 ;
; Auto Gated Clock Conversion                                      ; Off                ; Off                ;
; Block Design Naming                                              ; Auto               ; Auto               ;
; SDC constraint protection                                        ; Off                ; Off                ;
; Synthesis Effort                                                 ; Auto               ; Auto               ;
; Shift Register Replacement - Allow Asynchronous Clear Signal     ; On                 ; On                 ;
; Pre-Mapping Resynthesis Optimization                             ; Off                ; Off                ;
; Analysis & Synthesis Message Level                               ; Medium             ; Medium             ;
; Disable Register Merging Across Hierarchies                      ; Auto               ; Auto               ;
; Resource Aware Inference For Block RAM                           ; On                 ; On                 ;
+------------------------------------------------------------------+--------------------+--------------------+


+------------------------------------------+
; Parallel Compilation                     ;
+----------------------------+-------------+
; Processors                 ; Number      ;
+----------------------------+-------------+
; Number detected on machine ; 8           ;
; Maximum allowed            ; 4           ;
;                            ;             ;
; Average used               ; 1.00        ;
; Maximum used               ; 4           ;
;                            ;             ;
; Usage by Processor         ; % Time Used ;
;     Processor 1            ; 100.0%      ;
;     Processors 2-4         ;   0.0%      ;
+----------------------------+-------------+


+---------------------------------------------------------------------------------------------------------------------------------------------------------------------------+
; Analysis & Synthesis Source Files Read                                                                                                                                    ;
+----------------------------------+-----------------+------------------------------+-----------------------------------------------------------------------------+---------+
; File Name with User-Entered Path ; Used in Netlist ; File Type                    ; File Name with Absolute Path                                                ; Library ;
+----------------------------------+-----------------+------------------------------+-----------------------------------------------------------------------------+---------+
; divisor_clock.vhd                ; yes             ; User VHDL File               ; C:/Users/User/Downloads/ProjetoFinal_sintese/divisor_clock.vhd              ;         ;
; rtc.vhd                          ; yes             ; User VHDL File               ; C:/Users/User/Downloads/ProjetoFinal_sintese/rtc.vhd                        ;         ;
; bin_to_bcd.vhd                   ; yes             ; User VHDL File               ; C:/Users/User/Downloads/ProjetoFinal_sintese/bin_to_bcd.vhd                 ;         ;
; de10_lite.vhd                    ; yes             ; User VHDL File               ; C:/Users/User/Downloads/ProjetoFinal_sintese/de10_lite.vhd                  ;         ;
; clk.vhd                          ; yes             ; User Wizard-Generated File   ; C:/Users/User/Downloads/ProjetoFinal_sintese/clk.vhd                        ;         ;
; altpll.tdf                       ; yes             ; Megafunction                 ; c:/intelfpga_lite/24.1std/quartus/libraries/megafunctions/altpll.tdf        ;         ;
; aglobal241.inc                   ; yes             ; Megafunction                 ; c:/intelfpga_lite/24.1std/quartus/libraries/megafunctions/aglobal241.inc    ;         ;
; stratix_pll.inc                  ; yes             ; Megafunction                 ; c:/intelfpga_lite/24.1std/quartus/libraries/megafunctions/stratix_pll.inc   ;         ;
; stratixii_pll.inc                ; yes             ; Megafunction                 ; c:/intelfpga_lite/24.1std/quartus/libraries/megafunctions/stratixii_pll.inc ;         ;
; cycloneii_pll.inc                ; yes             ; Megafunction                 ; c:/intelfpga_lite/24.1std/quartus/libraries/megafunctions/cycloneii_pll.inc ;         ;
; db/clk_altpll.v                  ; yes             ; Auto-Generated Megafunction  ; C:/Users/User/Downloads/ProjetoFinal_sintese/db/clk_altpll.v                ;         ;
+----------------------------------+-----------------+------------------------------+-----------------------------------------------------------------------------+---------+


+----------------------------------------------------------------------------------------------------+
; Analysis & Synthesis Resource Usage Summary                                                        ;
+---------------------------------------------+------------------------------------------------------+
; Resource                                    ; Usage                                                ;
+---------------------------------------------+------------------------------------------------------+
; Estimated Total logic elements              ; 187                                                  ;
;                                             ;                                                      ;
; Total combinational functions               ; 187                                                  ;
; Logic element usage by number of LUT inputs ;                                                      ;
;     -- 4 input functions                    ; 119                                                  ;
;     -- 3 input functions                    ; 23                                                   ;
;     -- <=2 input functions                  ; 45                                                   ;
;                                             ;                                                      ;
; Logic elements by mode                      ;                                                      ;
;     -- normal mode                          ; 152                                                  ;
;     -- arithmetic mode                      ; 35                                                   ;
;                                             ;                                                      ;
; Total registers                             ; 40                                                   ;
;     -- Dedicated logic registers            ; 40                                                   ;
;     -- I/O registers                        ; 0                                                    ;
;                                             ;                                                      ;
; I/O pins                                    ; 149                                                  ;
;                                             ;                                                      ;
; Embedded Multiplier 9-bit elements          ; 0                                                    ;
;                                             ;                                                      ;
; Total PLLs                                  ; 1                                                    ;
;     -- PLLs                                 ; 1                                                    ;
;                                             ;                                                      ;
; Maximum fan-out node                        ; rtc:rtc_inst|divisor_clock:divisor_clock_inst|output ;
; Maximum fan-out                             ; 25                                                   ;
; Total fan-out                               ; 980                                                  ;
; Average fan-out                             ; 1.75                                                 ;
+---------------------------------------------+------------------------------------------------------+


+----------------------------------------------------------------------------------------------------------------------------------------------------------------------------------------------------------------------------------------------------------------------------------------------------------+
; Analysis & Synthesis Resource Utilization by Entity                                                                                                                                                                                                                                                      ;
+------------------------------------------+---------------------+---------------------------+-------------+------------+--------------+---------+-----------+------+--------------+------------+---------------------------------------------------------------------------+---------------+--------------+
; Compilation Hierarchy Node               ; Combinational ALUTs ; Dedicated Logic Registers ; Memory Bits ; UFM Blocks ; DSP Elements ; DSP 9x9 ; DSP 18x18 ; Pins ; Virtual Pins ; ADC blocks ; Full Hierarchy Name                                                       ; Entity Name   ; Library Name ;
+------------------------------------------+---------------------+---------------------------+-------------+------------+--------------+---------+-----------+------+--------------+------------+---------------------------------------------------------------------------+---------------+--------------+
; |de10_lite                               ; 187 (0)             ; 40 (0)                    ; 0           ; 0          ; 0            ; 0       ; 0         ; 149  ; 0            ; 0          ; |de10_lite                                                                ; de10_lite     ; work         ;
;    |clk:clk_inst|                        ; 0 (0)               ; 0 (0)                     ; 0           ; 0          ; 0            ; 0       ; 0         ; 0    ; 0            ; 0          ; |de10_lite|clk:clk_inst                                                   ; clk           ; work         ;
;       |altpll:altpll_component|          ; 0 (0)               ; 0 (0)                     ; 0           ; 0          ; 0            ; 0       ; 0         ; 0    ; 0            ; 0          ; |de10_lite|clk:clk_inst|altpll:altpll_component                           ; altpll        ; work         ;
;          |clk_altpll:auto_generated|     ; 0 (0)               ; 0 (0)                     ; 0           ; 0          ; 0            ; 0       ; 0         ; 0    ; 0            ; 0          ; |de10_lite|clk:clk_inst|altpll:altpll_component|clk_altpll:auto_generated ; clk_altpll    ; work         ;
;    |rtc:rtc_inst|                        ; 187 (85)            ; 40 (24)                   ; 0           ; 0          ; 0            ; 0       ; 0         ; 0    ; 0            ; 0          ; |de10_lite|rtc:rtc_inst                                                   ; rtc           ; work         ;
;       |bin_to_bcd:bin_to_bcd_hour|       ; 25 (25)             ; 0 (0)                     ; 0           ; 0          ; 0            ; 0       ; 0         ; 0    ; 0            ; 0          ; |de10_lite|rtc:rtc_inst|bin_to_bcd:bin_to_bcd_hour                        ; bin_to_bcd    ; work         ;
;       |bin_to_bcd:bin_to_bcd_min|        ; 26 (26)             ; 0 (0)                     ; 0           ; 0          ; 0            ; 0       ; 0         ; 0    ; 0            ; 0          ; |de10_lite|rtc:rtc_inst|bin_to_bcd:bin_to_bcd_min                         ; bin_to_bcd    ; work         ;
;       |bin_to_bcd:bin_to_bcd_sec|        ; 26 (26)             ; 0 (0)                     ; 0           ; 0          ; 0            ; 0       ; 0         ; 0    ; 0            ; 0          ; |de10_lite|rtc:rtc_inst|bin_to_bcd:bin_to_bcd_sec                         ; bin_to_bcd    ; work         ;
;       |divisor_clock:divisor_clock_inst| ; 25 (25)             ; 16 (16)                   ; 0           ; 0          ; 0            ; 0       ; 0         ; 0    ; 0            ; 0          ; |de10_lite|rtc:rtc_inst|divisor_clock:divisor_clock_inst                  ; divisor_clock ; work         ;
+------------------------------------------+---------------------+---------------------------+-------------+------------+--------------+---------+-----------+------+--------------+------------+---------------------------------------------------------------------------+---------------+--------------+
Note: For table entries with two numbers listed, the numbers in parentheses indicate the number of resources of the given type used by the specific entity alone. The numbers listed outside of parentheses indicate the total resources of the given type used by the specific entity and all of its sub-entities in the hierarchy.


+-----------------------------------------------------------------------------------------------------------+
; Analysis & Synthesis IP Cores Summary                                                                     ;
+--------+--------------+---------+--------------+--------------+-------------------------+-----------------+
; Vendor ; IP Core Name ; Version ; Release Date ; License Type ; Entity Instance         ; IP Include File ;
+--------+--------------+---------+--------------+--------------+-------------------------+-----------------+
; Altera ; ALTPLL       ; 24.1    ; N/A          ; N/A          ; |de10_lite|clk:clk_inst ; clk.vhd         ;
+--------+--------------+---------+--------------+--------------+-------------------------+-----------------+


+------------------------------------------------------+
; General Register Statistics                          ;
+----------------------------------------------+-------+
; Statistic                                    ; Value ;
+----------------------------------------------+-------+
; Total registers                              ; 40    ;
; Number of registers using Synchronous Clear  ; 0     ;
; Number of registers using Synchronous Load   ; 0     ;
; Number of registers using Asynchronous Clear ; 24    ;
; Number of registers using Asynchronous Load  ; 0     ;
; Number of registers using Clock Enable       ; 16    ;
; Number of registers using Preset             ; 0     ;
+----------------------------------------------+-------+


+-----------------------------------------------------------------------------------+
; Parameter Settings for User Entity Instance: clk:clk_inst|altpll:altpll_component ;
+-------------------------------+-----------------------+---------------------------+
; Parameter Name                ; Value                 ; Type                      ;
+-------------------------------+-----------------------+---------------------------+
; OPERATION_MODE                ; NORMAL                ; Untyped                   ;
; PLL_TYPE                      ; AUTO                  ; Untyped                   ;
; LPM_HINT                      ; CBX_MODULE_PREFIX=clk ; Untyped                   ;
; QUALIFY_CONF_DONE             ; OFF                   ; Untyped                   ;
; COMPENSATE_CLOCK              ; CLK0                  ; Untyped                   ;
; SCAN_CHAIN                    ; LONG                  ; Untyped                   ;
; PRIMARY_CLOCK                 ; INCLK0                ; Untyped                   ;
; INCLK0_INPUT_FREQUENCY        ; 100000                ; Signed Integer            ;
; INCLK1_INPUT_FREQUENCY        ; 0                     ; Untyped                   ;
; GATE_LOCK_SIGNAL              ; NO                    ; Untyped                   ;
; GATE_LOCK_COUNTER             ; 0                     ; Untyped                   ;
; LOCK_HIGH                     ; 1                     ; Untyped                   ;
; LOCK_LOW                      ; 1                     ; Untyped                   ;
; VALID_LOCK_MULTIPLIER         ; 1                     ; Untyped                   ;
; INVALID_LOCK_MULTIPLIER       ; 5                     ; Untyped                   ;
; SWITCH_OVER_ON_LOSSCLK        ; OFF                   ; Untyped                   ;
; SWITCH_OVER_ON_GATED_LOCK     ; OFF                   ; Untyped                   ;
; ENABLE_SWITCH_OVER_COUNTER    ; OFF                   ; Untyped                   ;
; SKIP_VCO                      ; OFF                   ; Untyped                   ;
; SWITCH_OVER_COUNTER           ; 0                     ; Untyped                   ;
; SWITCH_OVER_TYPE              ; AUTO                  ; Untyped                   ;
; FEEDBACK_SOURCE               ; EXTCLK0               ; Untyped                   ;
; BANDWIDTH                     ; 0                     ; Untyped                   ;
; BANDWIDTH_TYPE                ; AUTO                  ; Untyped                   ;
; SPREAD_FREQUENCY              ; 0                     ; Untyped                   ;
; DOWN_SPREAD                   ; 0                     ; Untyped                   ;
; SELF_RESET_ON_GATED_LOSS_LOCK ; OFF                   ; Untyped                   ;
; SELF_RESET_ON_LOSS_LOCK       ; OFF                   ; Untyped                   ;
; CLK9_MULTIPLY_BY              ; 0                     ; Untyped                   ;
; CLK8_MULTIPLY_BY              ; 0                     ; Untyped                   ;
; CLK7_MULTIPLY_BY              ; 0                     ; Untyped                   ;
; CLK6_MULTIPLY_BY              ; 0                     ; Untyped                   ;
; CLK5_MULTIPLY_BY              ; 1                     ; Untyped                   ;
; CLK4_MULTIPLY_BY              ; 1                     ; Untyped                   ;
; CLK3_MULTIPLY_BY              ; 1                     ; Untyped                   ;
; CLK2_MULTIPLY_BY              ; 1                     ; Untyped                   ;
; CLK1_MULTIPLY_BY              ; 1                     ; Untyped                   ;
; CLK0_MULTIPLY_BY              ; 1                     ; Signed Integer            ;
; CLK9_DIVIDE_BY                ; 0                     ; Untyped                   ;
; CLK8_DIVIDE_BY                ; 0                     ; Untyped                   ;
; CLK7_DIVIDE_BY                ; 0                     ; Untyped                   ;
; CLK6_DIVIDE_BY                ; 0                     ; Untyped                   ;
; CLK5_DIVIDE_BY                ; 1                     ; Untyped                   ;
; CLK4_DIVIDE_BY                ; 1                     ; Untyped                   ;
; CLK3_DIVIDE_BY                ; 1                     ; Untyped                   ;
; CLK2_DIVIDE_BY                ; 1                     ; Untyped                   ;
; CLK1_DIVIDE_BY                ; 1                     ; Untyped                   ;
; CLK0_DIVIDE_BY                ; 305                   ; Signed Integer            ;
; CLK9_PHASE_SHIFT              ; 0                     ; Untyped                   ;
; CLK8_PHASE_SHIFT              ; 0                     ; Untyped                   ;
; CLK7_PHASE_SHIFT              ; 0                     ; Untyped                   ;
; CLK6_PHASE_SHIFT              ; 0                     ; Untyped                   ;
; CLK5_PHASE_SHIFT              ; 0                     ; Untyped                   ;
; CLK4_PHASE_SHIFT              ; 0                     ; Untyped                   ;
; CLK3_PHASE_SHIFT              ; 0                     ; Untyped                   ;
; CLK2_PHASE_SHIFT              ; 0                     ; Untyped                   ;
; CLK1_PHASE_SHIFT              ; 0                     ; Untyped                   ;
; CLK0_PHASE_SHIFT              ; 0                     ; Untyped                   ;
; CLK5_TIME_DELAY               ; 0                     ; Untyped                   ;
; CLK4_TIME_DELAY               ; 0                     ; Untyped                   ;
; CLK3_TIME_DELAY               ; 0                     ; Untyped                   ;
; CLK2_TIME_DELAY               ; 0                     ; Untyped                   ;
; CLK1_TIME_DELAY               ; 0                     ; Untyped                   ;
; CLK0_TIME_DELAY               ; 0                     ; Untyped                   ;
; CLK9_DUTY_CYCLE               ; 50                    ; Untyped                   ;
; CLK8_DUTY_CYCLE               ; 50                    ; Untyped                   ;
; CLK7_DUTY_CYCLE               ; 50                    ; Untyped                   ;
; CLK6_DUTY_CYCLE               ; 50                    ; Untyped                   ;
; CLK5_DUTY_CYCLE               ; 50                    ; Untyped                   ;
; CLK4_DUTY_CYCLE               ; 50                    ; Untyped                   ;
; CLK3_DUTY_CYCLE               ; 50                    ; Untyped                   ;
; CLK2_DUTY_CYCLE               ; 50                    ; Untyped                   ;
; CLK1_DUTY_CYCLE               ; 50                    ; Untyped                   ;
; CLK0_DUTY_CYCLE               ; 50                    ; Signed Integer            ;
; CLK9_USE_EVEN_COUNTER_MODE    ; OFF                   ; Untyped                   ;
; CLK8_USE_EVEN_COUNTER_MODE    ; OFF                   ; Untyped                   ;
; CLK7_USE_EVEN_COUNTER_MODE    ; OFF                   ; Untyped                   ;
; CLK6_USE_EVEN_COUNTER_MODE    ; OFF                   ; Untyped                   ;
; CLK5_USE_EVEN_COUNTER_MODE    ; OFF                   ; Untyped                   ;
; CLK4_USE_EVEN_COUNTER_MODE    ; OFF                   ; Untyped                   ;
; CLK3_USE_EVEN_COUNTER_MODE    ; OFF                   ; Untyped                   ;
; CLK2_USE_EVEN_COUNTER_MODE    ; OFF                   ; Untyped                   ;
; CLK1_USE_EVEN_COUNTER_MODE    ; OFF                   ; Untyped                   ;
; CLK0_USE_EVEN_COUNTER_MODE    ; OFF                   ; Untyped                   ;
; CLK9_USE_EVEN_COUNTER_VALUE   ; OFF                   ; Untyped                   ;
; CLK8_USE_EVEN_COUNTER_VALUE   ; OFF                   ; Untyped                   ;
; CLK7_USE_EVEN_COUNTER_VALUE   ; OFF                   ; Untyped                   ;
; CLK6_USE_EVEN_COUNTER_VALUE   ; OFF                   ; Untyped                   ;
; CLK5_USE_EVEN_COUNTER_VALUE   ; OFF                   ; Untyped                   ;
; CLK4_USE_EVEN_COUNTER_VALUE   ; OFF                   ; Untyped                   ;
; CLK3_USE_EVEN_COUNTER_VALUE   ; OFF                   ; Untyped                   ;
; CLK2_USE_EVEN_COUNTER_VALUE   ; OFF                   ; Untyped                   ;
; CLK1_USE_EVEN_COUNTER_VALUE   ; OFF                   ; Untyped                   ;
; CLK0_USE_EVEN_COUNTER_VALUE   ; OFF                   ; Untyped                   ;
; LOCK_WINDOW_UI                ;  0.05                 ; Untyped                   ;
; LOCK_WINDOW_UI_BITS           ; UNUSED                ; Untyped                   ;
; VCO_RANGE_DETECTOR_LOW_BITS   ; UNUSED                ; Untyped                   ;
; VCO_RANGE_DETECTOR_HIGH_BITS  ; UNUSED                ; Untyped                   ;
; DPA_MULTIPLY_BY               ; 0                     ; Untyped                   ;
; DPA_DIVIDE_BY                 ; 1                     ; Untyped                   ;
; DPA_DIVIDER                   ; 0                     ; Untyped                   ;
; EXTCLK3_MULTIPLY_BY           ; 1                     ; Untyped                   ;
; EXTCLK2_MULTIPLY_BY           ; 1                     ; Untyped                   ;
; EXTCLK1_MULTIPLY_BY           ; 1                     ; Untyped                   ;
; EXTCLK0_MULTIPLY_BY           ; 1                     ; Untyped                   ;
; EXTCLK3_DIVIDE_BY             ; 1                     ; Untyped                   ;
; EXTCLK2_DIVIDE_BY             ; 1                     ; Untyped                   ;
; EXTCLK1_DIVIDE_BY             ; 1                     ; Untyped                   ;
; EXTCLK0_DIVIDE_BY             ; 1                     ; Untyped                   ;
; EXTCLK3_PHASE_SHIFT           ; 0                     ; Untyped                   ;
; EXTCLK2_PHASE_SHIFT           ; 0                     ; Untyped                   ;
; EXTCLK1_PHASE_SHIFT           ; 0                     ; Untyped                   ;
; EXTCLK0_PHASE_SHIFT           ; 0                     ; Untyped                   ;
; EXTCLK3_TIME_DELAY            ; 0                     ; Untyped                   ;
; EXTCLK2_TIME_DELAY            ; 0                     ; Untyped                   ;
; EXTCLK1_TIME_DELAY            ; 0                     ; Untyped                   ;
; EXTCLK0_TIME_DELAY            ; 0                     ; Untyped                   ;
; EXTCLK3_DUTY_CYCLE            ; 50                    ; Untyped                   ;
; EXTCLK2_DUTY_CYCLE            ; 50                    ; Untyped                   ;
; EXTCLK1_DUTY_CYCLE            ; 50                    ; Untyped                   ;
; EXTCLK0_DUTY_CYCLE            ; 50                    ; Untyped                   ;
; VCO_MULTIPLY_BY               ; 0                     ; Untyped                   ;
; VCO_DIVIDE_BY                 ; 0                     ; Untyped                   ;
; SCLKOUT0_PHASE_SHIFT          ; 0                     ; Untyped                   ;
; SCLKOUT1_PHASE_SHIFT          ; 0                     ; Untyped                   ;
; VCO_MIN                       ; 0                     ; Untyped                   ;
; VCO_MAX                       ; 0                     ; Untyped                   ;
; VCO_CENTER                    ; 0                     ; Untyped                   ;
; PFD_MIN                       ; 0                     ; Untyped                   ;
; PFD_MAX                       ; 0                     ; Untyped                   ;
; M_INITIAL                     ; 0                     ; Untyped                   ;
; M                             ; 0                     ; Untyped                   ;
; N                             ; 1                     ; Untyped                   ;
; M2                            ; 1                     ; Untyped                   ;
; N2                            ; 1                     ; Untyped                   ;
; SS                            ; 1                     ; Untyped                   ;
; C0_HIGH                       ; 0                     ; Untyped                   ;
; C1_HIGH                       ; 0                     ; Untyped                   ;
; C2_HIGH                       ; 0                     ; Untyped                   ;
; C3_HIGH                       ; 0                     ; Untyped                   ;
; C4_HIGH                       ; 0                     ; Untyped                   ;
; C5_HIGH                       ; 0                     ; Untyped                   ;
; C6_HIGH                       ; 0                     ; Untyped                   ;
; C7_HIGH                       ; 0                     ; Untyped                   ;
; C8_HIGH                       ; 0                     ; Untyped                   ;
; C9_HIGH                       ; 0                     ; Untyped                   ;
; C0_LOW                        ; 0                     ; Untyped                   ;
; C1_LOW                        ; 0                     ; Untyped                   ;
; C2_LOW                        ; 0                     ; Untyped                   ;
; C3_LOW                        ; 0                     ; Untyped                   ;
; C4_LOW                        ; 0                     ; Untyped                   ;
; C5_LOW                        ; 0                     ; Untyped                   ;
; C6_LOW                        ; 0                     ; Untyped                   ;
; C7_LOW                        ; 0                     ; Untyped                   ;
; C8_LOW                        ; 0                     ; Untyped                   ;
; C9_LOW                        ; 0                     ; Untyped                   ;
; C0_INITIAL                    ; 0                     ; Untyped                   ;
; C1_INITIAL                    ; 0                     ; Untyped                   ;
; C2_INITIAL                    ; 0                     ; Untyped                   ;
; C3_INITIAL                    ; 0                     ; Untyped                   ;
; C4_INITIAL                    ; 0                     ; Untyped                   ;
; C5_INITIAL                    ; 0                     ; Untyped                   ;
; C6_INITIAL                    ; 0                     ; Untyped                   ;
; C7_INITIAL                    ; 0                     ; Untyped                   ;
; C8_INITIAL                    ; 0                     ; Untyped                   ;
; C9_INITIAL                    ; 0                     ; Untyped                   ;
; C0_MODE                       ; BYPASS                ; Untyped                   ;
; C1_MODE                       ; BYPASS                ; Untyped                   ;
; C2_MODE                       ; BYPASS                ; Untyped                   ;
; C3_MODE                       ; BYPASS                ; Untyped                   ;
; C4_MODE                       ; BYPASS                ; Untyped                   ;
; C5_MODE                       ; BYPASS                ; Untyped                   ;
; C6_MODE                       ; BYPASS                ; Untyped                   ;
; C7_MODE                       ; BYPASS                ; Untyped                   ;
; C8_MODE                       ; BYPASS                ; Untyped                   ;
; C9_MODE                       ; BYPASS                ; Untyped                   ;
; C0_PH                         ; 0                     ; Untyped                   ;
; C1_PH                         ; 0                     ; Untyped                   ;
; C2_PH                         ; 0                     ; Untyped                   ;
; C3_PH                         ; 0                     ; Untyped                   ;
; C4_PH                         ; 0                     ; Untyped                   ;
; C5_PH                         ; 0                     ; Untyped                   ;
; C6_PH                         ; 0                     ; Untyped                   ;
; C7_PH                         ; 0                     ; Untyped                   ;
; C8_PH                         ; 0                     ; Untyped                   ;
; C9_PH                         ; 0                     ; Untyped                   ;
; L0_HIGH                       ; 1                     ; Untyped                   ;
; L1_HIGH                       ; 1                     ; Untyped                   ;
; G0_HIGH                       ; 1                     ; Untyped                   ;
; G1_HIGH                       ; 1                     ; Untyped                   ;
; G2_HIGH                       ; 1                     ; Untyped                   ;
; G3_HIGH                       ; 1                     ; Untyped                   ;
; E0_HIGH                       ; 1                     ; Untyped                   ;
; E1_HIGH                       ; 1                     ; Untyped                   ;
; E2_HIGH                       ; 1                     ; Untyped                   ;
; E3_HIGH                       ; 1                     ; Untyped                   ;
; L0_LOW                        ; 1                     ; Untyped                   ;
; L1_LOW                        ; 1                     ; Untyped                   ;
; G0_LOW                        ; 1                     ; Untyped                   ;
; G1_LOW                        ; 1                     ; Untyped                   ;
; G2_LOW                        ; 1                     ; Untyped                   ;
; G3_LOW                        ; 1                     ; Untyped                   ;
; E0_LOW                        ; 1                     ; Untyped                   ;
; E1_LOW                        ; 1                     ; Untyped                   ;
; E2_LOW                        ; 1                     ; Untyped                   ;
; E3_LOW                        ; 1                     ; Untyped                   ;
; L0_INITIAL                    ; 1                     ; Untyped                   ;
; L1_INITIAL                    ; 1                     ; Untyped                   ;
; G0_INITIAL                    ; 1                     ; Untyped                   ;
; G1_INITIAL                    ; 1                     ; Untyped                   ;
; G2_INITIAL                    ; 1                     ; Untyped                   ;
; G3_INITIAL                    ; 1                     ; Untyped                   ;
; E0_INITIAL                    ; 1                     ; Untyped                   ;
; E1_INITIAL                    ; 1                     ; Untyped                   ;
; E2_INITIAL                    ; 1                     ; Untyped                   ;
; E3_INITIAL                    ; 1                     ; Untyped                   ;
; L0_MODE                       ; BYPASS                ; Untyped                   ;
; L1_MODE                       ; BYPASS                ; Untyped                   ;
; G0_MODE                       ; BYPASS                ; Untyped                   ;
; G1_MODE                       ; BYPASS                ; Untyped                   ;
; G2_MODE                       ; BYPASS                ; Untyped                   ;
; G3_MODE                       ; BYPASS                ; Untyped                   ;
; E0_MODE                       ; BYPASS                ; Untyped                   ;
; E1_MODE                       ; BYPASS                ; Untyped                   ;
; E2_MODE                       ; BYPASS                ; Untyped                   ;
; E3_MODE                       ; BYPASS                ; Untyped                   ;
; L0_PH                         ; 0                     ; Untyped                   ;
; L1_PH                         ; 0                     ; Untyped                   ;
; G0_PH                         ; 0                     ; Untyped                   ;
; G1_PH                         ; 0                     ; Untyped                   ;
; G2_PH                         ; 0                     ; Untyped                   ;
; G3_PH                         ; 0                     ; Untyped                   ;
; E0_PH                         ; 0                     ; Untyped                   ;
; E1_PH                         ; 0                     ; Untyped                   ;
; E2_PH                         ; 0                     ; Untyped                   ;
; E3_PH                         ; 0                     ; Untyped                   ;
; M_PH                          ; 0                     ; Untyped                   ;
; C1_USE_CASC_IN                ; OFF                   ; Untyped                   ;
; C2_USE_CASC_IN                ; OFF                   ; Untyped                   ;
; C3_USE_CASC_IN                ; OFF                   ; Untyped                   ;
; C4_USE_CASC_IN                ; OFF                   ; Untyped                   ;
; C5_USE_CASC_IN                ; OFF                   ; Untyped                   ;
; C6_USE_CASC_IN                ; OFF                   ; Untyped                   ;
; C7_USE_CASC_IN                ; OFF                   ; Untyped                   ;
; C8_USE_CASC_IN                ; OFF                   ; Untyped                   ;
; C9_USE_CASC_IN                ; OFF                   ; Untyped                   ;
; CLK0_COUNTER                  ; G0                    ; Untyped                   ;
; CLK1_COUNTER                  ; G0                    ; Untyped                   ;
; CLK2_COUNTER                  ; G0                    ; Untyped                   ;
; CLK3_COUNTER                  ; G0                    ; Untyped                   ;
; CLK4_COUNTER                  ; G0                    ; Untyped                   ;
; CLK5_COUNTER                  ; G0                    ; Untyped                   ;
; CLK6_COUNTER                  ; E0                    ; Untyped                   ;
; CLK7_COUNTER                  ; E1                    ; Untyped                   ;
; CLK8_COUNTER                  ; E2                    ; Untyped                   ;
; CLK9_COUNTER                  ; E3                    ; Untyped                   ;
; L0_TIME_DELAY                 ; 0                     ; Untyped                   ;
; L1_TIME_DELAY                 ; 0                     ; Untyped                   ;
; G0_TIME_DELAY                 ; 0                     ; Untyped                   ;
; G1_TIME_DELAY                 ; 0                     ; Untyped                   ;
; G2_TIME_DELAY                 ; 0                     ; Untyped                   ;
; G3_TIME_DELAY                 ; 0                     ; Untyped                   ;
; E0_TIME_DELAY                 ; 0                     ; Untyped                   ;
; E1_TIME_DELAY                 ; 0                     ; Untyped                   ;
; E2_TIME_DELAY                 ; 0                     ; Untyped                   ;
; E3_TIME_DELAY                 ; 0                     ; Untyped                   ;
; M_TIME_DELAY                  ; 0                     ; Untyped                   ;
; N_TIME_DELAY                  ; 0                     ; Untyped                   ;
; EXTCLK3_COUNTER               ; E3                    ; Untyped                   ;
; EXTCLK2_COUNTER               ; E2                    ; Untyped                   ;
; EXTCLK1_COUNTER               ; E1                    ; Untyped                   ;
; EXTCLK0_COUNTER               ; E0                    ; Untyped                   ;
; ENABLE0_COUNTER               ; L0                    ; Untyped                   ;
; ENABLE1_COUNTER               ; L0                    ; Untyped                   ;
; CHARGE_PUMP_CURRENT           ; 2                     ; Untyped                   ;
; LOOP_FILTER_R                 ;  1.000000             ; Untyped                   ;
; LOOP_FILTER_C                 ; 5                     ; Untyped                   ;
; CHARGE_PUMP_CURRENT_BITS      ; 9999                  ; Untyped                   ;
; LOOP_FILTER_R_BITS            ; 9999                  ; Untyped                   ;
; LOOP_FILTER_C_BITS            ; 9999                  ; Untyped                   ;
; VCO_POST_SCALE                ; 0                     ; Untyped                   ;
; CLK2_OUTPUT_FREQUENCY         ; 0                     ; Untyped                   ;
; CLK1_OUTPUT_FREQUENCY         ; 0                     ; Untyped                   ;
; CLK0_OUTPUT_FREQUENCY         ; 0                     ; Untyped                   ;
; INTENDED_DEVICE_FAMILY        ; MAX 10                ; Untyped                   ;
; PORT_CLKENA0                  ; PORT_UNUSED           ; Untyped                   ;
; PORT_CLKENA1                  ; PORT_UNUSED           ; Untyped                   ;
; PORT_CLKENA2                  ; PORT_UNUSED           ; Untyped                   ;
; PORT_CLKENA3                  ; PORT_UNUSED           ; Untyped                   ;
; PORT_CLKENA4                  ; PORT_UNUSED           ; Untyped                   ;
; PORT_CLKENA5                  ; PORT_UNUSED           ; Untyped                   ;
; PORT_EXTCLKENA0               ; PORT_CONNECTIVITY     ; Untyped                   ;
; PORT_EXTCLKENA1               ; PORT_CONNECTIVITY     ; Untyped                   ;
; PORT_EXTCLKENA2               ; PORT_CONNECTIVITY     ; Untyped                   ;
; PORT_EXTCLKENA3               ; PORT_CONNECTIVITY     ; Untyped                   ;
; PORT_EXTCLK0                  ; PORT_UNUSED           ; Untyped                   ;
; PORT_EXTCLK1                  ; PORT_UNUSED           ; Untyped                   ;
; PORT_EXTCLK2                  ; PORT_UNUSED           ; Untyped                   ;
; PORT_EXTCLK3                  ; PORT_UNUSED           ; Untyped                   ;
; PORT_CLKBAD0                  ; PORT_UNUSED           ; Untyped                   ;
; PORT_CLKBAD1                  ; PORT_UNUSED           ; Untyped                   ;
; PORT_CLK0                     ; PORT_USED             ; Untyped                   ;
; PORT_CLK1                     ; PORT_UNUSED           ; Untyped                   ;
; PORT_CLK2                     ; PORT_UNUSED           ; Untyped                   ;
; PORT_CLK3                     ; PORT_UNUSED           ; Untyped                   ;
; PORT_CLK4                     ; PORT_UNUSED           ; Untyped                   ;
; PORT_CLK5                     ; PORT_UNUSED           ; Untyped                   ;
; PORT_CLK6                     ; PORT_UNUSED           ; Untyped                   ;
; PORT_CLK7                     ; PORT_UNUSED           ; Untyped                   ;
; PORT_CLK8                     ; PORT_UNUSED           ; Untyped                   ;
; PORT_CLK9                     ; PORT_UNUSED           ; Untyped                   ;
; PORT_SCANDATA                 ; PORT_UNUSED           ; Untyped                   ;
; PORT_SCANDATAOUT              ; PORT_UNUSED           ; Untyped                   ;
; PORT_SCANDONE                 ; PORT_UNUSED           ; Untyped                   ;
; PORT_SCLKOUT1                 ; PORT_CONNECTIVITY     ; Untyped                   ;
; PORT_SCLKOUT0                 ; PORT_CONNECTIVITY     ; Untyped                   ;
; PORT_ACTIVECLOCK              ; PORT_UNUSED           ; Untyped                   ;
; PORT_CLKLOSS                  ; PORT_UNUSED           ; Untyped                   ;
; PORT_INCLK1                   ; PORT_UNUSED           ; Untyped                   ;
; PORT_INCLK0                   ; PORT_USED             ; Untyped                   ;
; PORT_FBIN                     ; PORT_UNUSED           ; Untyped                   ;
; PORT_PLLENA                   ; PORT_UNUSED           ; Untyped                   ;
; PORT_CLKSWITCH                ; PORT_UNUSED           ; Untyped                   ;
; PORT_ARESET                   ; PORT_UNUSED           ; Untyped                   ;
; PORT_PFDENA                   ; PORT_UNUSED           ; Untyped                   ;
; PORT_SCANCLK                  ; PORT_UNUSED           ; Untyped                   ;
; PORT_SCANACLR                 ; PORT_UNUSED           ; Untyped                   ;
; PORT_SCANREAD                 ; PORT_UNUSED           ; Untyped                   ;
; PORT_SCANWRITE                ; PORT_UNUSED           ; Untyped                   ;
; PORT_ENABLE0                  ; PORT_CONNECTIVITY     ; Untyped                   ;
; PORT_ENABLE1                  ; PORT_CONNECTIVITY     ; Untyped                   ;
; PORT_LOCKED                   ; PORT_UNUSED           ; Untyped                   ;
; PORT_CONFIGUPDATE             ; PORT_UNUSED           ; Untyped                   ;
; PORT_FBOUT                    ; PORT_CONNECTIVITY     ; Untyped                   ;
; PORT_PHASEDONE                ; PORT_UNUSED           ; Untyped                   ;
; PORT_PHASESTEP                ; PORT_UNUSED           ; Untyped                   ;
; PORT_PHASEUPDOWN              ; PORT_UNUSED           ; Untyped                   ;
; PORT_SCANCLKENA               ; PORT_UNUSED           ; Untyped                   ;
; PORT_PHASECOUNTERSELECT       ; PORT_UNUSED           ; Untyped                   ;
; PORT_VCOOVERRANGE             ; PORT_CONNECTIVITY     ; Untyped                   ;
; PORT_VCOUNDERRANGE            ; PORT_CONNECTIVITY     ; Untyped                   ;
; M_TEST_SOURCE                 ; 5                     ; Untyped                   ;
; C0_TEST_SOURCE                ; 5                     ; Untyped                   ;
; C1_TEST_SOURCE                ; 5                     ; Untyped                   ;
; C2_TEST_SOURCE                ; 5                     ; Untyped                   ;
; C3_TEST_SOURCE                ; 5                     ; Untyped                   ;
; C4_TEST_SOURCE                ; 5                     ; Untyped                   ;
; C5_TEST_SOURCE                ; 5                     ; Untyped                   ;
; C6_TEST_SOURCE                ; 5                     ; Untyped                   ;
; C7_TEST_SOURCE                ; 5                     ; Untyped                   ;
; C8_TEST_SOURCE                ; 5                     ; Untyped                   ;
; C9_TEST_SOURCE                ; 5                     ; Untyped                   ;
; CBXI_PARAMETER                ; clk_altpll            ; Untyped                   ;
; VCO_FREQUENCY_CONTROL         ; AUTO                  ; Untyped                   ;
; VCO_PHASE_SHIFT_STEP          ; 0                     ; Untyped                   ;
; WIDTH_CLOCK                   ; 5                     ; Signed Integer            ;
; WIDTH_PHASECOUNTERSELECT      ; 4                     ; Untyped                   ;
; USING_FBMIMICBIDIR_PORT       ; OFF                   ; Untyped                   ;
; DEVICE_FAMILY                 ; MAX 10                ; Untyped                   ;
; SCAN_CHAIN_MIF_FILE           ; UNUSED                ; Untyped                   ;
; SIM_GATE_LOCK_DEVICE_BEHAVIOR ; OFF                   ; Untyped                   ;
; AUTO_CARRY_CHAINS             ; ON                    ; AUTO_CARRY                ;
; IGNORE_CARRY_BUFFERS          ; OFF                   ; IGNORE_CARRY              ;
; AUTO_CASCADE_CHAINS           ; ON                    ; AUTO_CASCADE              ;
; IGNORE_CASCADE_BUFFERS        ; OFF                   ; IGNORE_CASCADE            ;
+-------------------------------+-----------------------+---------------------------+
Note: In order to hide this table in the UI and the text report file, please set the "Show Parameter Settings in Synthesis Report" option in "Analysis and Synthesis Settings -> More Settings" to "Off".


+----------------------------------------------------------------------+
; altpll Parameter Settings by Entity Instance                         ;
+-------------------------------+--------------------------------------+
; Name                          ; Value                                ;
+-------------------------------+--------------------------------------+
; Number of entity instances    ; 1                                    ;
; Entity Instance               ; clk:clk_inst|altpll:altpll_component ;
;     -- OPERATION_MODE         ; NORMAL                               ;
;     -- PLL_TYPE               ; AUTO                                 ;
;     -- PRIMARY_CLOCK          ; INCLK0                               ;
;     -- INCLK0_INPUT_FREQUENCY ; 100000                               ;
;     -- INCLK1_INPUT_FREQUENCY ; 0                                    ;
;     -- VCO_MULTIPLY_BY        ; 0                                    ;
;     -- VCO_DIVIDE_BY          ; 0                                    ;
+-------------------------------+--------------------------------------+


+---------------------------------------------------------------------+
; Port Connectivity Checks: "rtc:rtc_inst|bin_to_bcd:bin_to_bcd_year" ;
+------------+-------+----------+-------------------------------------+
; Port       ; Type  ; Severity ; Details                             ;
+------------+-------+----------+-------------------------------------+
; num_signal ; Input ; Info     ; Stuck at GND                        ;
+------------+-------+----------+-------------------------------------+


+--------------------------------------------------------------------------------------------------------------------------+
; Port Connectivity Checks: "rtc:rtc_inst|bin_to_bcd:bin_to_bcd_month"                                                     ;
+----------------+--------+----------+-------------------------------------------------------------------------------------+
; Port           ; Type   ; Severity ; Details                                                                             ;
+----------------+--------+----------+-------------------------------------------------------------------------------------+
; num_bin[15..8] ; Input  ; Info     ; Stuck at GND                                                                        ;
; num_signal     ; Input  ; Info     ; Stuck at GND                                                                        ;
; num_bcd[15..8] ; Output ; Info     ; Connected to dangling logic. Logic that only feeds a dangling port will be removed. ;
+----------------+--------+----------+-------------------------------------------------------------------------------------+


+--------------------------------------------------------------------------------------------------------------------------+
; Port Connectivity Checks: "rtc:rtc_inst|bin_to_bcd:bin_to_bcd_day"                                                       ;
+----------------+--------+----------+-------------------------------------------------------------------------------------+
; Port           ; Type   ; Severity ; Details                                                                             ;
+----------------+--------+----------+-------------------------------------------------------------------------------------+
; num_bin[15..8] ; Input  ; Info     ; Stuck at GND                                                                        ;
; num_signal     ; Input  ; Info     ; Stuck at GND                                                                        ;
; num_bcd[15..8] ; Output ; Info     ; Connected to dangling logic. Logic that only feeds a dangling port will be removed. ;
+----------------+--------+----------+-------------------------------------------------------------------------------------+


+--------------------------------------------------------------------------------------------------------------------------+
; Port Connectivity Checks: "rtc:rtc_inst|bin_to_bcd:bin_to_bcd_hour"                                                      ;
+----------------+--------+----------+-------------------------------------------------------------------------------------+
; Port           ; Type   ; Severity ; Details                                                                             ;
+----------------+--------+----------+-------------------------------------------------------------------------------------+
; num_bin[15..8] ; Input  ; Info     ; Stuck at GND                                                                        ;
; num_signal     ; Input  ; Info     ; Stuck at GND                                                                        ;
; num_bcd[15..8] ; Output ; Info     ; Connected to dangling logic. Logic that only feeds a dangling port will be removed. ;
+----------------+--------+----------+-------------------------------------------------------------------------------------+


+--------------------------------------------------------------------------------------------------------------------------+
; Port Connectivity Checks: "rtc:rtc_inst|bin_to_bcd:bin_to_bcd_min"                                                       ;
+----------------+--------+----------+-------------------------------------------------------------------------------------+
; Port           ; Type   ; Severity ; Details                                                                             ;
+----------------+--------+----------+-------------------------------------------------------------------------------------+
; num_bin[15..8] ; Input  ; Info     ; Stuck at GND                                                                        ;
; num_signal     ; Input  ; Info     ; Stuck at GND                                                                        ;
; num_bcd[15..8] ; Output ; Info     ; Connected to dangling logic. Logic that only feeds a dangling port will be removed. ;
+----------------+--------+----------+-------------------------------------------------------------------------------------+


+--------------------------------------------------------------------------------------------------------------------------+
; Port Connectivity Checks: "rtc:rtc_inst|bin_to_bcd:bin_to_bcd_sec"                                                       ;
+----------------+--------+----------+-------------------------------------------------------------------------------------+
; Port           ; Type   ; Severity ; Details                                                                             ;
+----------------+--------+----------+-------------------------------------------------------------------------------------+
; num_bin[15..8] ; Input  ; Info     ; Stuck at GND                                                                        ;
; num_signal     ; Input  ; Info     ; Stuck at GND                                                                        ;
; num_bcd[15..8] ; Output ; Info     ; Connected to dangling logic. Logic that only feeds a dangling port will be removed. ;
+----------------+--------+----------+-------------------------------------------------------------------------------------+


+---------------------------------------------------------------------------+
; Port Connectivity Checks: "rtc:rtc_inst|divisor_clock:divisor_clock_inst" ;
+------+-------+----------+-------------------------------------------------+
; Port ; Type  ; Severity ; Details                                         ;
+------+-------+----------+-------------------------------------------------+
; ena  ; Input ; Info     ; Stuck at VCC                                    ;
+------+-------+----------+-------------------------------------------------+


+-----------------------------------------------------------------------------------------------------------------+
; Port Connectivity Checks: "rtc:rtc_inst"                                                                        ;
+-------+--------+----------+-------------------------------------------------------------------------------------+
; Port  ; Type   ; Severity ; Details                                                                             ;
+-------+--------+----------+-------------------------------------------------------------------------------------+
; sec   ; Output ; Info     ; Connected to dangling logic. Logic that only feeds a dangling port will be removed. ;
; min   ; Output ; Info     ; Connected to dangling logic. Logic that only feeds a dangling port will be removed. ;
; hour  ; Output ; Info     ; Connected to dangling logic. Logic that only feeds a dangling port will be removed. ;
; day   ; Output ; Info     ; Connected to dangling logic. Logic that only feeds a dangling port will be removed. ;
; month ; Output ; Info     ; Connected to dangling logic. Logic that only feeds a dangling port will be removed. ;
; year  ; Output ; Info     ; Connected to dangling logic. Logic that only feeds a dangling port will be removed. ;
+-------+--------+----------+-------------------------------------------------------------------------------------+


+-----------------------------------------------------+
; Post-Synthesis Netlist Statistics for Top Partition ;
+-----------------------+-----------------------------+
; Type                  ; Count                       ;
+-----------------------+-----------------------------+
; boundary_port         ; 149                         ;
; cycloneiii_ff         ; 40                          ;
;     CLR               ; 8                           ;
;     ENA CLR           ; 16                          ;
;     plain             ; 16                          ;
; cycloneiii_io_obuf    ; 35                          ;
; cycloneiii_lcell_comb ; 195                         ;
;     arith             ; 35                          ;
;         2 data inputs ; 35                          ;
;     normal            ; 160                         ;
;         0 data inputs ; 2                           ;
;         1 data inputs ; 10                          ;
;         2 data inputs ; 6                           ;
;         3 data inputs ; 23                          ;
;         4 data inputs ; 119                         ;
; cycloneiii_pll        ; 1                           ;
;                       ;                             ;
; Max LUT depth         ; 8.00                        ;
; Average LUT depth     ; 4.50                        ;
+-----------------------+-----------------------------+


+-------------------------------+
; Elapsed Time Per Partition    ;
+----------------+--------------+
; Partition Name ; Elapsed Time ;
+----------------+--------------+
; Top            ; 00:00:02     ;
+----------------+--------------+


+-------------------------------+
; Analysis & Synthesis Messages ;
+-------------------------------+
Info: *******************************************************************
Info: Running Quartus Prime Analysis & Synthesis
    Info: Version 24.1std.0 Build 1077 03/04/2025 SC Lite Edition
    Info: Processing started: Wed Jul 23 08:23:26 2025
Info: Command: quartus_map --read_settings_files=on --write_settings_files=off de10_lite -c de10_lite
Warning (125092): Tcl Script File pll.qip not found
    Info (125063): set_global_assignment -name QIP_FILE pll.qip
Warning (18236): Number of processors has not been specified which may cause overloading on shared machines.  Set the global assignment NUM_PARALLEL_PROCESSORS in your QSF to an appropriate value for best performance.
Info (20030): Parallel compilation is enabled and will use 4 of the 4 processors detected
Info (12021): Found 2 design units, including 1 entities, in source file divisor_clock.vhd
    Info (12022): Found design unit 1: divisor_clock-rtl File: C:/Users/User/Downloads/ProjetoFinal_sintese/divisor_clock.vhd Line: 20
    Info (12023): Found entity 1: divisor_clock File: C:/Users/User/Downloads/ProjetoFinal_sintese/divisor_clock.vhd Line: 14
Info (12021): Found 2 design units, including 1 entities, in source file rtc.vhd
    Info (12022): Found design unit 1: rtc-Behavioral File: C:/Users/User/Downloads/ProjetoFinal_sintese/rtc.vhd Line: 34
    Info (12023): Found entity 1: rtc File: C:/Users/User/Downloads/ProjetoFinal_sintese/rtc.vhd Line: 15
Info (12021): Found 2 design units, including 1 entities, in source file bin_to_bcd.vhd
    Info (12022): Found design unit 1: bin_to_bcd-rlt File: C:/Users/User/Downloads/ProjetoFinal_sintese/bin_to_bcd.vhd Line: 14
    Info (12023): Found entity 1: bin_to_bcd File: C:/Users/User/Downloads/ProjetoFinal_sintese/bin_to_bcd.vhd Line: 7
Warning (12019): Can't analyze file -- file ../shifter.vhd is missing
Warning (12019): Can't analyze file -- file ../seven_segment_cntrl.vhd is missing
Warning (12019): Can't analyze file -- file ../reg16.vhd is missing
Warning (12019): Can't analyze file -- file ../mux_sel.vhd is missing
Warning (12019): Can't analyze file -- file ../mult_control.vhd is missing
Warning (12019): Can't analyze file -- file ../mult8x8.vhd is missing
Warning (12019): Can't analyze file -- file ../mult.vhd is missing
Warning (12019): Can't analyze file -- file ../counter.vhd is missing
Warning (12019): Can't analyze file -- file ../adder.vhd is missing
Info (12021): Found 2 design units, including 1 entities, in source file de10_lite.vhd
    Info (12022): Found design unit 1: de10_lite-rtl File: C:/Users/User/Downloads/ProjetoFinal_sintese/de10_lite.vhd Line: 60
    Info (12023): Found entity 1: de10_lite File: C:/Users/User/Downloads/ProjetoFinal_sintese/de10_lite.vhd Line: 11
Info (12021): Found 2 design units, including 1 entities, in source file clk.vhd
    Info (12022): Found design unit 1: clk-SYN File: C:/Users/User/Downloads/ProjetoFinal_sintese/clk.vhd Line: 52
    Info (12023): Found entity 1: clk File: C:/Users/User/Downloads/ProjetoFinal_sintese/clk.vhd Line: 43
Info (12127): Elaborating entity "de10_lite" for the top level hierarchy
Warning (10541): VHDL Signal Declaration warning at de10_lite.vhd(18): used implicit default value for signal "DRAM_ADDR" because signal was never assigned a value or an explicit default value. Use of implicit default value may introduce unintended design optimizations. File: C:/Users/User/Downloads/ProjetoFinal_sintese/de10_lite.vhd Line: 18
Warning (10541): VHDL Signal Declaration warning at de10_lite.vhd(19): used implicit default value for signal "DRAM_BA" because signal was never assigned a value or an explicit default value. Use of implicit default value may introduce unintended design optimizations. File: C:/Users/User/Downloads/ProjetoFinal_sintese/de10_lite.vhd Line: 19
Warning (10541): VHDL Signal Declaration warning at de10_lite.vhd(20): used implicit default value for signal "DRAM_CAS_N" because signal was never assigned a value or an explicit default value. Use of implicit default value may introduce unintended design optimizations. File: C:/Users/User/Downloads/ProjetoFinal_sintese/de10_lite.vhd Line: 20
Warning (10541): VHDL Signal Declaration warning at de10_lite.vhd(21): used implicit default value for signal "DRAM_CKE" because signal was never assigned a value or an explicit default value. Use of implicit default value may introduce unintended design optimizations. File: C:/Users/User/Downloads/ProjetoFinal_sintese/de10_lite.vhd Line: 21
Warning (10541): VHDL Signal Declaration warning at de10_lite.vhd(22): used implicit default value for signal "DRAM_CLK" because signal was never assigned a value or an explicit default value. Use of implicit default value may introduce unintended design optimizations. File: C:/Users/User/Downloads/ProjetoFinal_sintese/de10_lite.vhd Line: 22
Warning (10541): VHDL Signal Declaration warning at de10_lite.vhd(23): used implicit default value for signal "DRAM_CS_N" because signal was never assigned a value or an explicit default value. Use of implicit default value may introduce unintended design optimizations. File: C:/Users/User/Downloads/ProjetoFinal_sintese/de10_lite.vhd Line: 23
Warning (10541): VHDL Signal Declaration warning at de10_lite.vhd(25): used implicit default value for signal "DRAM_LDQM" because signal was never assigned a value or an explicit default value. Use of implicit default value may introduce unintended design optimizations. File: C:/Users/User/Downloads/ProjetoFinal_sintese/de10_lite.vhd Line: 25
Warning (10541): VHDL Signal Declaration warning at de10_lite.vhd(26): used implicit default value for signal "DRAM_RAS_N" because signal was never assigned a value or an explicit default value. Use of implicit default value may introduce unintended design optimizations. File: C:/Users/User/Downloads/ProjetoFinal_sintese/de10_lite.vhd Line: 26
Warning (10541): VHDL Signal Declaration warning at de10_lite.vhd(27): used implicit default value for signal "DRAM_UDQM" because signal was never assigned a value or an explicit default value. Use of implicit default value may introduce unintended design optimizations. File: C:/Users/User/Downloads/ProjetoFinal_sintese/de10_lite.vhd Line: 27
Warning (10541): VHDL Signal Declaration warning at de10_lite.vhd(28): used implicit default value for signal "DRAM_WE_N" because signal was never assigned a value or an explicit default value. Use of implicit default value may introduce unintended design optimizations. File: C:/Users/User/Downloads/ProjetoFinal_sintese/de10_lite.vhd Line: 28
Warning (10541): VHDL Signal Declaration warning at de10_lite.vhd(43): used implicit default value for signal "VGA_B" because signal was never assigned a value or an explicit default value. Use of implicit default value may introduce unintended design optimizations. File: C:/Users/User/Downloads/ProjetoFinal_sintese/de10_lite.vhd Line: 43
Warning (10541): VHDL Signal Declaration warning at de10_lite.vhd(44): used implicit default value for signal "VGA_G" because signal was never assigned a value or an explicit default value. Use of implicit default value may introduce unintended design optimizations. File: C:/Users/User/Downloads/ProjetoFinal_sintese/de10_lite.vhd Line: 44
Warning (10541): VHDL Signal Declaration warning at de10_lite.vhd(45): used implicit default value for signal "VGA_HS" because signal was never assigned a value or an explicit default value. Use of implicit default value may introduce unintended design optimizations. File: C:/Users/User/Downloads/ProjetoFinal_sintese/de10_lite.vhd Line: 45
Warning (10541): VHDL Signal Declaration warning at de10_lite.vhd(46): used implicit default value for signal "VGA_R" because signal was never assigned a value or an explicit default value. Use of implicit default value may introduce unintended design optimizations. File: C:/Users/User/Downloads/ProjetoFinal_sintese/de10_lite.vhd Line: 46
Warning (10541): VHDL Signal Declaration warning at de10_lite.vhd(47): used implicit default value for signal "VGA_VS" because signal was never assigned a value or an explicit default value. Use of implicit default value may introduce unintended design optimizations. File: C:/Users/User/Downloads/ProjetoFinal_sintese/de10_lite.vhd Line: 47
Warning (10541): VHDL Signal Declaration warning at de10_lite.vhd(49): used implicit default value for signal "GSENSOR_CS_N" because signal was never assigned a value or an explicit default value. Use of implicit default value may introduce unintended design optimizations. File: C:/Users/User/Downloads/ProjetoFinal_sintese/de10_lite.vhd Line: 49
Warning (10541): VHDL Signal Declaration warning at de10_lite.vhd(51): used implicit default value for signal "GSENSOR_SCLK" because signal was never assigned a value or an explicit default value. Use of implicit default value may introduce unintended design optimizations. File: C:/Users/User/Downloads/ProjetoFinal_sintese/de10_lite.vhd Line: 51
Warning (10036): Verilog HDL or VHDL warning at de10_lite.vhd(73): object "sec" assigned a value but never read File: C:/Users/User/Downloads/ProjetoFinal_sintese/de10_lite.vhd Line: 73
Warning (10036): Verilog HDL or VHDL warning at de10_lite.vhd(74): object "min" assigned a value but never read File: C:/Users/User/Downloads/ProjetoFinal_sintese/de10_lite.vhd Line: 74
Warning (10036): Verilog HDL or VHDL warning at de10_lite.vhd(75): object "hour" assigned a value but never read File: C:/Users/User/Downloads/ProjetoFinal_sintese/de10_lite.vhd Line: 75
Warning (10873): Using initial value X (don't care) for net "LEDR[1]" at de10_lite.vhd(39) File: C:/Users/User/Downloads/ProjetoFinal_sintese/de10_lite.vhd Line: 39
Info (12128): Elaborating entity "clk" for hierarchy "clk:clk_inst" File: C:/Users/User/Downloads/ProjetoFinal_sintese/de10_lite.vhd Line: 80
Info (12128): Elaborating entity "altpll" for hierarchy "clk:clk_inst|altpll:altpll_component" File: C:/Users/User/Downloads/ProjetoFinal_sintese/clk.vhd Line: 134
Info (12130): Elaborated megafunction instantiation "clk:clk_inst|altpll:altpll_component" File: C:/Users/User/Downloads/ProjetoFinal_sintese/clk.vhd Line: 134
Info (12133): Instantiated megafunction "clk:clk_inst|altpll:altpll_component" with the following parameter: File: C:/Users/User/Downloads/ProjetoFinal_sintese/clk.vhd Line: 134
    Info (12134): Parameter "bandwidth_type" = "AUTO"
    Info (12134): Parameter "clk0_divide_by" = "305"
    Info (12134): Parameter "clk0_duty_cycle" = "50"
    Info (12134): Parameter "clk0_multiply_by" = "1"
    Info (12134): Parameter "clk0_phase_shift" = "0"
    Info (12134): Parameter "compensate_clock" = "CLK0"
    Info (12134): Parameter "inclk0_input_frequency" = "100000"
    Info (12134): Parameter "intended_device_family" = "MAX 10"
    Info (12134): Parameter "lpm_hint" = "CBX_MODULE_PREFIX=clk"
    Info (12134): Parameter "lpm_type" = "altpll"
    Info (12134): Parameter "operation_mode" = "NORMAL"
    Info (12134): Parameter "pll_type" = "AUTO"
    Info (12134): Parameter "port_activeclock" = "PORT_UNUSED"
    Info (12134): Parameter "port_areset" = "PORT_UNUSED"
    Info (12134): Parameter "port_clkbad0" = "PORT_UNUSED"
    Info (12134): Parameter "port_clkbad1" = "PORT_UNUSED"
    Info (12134): Parameter "port_clkloss" = "PORT_UNUSED"
    Info (12134): Parameter "port_clkswitch" = "PORT_UNUSED"
    Info (12134): Parameter "port_configupdate" = "PORT_UNUSED"
    Info (12134): Parameter "port_fbin" = "PORT_UNUSED"
    Info (12134): Parameter "port_inclk0" = "PORT_USED"
    Info (12134): Parameter "port_inclk1" = "PORT_UNUSED"
    Info (12134): Parameter "port_locked" = "PORT_UNUSED"
    Info (12134): Parameter "port_pfdena" = "PORT_UNUSED"
    Info (12134): Parameter "port_phasecounterselect" = "PORT_UNUSED"
    Info (12134): Parameter "port_phasedone" = "PORT_UNUSED"
    Info (12134): Parameter "port_phasestep" = "PORT_UNUSED"
    Info (12134): Parameter "port_phaseupdown" = "PORT_UNUSED"
    Info (12134): Parameter "port_pllena" = "PORT_UNUSED"
    Info (12134): Parameter "port_scanaclr" = "PORT_UNUSED"
    Info (12134): Parameter "port_scanclk" = "PORT_UNUSED"
    Info (12134): Parameter "port_scanclkena" = "PORT_UNUSED"
    Info (12134): Parameter "port_scandata" = "PORT_UNUSED"
    Info (12134): Parameter "port_scandataout" = "PORT_UNUSED"
    Info (12134): Parameter "port_scandone" = "PORT_UNUSED"
    Info (12134): Parameter "port_scanread" = "PORT_UNUSED"
    Info (12134): Parameter "port_scanwrite" = "PORT_UNUSED"
    Info (12134): Parameter "port_clk0" = "PORT_USED"
    Info (12134): Parameter "port_clk1" = "PORT_UNUSED"
    Info (12134): Parameter "port_clk2" = "PORT_UNUSED"
    Info (12134): Parameter "port_clk3" = "PORT_UNUSED"
    Info (12134): Parameter "port_clk4" = "PORT_UNUSED"
    Info (12134): Parameter "port_clk5" = "PORT_UNUSED"
    Info (12134): Parameter "port_clkena0" = "PORT_UNUSED"
    Info (12134): Parameter "port_clkena1" = "PORT_UNUSED"
    Info (12134): Parameter "port_clkena2" = "PORT_UNUSED"
    Info (12134): Parameter "port_clkena3" = "PORT_UNUSED"
    Info (12134): Parameter "port_clkena4" = "PORT_UNUSED"
    Info (12134): Parameter "port_clkena5" = "PORT_UNUSED"
    Info (12134): Parameter "port_extclk0" = "PORT_UNUSED"
    Info (12134): Parameter "port_extclk1" = "PORT_UNUSED"
    Info (12134): Parameter "port_extclk2" = "PORT_UNUSED"
    Info (12134): Parameter "port_extclk3" = "PORT_UNUSED"
    Info (12134): Parameter "width_clock" = "5"
Info (12021): Found 1 design units, including 1 entities, in source file db/clk_altpll.v
    Info (12023): Found entity 1: clk_altpll File: C:/Users/User/Downloads/ProjetoFinal_sintese/db/clk_altpll.v Line: 30
Info (12128): Elaborating entity "clk_altpll" for hierarchy "clk:clk_inst|altpll:altpll_component|clk_altpll:auto_generated" File: c:/intelfpga_lite/24.1std/quartus/libraries/megafunctions/altpll.tdf Line: 898
Info (12128): Elaborating entity "rtc" for hierarchy "rtc:rtc_inst" File: C:/Users/User/Downloads/ProjetoFinal_sintese/de10_lite.vhd Line: 96
Warning (10540): VHDL Signal Declaration warning at rtc.vhd(69): used explicit default value for signal "dummy_sign" because signal was never assigned a value File: C:/Users/User/Downloads/ProjetoFinal_sintese/rtc.vhd Line: 69
Info (12128): Elaborating entity "divisor_clock" for hierarchy "rtc:rtc_inst|divisor_clock:divisor_clock_inst" File: C:/Users/User/Downloads/ProjetoFinal_sintese/rtc.vhd Line: 78
Info (12128): Elaborating entity "bin_to_bcd" for hierarchy "rtc:rtc_inst|bin_to_bcd:bin_to_bcd_sec" File: C:/Users/User/Downloads/ProjetoFinal_sintese/rtc.vhd Line: 149
Warning (13039): The following bidirectional pins have no drivers
    Warning (13040): bidirectional pin "DRAM_DQ[0]" has no driver File: C:/Users/User/Downloads/ProjetoFinal_sintese/de10_lite.vhd Line: 24
    Warning (13040): bidirectional pin "DRAM_DQ[1]" has no driver File: C:/Users/User/Downloads/ProjetoFinal_sintese/de10_lite.vhd Line: 24
    Warning (13040): bidirectional pin "DRAM_DQ[2]" has no driver File: C:/Users/User/Downloads/ProjetoFinal_sintese/de10_lite.vhd Line: 24
    Warning (13040): bidirectional pin "DRAM_DQ[3]" has no driver File: C:/Users/User/Downloads/ProjetoFinal_sintese/de10_lite.vhd Line: 24
    Warning (13040): bidirectional pin "DRAM_DQ[4]" has no driver File: C:/Users/User/Downloads/ProjetoFinal_sintese/de10_lite.vhd Line: 24
    Warning (13040): bidirectional pin "DRAM_DQ[5]" has no driver File: C:/Users/User/Downloads/ProjetoFinal_sintese/de10_lite.vhd Line: 24
    Warning (13040): bidirectional pin "DRAM_DQ[6]" has no driver File: C:/Users/User/Downloads/ProjetoFinal_sintese/de10_lite.vhd Line: 24
    Warning (13040): bidirectional pin "DRAM_DQ[7]" has no driver File: C:/Users/User/Downloads/ProjetoFinal_sintese/de10_lite.vhd Line: 24
    Warning (13040): bidirectional pin "DRAM_DQ[8]" has no driver File: C:/Users/User/Downloads/ProjetoFinal_sintese/de10_lite.vhd Line: 24
    Warning (13040): bidirectional pin "DRAM_DQ[9]" has no driver File: C:/Users/User/Downloads/ProjetoFinal_sintese/de10_lite.vhd Line: 24
    Warning (13040): bidirectional pin "DRAM_DQ[10]" has no driver File: C:/Users/User/Downloads/ProjetoFinal_sintese/de10_lite.vhd Line: 24
    Warning (13040): bidirectional pin "DRAM_DQ[11]" has no driver File: C:/Users/User/Downloads/ProjetoFinal_sintese/de10_lite.vhd Line: 24
    Warning (13040): bidirectional pin "DRAM_DQ[12]" has no driver File: C:/Users/User/Downloads/ProjetoFinal_sintese/de10_lite.vhd Line: 24
    Warning (13040): bidirectional pin "DRAM_DQ[13]" has no driver File: C:/Users/User/Downloads/ProjetoFinal_sintese/de10_lite.vhd Line: 24
    Warning (13040): bidirectional pin "DRAM_DQ[14]" has no driver File: C:/Users/User/Downloads/ProjetoFinal_sintese/de10_lite.vhd Line: 24
    Warning (13040): bidirectional pin "DRAM_DQ[15]" has no driver File: C:/Users/User/Downloads/ProjetoFinal_sintese/de10_lite.vhd Line: 24
    Warning (13040): bidirectional pin "GSENSOR_SDI" has no driver File: C:/Users/User/Downloads/ProjetoFinal_sintese/de10_lite.vhd Line: 52
    Warning (13040): bidirectional pin "GSENSOR_SDO" has no driver File: C:/Users/User/Downloads/ProjetoFinal_sintese/de10_lite.vhd Line: 53
    Warning (13040): bidirectional pin "ARDUINO_IO[0]" has no driver File: C:/Users/User/Downloads/ProjetoFinal_sintese/de10_lite.vhd Line: 55
    Warning (13040): bidirectional pin "ARDUINO_IO[1]" has no driver File: C:/Users/User/Downloads/ProjetoFinal_sintese/de10_lite.vhd Line: 55
    Warning (13040): bidirectional pin "ARDUINO_IO[2]" has no driver File: C:/Users/User/Downloads/ProjetoFinal_sintese/de10_lite.vhd Line: 55
    Warning (13040): bidirectional pin "ARDUINO_IO[3]" has no driver File: C:/Users/User/Downloads/ProjetoFinal_sintese/de10_lite.vhd Line: 55
    Warning (13040): bidirectional pin "ARDUINO_IO[4]" has no driver File: C:/Users/User/Downloads/ProjetoFinal_sintese/de10_lite.vhd Line: 55
    Warning (13040): bidirectional pin "ARDUINO_IO[5]" has no driver File: C:/Users/User/Downloads/ProjetoFinal_sintese/de10_lite.vhd Line: 55
    Warning (13040): bidirectional pin "ARDUINO_IO[6]" has no driver File: C:/Users/User/Downloads/ProjetoFinal_sintese/de10_lite.vhd Line: 55
    Warning (13040): bidirectional pin "ARDUINO_IO[7]" has no driver File: C:/Users/User/Downloads/ProjetoFinal_sintese/de10_lite.vhd Line: 55
    Warning (13040): bidirectional pin "ARDUINO_IO[8]" has no driver File: C:/Users/User/Downloads/ProjetoFinal_sintese/de10_lite.vhd Line: 55
    Warning (13040): bidirectional pin "ARDUINO_IO[9]" has no driver File: C:/Users/User/Downloads/ProjetoFinal_sintese/de10_lite.vhd Line: 55
    Warning (13040): bidirectional pin "ARDUINO_IO[10]" has no driver File: C:/Users/User/Downloads/ProjetoFinal_sintese/de10_lite.vhd Line: 55
    Warning (13040): bidirectional pin "ARDUINO_IO[11]" has no driver File: C:/Users/User/Downloads/ProjetoFinal_sintese/de10_lite.vhd Line: 55
    Warning (13040): bidirectional pin "ARDUINO_IO[12]" has no driver File: C:/Users/User/Downloads/ProjetoFinal_sintese/de10_lite.vhd Line: 55
    Warning (13040): bidirectional pin "ARDUINO_IO[13]" has no driver File: C:/Users/User/Downloads/ProjetoFinal_sintese/de10_lite.vhd Line: 55
    Warning (13040): bidirectional pin "ARDUINO_IO[14]" has no driver File: C:/Users/User/Downloads/ProjetoFinal_sintese/de10_lite.vhd Line: 55
    Warning (13040): bidirectional pin "ARDUINO_IO[15]" has no driver File: C:/Users/User/Downloads/ProjetoFinal_sintese/de10_lite.vhd Line: 55
    Warning (13040): bidirectional pin "ARDUINO_RESET_N" has no driver File: C:/Users/User/Downloads/ProjetoFinal_sintese/de10_lite.vhd Line: 56
Warning (13024): Output pins are stuck at VCC or GND
    Warning (13410): Pin "DRAM_ADDR[0]" is stuck at GND File: C:/Users/User/Downloads/ProjetoFinal_sintese/de10_lite.vhd Line: 18
    Warning (13410): Pin "DRAM_ADDR[1]" is stuck at GND File: C:/Users/User/Downloads/ProjetoFinal_sintese/de10_lite.vhd Line: 18
    Warning (13410): Pin "DRAM_ADDR[2]" is stuck at GND File: C:/Users/User/Downloads/ProjetoFinal_sintese/de10_lite.vhd Line: 18
    Warning (13410): Pin "DRAM_ADDR[3]" is stuck at GND File: C:/Users/User/Downloads/ProjetoFinal_sintese/de10_lite.vhd Line: 18
    Warning (13410): Pin "DRAM_ADDR[4]" is stuck at GND File: C:/Users/User/Downloads/ProjetoFinal_sintese/de10_lite.vhd Line: 18
    Warning (13410): Pin "DRAM_ADDR[5]" is stuck at GND File: C:/Users/User/Downloads/ProjetoFinal_sintese/de10_lite.vhd Line: 18
    Warning (13410): Pin "DRAM_ADDR[6]" is stuck at GND File: C:/Users/User/Downloads/ProjetoFinal_sintese/de10_lite.vhd Line: 18
    Warning (13410): Pin "DRAM_ADDR[7]" is stuck at GND File: C:/Users/User/Downloads/ProjetoFinal_sintese/de10_lite.vhd Line: 18
    Warning (13410): Pin "DRAM_ADDR[8]" is stuck at GND File: C:/Users/User/Downloads/ProjetoFinal_sintese/de10_lite.vhd Line: 18
    Warning (13410): Pin "DRAM_ADDR[9]" is stuck at GND File: C:/Users/User/Downloads/ProjetoFinal_sintese/de10_lite.vhd Line: 18
    Warning (13410): Pin "DRAM_ADDR[10]" is stuck at GND File: C:/Users/User/Downloads/ProjetoFinal_sintese/de10_lite.vhd Line: 18
    Warning (13410): Pin "DRAM_ADDR[11]" is stuck at GND File: C:/Users/User/Downloads/ProjetoFinal_sintese/de10_lite.vhd Line: 18
    Warning (13410): Pin "DRAM_ADDR[12]" is stuck at GND File: C:/Users/User/Downloads/ProjetoFinal_sintese/de10_lite.vhd Line: 18
    Warning (13410): Pin "DRAM_BA[0]" is stuck at GND File: C:/Users/User/Downloads/ProjetoFinal_sintese/de10_lite.vhd Line: 19
    Warning (13410): Pin "DRAM_BA[1]" is stuck at GND File: C:/Users/User/Downloads/ProjetoFinal_sintese/de10_lite.vhd Line: 19
    Warning (13410): Pin "DRAM_CAS_N" is stuck at GND File: C:/Users/User/Downloads/ProjetoFinal_sintese/de10_lite.vhd Line: 20
    Warning (13410): Pin "DRAM_CKE" is stuck at GND File: C:/Users/User/Downloads/ProjetoFinal_sintese/de10_lite.vhd Line: 21
    Warning (13410): Pin "DRAM_CLK" is stuck at GND File: C:/Users/User/Downloads/ProjetoFinal_sintese/de10_lite.vhd Line: 22
    Warning (13410): Pin "DRAM_CS_N" is stuck at GND File: C:/Users/User/Downloads/ProjetoFinal_sintese/de10_lite.vhd Line: 23
    Warning (13410): Pin "DRAM_LDQM" is stuck at GND File: C:/Users/User/Downloads/ProjetoFinal_sintese/de10_lite.vhd Line: 25
    Warning (13410): Pin "DRAM_RAS_N" is stuck at GND File: C:/Users/User/Downloads/ProjetoFinal_sintese/de10_lite.vhd Line: 26
    Warning (13410): Pin "DRAM_UDQM" is stuck at GND File: C:/Users/User/Downloads/ProjetoFinal_sintese/de10_lite.vhd Line: 27
    Warning (13410): Pin "DRAM_WE_N" is stuck at GND File: C:/Users/User/Downloads/ProjetoFinal_sintese/de10_lite.vhd Line: 28
    Warning (13410): Pin "HEX0[7]" is stuck at VCC File: C:/Users/User/Downloads/ProjetoFinal_sintese/de10_lite.vhd Line: 30
    Warning (13410): Pin "HEX1[7]" is stuck at VCC File: C:/Users/User/Downloads/ProjetoFinal_sintese/de10_lite.vhd Line: 31
    Warning (13410): Pin "HEX2[7]" is stuck at VCC File: C:/Users/User/Downloads/ProjetoFinal_sintese/de10_lite.vhd Line: 32
    Warning (13410): Pin "HEX3[7]" is stuck at VCC File: C:/Users/User/Downloads/ProjetoFinal_sintese/de10_lite.vhd Line: 33
    Warning (13410): Pin "HEX4[7]" is stuck at VCC File: C:/Users/User/Downloads/ProjetoFinal_sintese/de10_lite.vhd Line: 34
    Warning (13410): Pin "HEX5[7]" is stuck at VCC File: C:/Users/User/Downloads/ProjetoFinal_sintese/de10_lite.vhd Line: 35
    Warning (13410): Pin "LEDR[1]" is stuck at GND File: C:/Users/User/Downloads/ProjetoFinal_sintese/de10_lite.vhd Line: 39
    Warning (13410): Pin "LEDR[2]" is stuck at GND File: C:/Users/User/Downloads/ProjetoFinal_sintese/de10_lite.vhd Line: 39
    Warning (13410): Pin "LEDR[3]" is stuck at GND File: C:/Users/User/Downloads/ProjetoFinal_sintese/de10_lite.vhd Line: 39
    Warning (13410): Pin "LEDR[4]" is stuck at GND File: C:/Users/User/Downloads/ProjetoFinal_sintese/de10_lite.vhd Line: 39
    Warning (13410): Pin "LEDR[5]" is stuck at GND File: C:/Users/User/Downloads/ProjetoFinal_sintese/de10_lite.vhd Line: 39
    Warning (13410): Pin "LEDR[6]" is stuck at GND File: C:/Users/User/Downloads/ProjetoFinal_sintese/de10_lite.vhd Line: 39
    Warning (13410): Pin "LEDR[7]" is stuck at GND File: C:/Users/User/Downloads/ProjetoFinal_sintese/de10_lite.vhd Line: 39
    Warning (13410): Pin "LEDR[8]" is stuck at GND File: C:/Users/User/Downloads/ProjetoFinal_sintese/de10_lite.vhd Line: 39
    Warning (13410): Pin "LEDR[9]" is stuck at GND File: C:/Users/User/Downloads/ProjetoFinal_sintese/de10_lite.vhd Line: 39
    Warning (13410): Pin "VGA_B[0]" is stuck at GND File: C:/Users/User/Downloads/ProjetoFinal_sintese/de10_lite.vhd Line: 43
    Warning (13410): Pin "VGA_B[1]" is stuck at GND File: C:/Users/User/Downloads/ProjetoFinal_sintese/de10_lite.vhd Line: 43
    Warning (13410): Pin "VGA_B[2]" is stuck at GND File: C:/Users/User/Downloads/ProjetoFinal_sintese/de10_lite.vhd Line: 43
    Warning (13410): Pin "VGA_B[3]" is stuck at GND File: C:/Users/User/Downloads/ProjetoFinal_sintese/de10_lite.vhd Line: 43
    Warning (13410): Pin "VGA_G[0]" is stuck at GND File: C:/Users/User/Downloads/ProjetoFinal_sintese/de10_lite.vhd Line: 44
    Warning (13410): Pin "VGA_G[1]" is stuck at GND File: C:/Users/User/Downloads/ProjetoFinal_sintese/de10_lite.vhd Line: 44
    Warning (13410): Pin "VGA_G[2]" is stuck at GND File: C:/Users/User/Downloads/ProjetoFinal_sintese/de10_lite.vhd Line: 44
    Warning (13410): Pin "VGA_G[3]" is stuck at GND File: C:/Users/User/Downloads/ProjetoFinal_sintese/de10_lite.vhd Line: 44
    Warning (13410): Pin "VGA_HS" is stuck at GND File: C:/Users/User/Downloads/ProjetoFinal_sintese/de10_lite.vhd Line: 45
    Warning (13410): Pin "VGA_R[0]" is stuck at GND File: C:/Users/User/Downloads/ProjetoFinal_sintese/de10_lite.vhd Line: 46
    Warning (13410): Pin "VGA_R[1]" is stuck at GND File: C:/Users/User/Downloads/ProjetoFinal_sintese/de10_lite.vhd Line: 46
    Warning (13410): Pin "VGA_R[2]" is stuck at GND File: C:/Users/User/Downloads/ProjetoFinal_sintese/de10_lite.vhd Line: 46
    Warning (13410): Pin "VGA_R[3]" is stuck at GND File: C:/Users/User/Downloads/ProjetoFinal_sintese/de10_lite.vhd Line: 46
    Warning (13410): Pin "VGA_VS" is stuck at GND File: C:/Users/User/Downloads/ProjetoFinal_sintese/de10_lite.vhd Line: 47
    Warning (13410): Pin "GSENSOR_CS_N" is stuck at GND File: C:/Users/User/Downloads/ProjetoFinal_sintese/de10_lite.vhd Line: 49
    Warning (13410): Pin "GSENSOR_SCLK" is stuck at GND File: C:/Users/User/Downloads/ProjetoFinal_sintese/de10_lite.vhd Line: 51
Info (286030): Timing-Driven Synthesis is running
Info (16010): Generating hard_block partition "hard_block:auto_generated_inst"
    Info (16011): Adding 1 node(s), including 0 DDIO, 1 PLL, 0 transceiver and 0 LCELL
Warning (21074): Design contains 15 input pin(s) that do not drive logic
    Warning (15610): No output dependent on input pin "MAX10_CLK1_50" File: C:/Users/User/Downloads/ProjetoFinal_sintese/de10_lite.vhd Line: 15
    Warning (15610): No output dependent on input pin "MAX10_CLK2_50" File: C:/Users/User/Downloads/ProjetoFinal_sintese/de10_lite.vhd Line: 16
    Warning (15610): No output dependent on input pin "KEY[0]" File: C:/Users/User/Downloads/ProjetoFinal_sintese/de10_lite.vhd Line: 37
    Warning (15610): No output dependent on input pin "KEY[1]" File: C:/Users/User/Downloads/ProjetoFinal_sintese/de10_lite.vhd Line: 37
    Warning (15610): No output dependent on input pin "SW[1]" File: C:/Users/User/Downloads/ProjetoFinal_sintese/de10_lite.vhd Line: 41
    Warning (15610): No output dependent on input pin "SW[2]" File: C:/Users/User/Downloads/ProjetoFinal_sintese/de10_lite.vhd Line: 41
    Warning (15610): No output dependent on input pin "SW[3]" File: C:/Users/User/Downloads/ProjetoFinal_sintese/de10_lite.vhd Line: 41
    Warning (15610): No output dependent on input pin "SW[4]" File: C:/Users/User/Downloads/ProjetoFinal_sintese/de10_lite.vhd Line: 41
    Warning (15610): No output dependent on input pin "SW[5]" File: C:/Users/User/Downloads/ProjetoFinal_sintese/de10_lite.vhd Line: 41
    Warning (15610): No output dependent on input pin "SW[6]" File: C:/Users/User/Downloads/ProjetoFinal_sintese/de10_lite.vhd Line: 41
    Warning (15610): No output dependent on input pin "SW[7]" File: C:/Users/User/Downloads/ProjetoFinal_sintese/de10_lite.vhd Line: 41
    Warning (15610): No output dependent on input pin "SW[8]" File: C:/Users/User/Downloads/ProjetoFinal_sintese/de10_lite.vhd Line: 41
    Warning (15610): No output dependent on input pin "SW[9]" File: C:/Users/User/Downloads/ProjetoFinal_sintese/de10_lite.vhd Line: 41
    Warning (15610): No output dependent on input pin "GSENSOR_INT[1]" File: C:/Users/User/Downloads/ProjetoFinal_sintese/de10_lite.vhd Line: 50
    Warning (15610): No output dependent on input pin "GSENSOR_INT[2]" File: C:/Users/User/Downloads/ProjetoFinal_sintese/de10_lite.vhd Line: 50
Info (21057): Implemented 349 device resources after synthesis - the final resource count might be different
    Info (21058): Implemented 17 input pins
    Info (21059): Implemented 97 output pins
    Info (21060): Implemented 35 bidirectional pins
    Info (21061): Implemented 199 logic cells
    Info (21065): Implemented 1 PLLs
Info: Quartus Prime Analysis & Synthesis was successful. 0 errors, 140 warnings
    Info: Peak virtual memory: 4815 megabytes
    Info: Processing ended: Wed Jul 23 08:23:46 2025
    Info: Elapsed time: 00:00:20
    Info: Total CPU time (on all processors): 00:00:48


