IP Upgrade report for de10_lite
Tue Jun 16 18:26:50 2026
Quartus Prime Version 25.1std.0 Build 1129 10/21/2025 SC Lite Edition


---------------------
; Table of Contents ;
---------------------
  1. Legal Notice
  2. IP Upgrade Summary
  3. Failed Upgrade IP Components
  4. IP Upgrade Messages



----------------
; Legal Notice ;
----------------
Copyright (C) 2025  Altera Corporation. All rights reserved.
Your use of Altera Corporation's design tools, logic functions 
and other software and tools, and any partner logic 
functions, and any output files from any of the foregoing 
(including device programming or simulation files), and any 
associated documentation or information are expressly subject 
to the terms and conditions of the Altera Program License 
Subscription Agreement, the Altera Quartus Prime License Agreement,
the Altera IP License Agreement, or other applicable license
agreement, including, without limitation, that your use is for
the sole purpose of programming logic devices manufactured by
Altera and sold by Altera or its authorized distributors.  Please
refer to the Altera Software License Subscription Agreements 
on the Quartus Prime software download page.



+--------------------------------------------------------------------------------+
; IP Upgrade Summary                                                             ;
+------------------------------+-------------------------------------------------+
; IP Components Upgrade Status ; Failed - Tue Jun 16 18:26:50 2026               ;
; Quartus Prime Version        ; 25.1std.0 Build 1129 10/21/2025 SC Lite Edition ;
; Revision Name                ; de10_lite                                       ;
; Top-level Entity Name        ; de0_lite_gpio                                   ;
; Family                       ; MAX 10                                          ;
+------------------------------+-------------------------------------------------+


+--------------------------------------------------------------------------------------------------------------------------------------------------+
; Failed Upgrade IP Components                                                                                                                     ;
+-------------+----------------+---------+----------------------+----------------------+-----------------+-----------------------------------------+
; Entity Name ; Component Name ; Version ; Original Source File ; Generation File Path ; New Source File ; Message                                 ;
+-------------+----------------+---------+----------------------+----------------------+-----------------+-----------------------------------------+
; pll         ; ALTPLL         ; 21.1    ; pll.qip              ; pll.vhd              ;                 ; Error upgrading IP component "pll.vhd". ;
+-------------+----------------+---------+----------------------+----------------------+-----------------+-----------------------------------------+


+---------------------+
; IP Upgrade Messages ;
+---------------------+
Info (11902): Backing up file "pll.vhd" to "pll.BAK.vhd"
Info (11837): Started upgrading IP component ALTPLL with file "pll.vhd"
Info (11904): Restoring file "pll.BAK.vhd" to "pll.vhd"
Error (14921): Error upgrading IP component "pll.vhd".
Error (11133): IP component ALTPLL with file "pll.vhd" upgrade failed
Error (11889): IP component upgrade failed
Error (23031): Evaluation of Tcl script c:/altera_lite/25.1std/quartus/common/tcl/internal/ip_regen/ip_regen.tcl unsuccessful
Error: Quartus Prime Shell was unsuccessful. 4 errors, 0 warnings
    Error: Peak virtual memory: 4889 megabytes
    Error: Processing ended: Tue Jun 16 18:26:50 2026
    Error: Elapsed time: 00:00:15
    Error: Total CPU time (on all processors): 00:00:27


