Analysis & Synthesis report for de0_lite
Mon Nov 18 10:28:57 2019
Quartus Prime Version 18.1.0 Build 625 09/12/2018 SJ Lite Edition


---------------------
; Table of Contents ;
---------------------
  1. Legal Notice
  2. Analysis & Synthesis Summary
  3. Analysis & Synthesis Settings
  4. Parallel Compilation
  5. Analysis & Synthesis Source Files Read
  6. Analysis & Synthesis Resource Usage Summary
  7. Analysis & Synthesis Resource Utilization by Entity
  8. General Register Statistics
  9. Post-Synthesis Netlist Statistics for Top Partition
 10. Elapsed Time Per Partition
 11. Analysis & Synthesis Messages



----------------
; Legal Notice ;
----------------
Copyright (C) 2018  Intel Corporation. All rights reserved.
Your use of Intel Corporation's design tools, logic functions 
and other software and tools, and its AMPP partner logic 
functions, and any output files from any of the foregoing 
(including device programming or simulation files), and any 
associated documentation or information are expressly subject 
to the terms and conditions of the Intel Program License 
Subscription Agreement, the Intel Quartus Prime License Agreement,
the Intel FPGA IP License Agreement, or other applicable license
agreement, including, without limitation, that your use is for
the sole purpose of programming logic devices manufactured by
Intel and sold by Intel or its authorized distributors.  Please
refer to the applicable agreement for further details.



+----------------------------------------------------------------------------------+
; Analysis & Synthesis Summary                                                     ;
+------------------------------------+---------------------------------------------+
; Analysis & Synthesis Status        ; Successful - Mon Nov 18 10:28:57 2019       ;
; Quartus Prime Version              ; 18.1.0 Build 625 09/12/2018 SJ Lite Edition ;
; Revision Name                      ; de0_lite                                    ;
; Top-level Entity Name              ; de0_lite                                    ;
; Family                             ; MAX 10                                      ;
; Total logic elements               ; 0                                           ;
;     Total combinational functions  ; 0                                           ;
;     Dedicated logic registers      ; 0                                           ;
; Total registers                    ; 0                                           ;
; Total pins                         ; 149                                         ;
; Total virtual pins                 ; 0                                           ;
; Total memory bits                  ; 0                                           ;
; Embedded Multiplier 9-bit elements ; 0                                           ;
; Total PLLs                         ; 0                                           ;
; UFM blocks                         ; 0                                           ;
; ADC blocks                         ; 0                                           ;
+------------------------------------+---------------------------------------------+


+------------------------------------------------------------------------------------------------------------+
; Analysis & Synthesis Settings                                                                              ;
+------------------------------------------------------------------+--------------------+--------------------+
; Option                                                           ; Setting            ; Default Value      ;
+------------------------------------------------------------------+--------------------+--------------------+
; Device                                                           ; 10M50DAF484C7G     ;                    ;
; Top-level entity name                                            ; de0_lite           ; de0_lite           ;
; Family name                                                      ; MAX 10             ; Cyclone V          ;
; Use smart compilation                                            ; Off                ; Off                ;
; Enable parallel Assembler and Timing Analyzer during compilation ; On                 ; On                 ;
; Enable compact report table                                      ; Off                ; Off                ;
; Restructure Multiplexers                                         ; Auto               ; Auto               ;
; Create Debugging Nodes for IP Cores                              ; Off                ; Off                ;
; Preserve fewer node names                                        ; On                 ; On                 ;
; Intel FPGA IP Evaluation Mode                                    ; Enable             ; Enable             ;
; Verilog Version                                                  ; Verilog_2001       ; Verilog_2001       ;
; VHDL Version                                                     ; VHDL_1993          ; VHDL_1993          ;
; State Machine Processing                                         ; Auto               ; Auto               ;
; Safe State Machine                                               ; Off                ; Off                ;
; Extract Verilog State Machines                                   ; On                 ; On                 ;
; Extract VHDL State Machines                                      ; On                 ; On                 ;
; Ignore Verilog initial constructs                                ; Off                ; Off                ;
; Iteration limit for constant Verilog loops                       ; 5000               ; 5000               ;
; Iteration limit for non-constant Verilog loops                   ; 250                ; 250                ;
; Add Pass-Through Logic to Inferred RAMs                          ; On                 ; On                 ;
; Infer RAMs from Raw Logic                                        ; On                 ; On                 ;
; Parallel Synthesis                                               ; On                 ; On                 ;
; DSP Block Balancing                                              ; Auto               ; Auto               ;
; NOT Gate Push-Back                                               ; On                 ; On                 ;
; Power-Up Don't Care                                              ; On                 ; On                 ;
; Remove Redundant Logic Cells                                     ; Off                ; Off                ;
; Remove Duplicate Registers                                       ; On                 ; On                 ;
; Ignore CARRY Buffers                                             ; Off                ; Off                ;
; Ignore CASCADE Buffers                                           ; Off                ; Off                ;
; Ignore GLOBAL Buffers                                            ; Off                ; Off                ;
; Ignore ROW GLOBAL Buffers                                        ; Off                ; Off                ;
; Ignore LCELL Buffers                                             ; Off                ; Off                ;
; Ignore SOFT Buffers                                              ; On                 ; On                 ;
; Limit AHDL Integers to 32 Bits                                   ; Off                ; Off                ;
; Optimization Technique                                           ; Balanced           ; Balanced           ;
; Carry Chain Length                                               ; 70                 ; 70                 ;
; Auto Carry Chains                                                ; On                 ; On                 ;
; Auto Open-Drain Pins                                             ; On                 ; On                 ;
; Perform WYSIWYG Primitive Resynthesis                            ; Off                ; Off                ;
; Auto ROM Replacement                                             ; On                 ; On                 ;
; Auto RAM Replacement                                             ; On                 ; On                 ;
; Auto DSP Block Replacement                                       ; On                 ; On                 ;
; Auto Shift Register Replacement                                  ; Auto               ; Auto               ;
; Allow Shift Register Merging across Hierarchies                  ; Auto               ; Auto               ;
; Auto Clock Enable Replacement                                    ; On                 ; On                 ;
; Strict RAM Replacement                                           ; Off                ; Off                ;
; Allow Synchronous Control Signals                                ; On                 ; On                 ;
; Force Use of Synchronous Clear Signals                           ; Off                ; Off                ;
; Auto RAM Block Balancing                                         ; On                 ; On                 ;
; Auto RAM to Logic Cell Conversion                                ; Off                ; Off                ;
; Auto Resource Sharing                                            ; Off                ; Off                ;
; Allow Any RAM Size For Recognition                               ; Off                ; Off                ;
; Allow Any ROM Size For Recognition                               ; Off                ; Off                ;
; Allow Any Shift Register Size For Recognition                    ; Off                ; Off                ;
; Use LogicLock Constraints during Resource Balancing              ; On                 ; On                 ;
; Ignore translate_off and synthesis_off directives                ; Off                ; Off                ;
; Timing-Driven Synthesis                                          ; On                 ; On                 ;
; Report Parameter Settings                                        ; On                 ; On                 ;
; Report Source Assignments                                        ; On                 ; On                 ;
; Report Connectivity Checks                                       ; On                 ; On                 ;
; Ignore Maximum Fan-Out Assignments                               ; Off                ; Off                ;
; Synchronization Register Chain Length                            ; 2                  ; 2                  ;
; Power Optimization During Synthesis                              ; Normal compilation ; Normal compilation ;
; HDL message level                                                ; Level2             ; Level2             ;
; Suppress Register Optimization Related Messages                  ; Off                ; Off                ;
; Number of Removed Registers Reported in Synthesis Report         ; 5000               ; 5000               ;
; Number of Swept Nodes Reported in Synthesis Report               ; 5000               ; 5000               ;
; Number of Inverted Registers Reported in Synthesis Report        ; 100                ; 100                ;
; Clock MUX Protection                                             ; On                 ; On                 ;
; Auto Gated Clock Conversion                                      ; Off                ; Off                ;
; Block Design Naming                                              ; Auto               ; Auto               ;
; SDC constraint protection                                        ; Off                ; Off                ;
; Synthesis Effort                                                 ; Auto               ; Auto               ;
; Shift Register Replacement - Allow Asynchronous Clear Signal     ; On                 ; On                 ;
; Pre-Mapping Resynthesis Optimization                             ; Off                ; Off                ;
; Analysis & Synthesis Message Level                               ; Medium             ; Medium             ;
; Disable Register Merging Across Hierarchies                      ; Auto               ; Auto               ;
; Resource Aware Inference For Block RAM                           ; On                 ; On                 ;
+------------------------------------------------------------------+--------------------+--------------------+


+------------------------------------------+
; Parallel Compilation                     ;
+----------------------------+-------------+
; Processors                 ; Number      ;
+----------------------------+-------------+
; Number detected on machine ; 8           ;
; Maximum allowed            ; 4           ;
;                            ;             ;
; Average used               ; 1.00        ;
; Maximum used               ; 1           ;
;                            ;             ;
; Usage by Processor         ; % Time Used ;
;     Processor 1            ; 100.0%      ;
+----------------------------+-------------+


+----------------------------------------------------------------------------------------------------------------------------------------------------------------------------------------------------------------------------------+
; Analysis & Synthesis Source Files Read                                                                                                                                                                                           ;
+----------------------------------+-----------------+-----------------+-------------------------------------------------------------------------------------------------------------------------------------------------+---------+
; File Name with User-Entered Path ; Used in Netlist ; File Type       ; File Name with Absolute Path                                                                                                                    ; Library ;
+----------------------------------+-----------------+-----------------+-------------------------------------------------------------------------------------------------------------------------------------------------+---------+
; ../../Timer.vhd                  ; yes             ; User VHDL File  ; C:/Users/rfr_9/Desktop/IFSC/9Fase/Dispositivos_logicos_programaveis/projeto_final/riscv-multicycle/peripherals/timer/Timer.vhd                  ;         ;
; de0_lite.vhd                     ; yes             ; User VHDL File  ; C:/Users/rfr_9/Desktop/IFSC/9Fase/Dispositivos_logicos_programaveis/projeto_final/riscv-multicycle/peripherals/timer/sint/de0_lite/de0_lite.vhd ;         ;
+----------------------------------+-----------------+-----------------+-------------------------------------------------------------------------------------------------------------------------------------------------+---------+


+-----------------------------------------------------------------+
; Analysis & Synthesis Resource Usage Summary                     ;
+---------------------------------------------+-------------------+
; Resource                                    ; Usage             ;
+---------------------------------------------+-------------------+
;                                             ;                   ;
; Total combinational functions               ; 0                 ;
; Logic element usage by number of LUT inputs ;                   ;
;     -- 4 input functions                    ; 0                 ;
;     -- 3 input functions                    ; 0                 ;
;     -- <=2 input functions                  ; 0                 ;
;                                             ;                   ;
; Logic elements by mode                      ;                   ;
;     -- normal mode                          ; 0                 ;
;     -- arithmetic mode                      ; 0                 ;
;                                             ;                   ;
; Total registers                             ; 0                 ;
;     -- Dedicated logic registers            ; 0                 ;
;     -- I/O registers                        ; 0                 ;
;                                             ;                   ;
; I/O pins                                    ; 149               ;
;                                             ;                   ;
; Embedded Multiplier 9-bit elements          ; 0                 ;
;                                             ;                   ;
; Maximum fan-out node                        ; DRAM_DQ[0]~output ;
; Maximum fan-out                             ; 1                 ;
; Total fan-out                               ; 184               ;
; Average fan-out                             ; 0.55              ;
+---------------------------------------------+-------------------+


+------------------------------------------------------------------------------------------------------------------------------------------------------------------------------------------------------------------------------------+
; Analysis & Synthesis Resource Utilization by Entity                                                                                                                                                                                ;
+----------------------------+---------------------+---------------------------+-------------+------------+--------------+---------+-----------+------+--------------+------------+---------------------+-------------+--------------+
; Compilation Hierarchy Node ; Combinational ALUTs ; Dedicated Logic Registers ; Memory Bits ; UFM Blocks ; DSP Elements ; DSP 9x9 ; DSP 18x18 ; Pins ; Virtual Pins ; ADC blocks ; Full Hierarchy Name ; Entity Name ; Library Name ;
+----------------------------+---------------------+---------------------------+-------------+------------+--------------+---------+-----------+------+--------------+------------+---------------------+-------------+--------------+
; |de0_lite                  ; 0 (0)               ; 0 (0)                     ; 0           ; 0          ; 0            ; 0       ; 0         ; 149  ; 0            ; 0          ; |de0_lite           ; de0_lite    ; work         ;
+----------------------------+---------------------+---------------------------+-------------+------------+--------------+---------+-----------+------+--------------+------------+---------------------+-------------+--------------+
Note: For table entries with two numbers listed, the numbers in parentheses indicate the number of resources of the given type used by the specific entity alone. The numbers listed outside of parentheses indicate the total resources of the given type used by the specific entity and all of its sub-entities in the hierarchy.


+------------------------------------------------------+
; General Register Statistics                          ;
+----------------------------------------------+-------+
; Statistic                                    ; Value ;
+----------------------------------------------+-------+
; Total registers                              ; 0     ;
; Number of registers using Synchronous Clear  ; 0     ;
; Number of registers using Synchronous Load   ; 0     ;
; Number of registers using Asynchronous Clear ; 0     ;
; Number of registers using Asynchronous Load  ; 0     ;
; Number of registers using Clock Enable       ; 0     ;
; Number of registers using Preset             ; 0     ;
+----------------------------------------------+-------+


+-----------------------------------------------------+
; Post-Synthesis Netlist Statistics for Top Partition ;
+-----------------------+-----------------------------+
; Type                  ; Count                       ;
+-----------------------+-----------------------------+
; boundary_port         ; 149                         ;
; cycloneiii_io_obuf    ; 35                          ;
; cycloneiii_lcell_comb ; 1                           ;
;     normal            ; 1                           ;
;         0 data inputs ; 1                           ;
;                       ;                             ;
; Max LUT depth         ; 0.00                        ;
; Average LUT depth     ; 0.00                        ;
+-----------------------+-----------------------------+


+-------------------------------+
; Elapsed Time Per Partition    ;
+----------------+--------------+
; Partition Name ; Elapsed Time ;
+----------------+--------------+
; Top            ; 00:00:00     ;
+----------------+--------------+


+-------------------------------+
; Analysis & Synthesis Messages ;
+-------------------------------+
Info: *******************************************************************
Info: Running Quartus Prime Analysis & Synthesis
    Info: Version 18.1.0 Build 625 09/12/2018 SJ Lite Edition
    Info: Processing started: Mon Nov 18 10:28:43 2019
Info: Command: quartus_map --read_settings_files=on --write_settings_files=off de0_lite -c de0_lite
Warning (18236): Number of processors has not been specified which may cause overloading on shared machines.  Set the global assignment NUM_PARALLEL_PROCESSORS in your QSF to an appropriate value for best performance.
Info (20030): Parallel compilation is enabled and will use 4 of the 4 processors detected
Info (12021): Found 2 design units, including 1 entities, in source file /users/rfr_9/desktop/ifsc/9fase/dispositivos_logicos_programaveis/projeto_final/riscv-multicycle/peripherals/timer/timer.vhd
    Info (12022): Found design unit 1: Timer-RTL File: C:/Users/rfr_9/Desktop/IFSC/9Fase/Dispositivos_logicos_programaveis/projeto_final/riscv-multicycle/peripherals/timer/Timer.vhd Line: 17
    Info (12023): Found entity 1: Timer File: C:/Users/rfr_9/Desktop/IFSC/9Fase/Dispositivos_logicos_programaveis/projeto_final/riscv-multicycle/peripherals/timer/Timer.vhd Line: 5
Info (12021): Found 2 design units, including 1 entities, in source file de0_lite.vhd
    Info (12022): Found design unit 1: de0_lite-rtl File: C:/Users/rfr_9/Desktop/IFSC/9Fase/Dispositivos_logicos_programaveis/projeto_final/riscv-multicycle/peripherals/timer/sint/de0_lite/de0_lite.vhd Line: 70
    Info (12023): Found entity 1: de0_lite File: C:/Users/rfr_9/Desktop/IFSC/9Fase/Dispositivos_logicos_programaveis/projeto_final/riscv-multicycle/peripherals/timer/sint/de0_lite/de0_lite.vhd Line: 12
Info (12127): Elaborating entity "de0_lite" for the top level hierarchy
Warning (10541): VHDL Signal Declaration warning at de0_lite.vhd(20): used implicit default value for signal "DRAM_ADDR" because signal was never assigned a value or an explicit default value. Use of implicit default value may introduce unintended design optimizations. File: C:/Users/rfr_9/Desktop/IFSC/9Fase/Dispositivos_logicos_programaveis/projeto_final/riscv-multicycle/peripherals/timer/sint/de0_lite/de0_lite.vhd Line: 20
Warning (10541): VHDL Signal Declaration warning at de0_lite.vhd(21): used implicit default value for signal "DRAM_BA" because signal was never assigned a value or an explicit default value. Use of implicit default value may introduce unintended design optimizations. File: C:/Users/rfr_9/Desktop/IFSC/9Fase/Dispositivos_logicos_programaveis/projeto_final/riscv-multicycle/peripherals/timer/sint/de0_lite/de0_lite.vhd Line: 21
Warning (10541): VHDL Signal Declaration warning at de0_lite.vhd(22): used implicit default value for signal "DRAM_CAS_N" because signal was never assigned a value or an explicit default value. Use of implicit default value may introduce unintended design optimizations. File: C:/Users/rfr_9/Desktop/IFSC/9Fase/Dispositivos_logicos_programaveis/projeto_final/riscv-multicycle/peripherals/timer/sint/de0_lite/de0_lite.vhd Line: 22
Warning (10541): VHDL Signal Declaration warning at de0_lite.vhd(23): used implicit default value for signal "DRAM_CKE" because signal was never assigned a value or an explicit default value. Use of implicit default value may introduce unintended design optimizations. File: C:/Users/rfr_9/Desktop/IFSC/9Fase/Dispositivos_logicos_programaveis/projeto_final/riscv-multicycle/peripherals/timer/sint/de0_lite/de0_lite.vhd Line: 23
Warning (10541): VHDL Signal Declaration warning at de0_lite.vhd(24): used implicit default value for signal "DRAM_CLK" because signal was never assigned a value or an explicit default value. Use of implicit default value may introduce unintended design optimizations. File: C:/Users/rfr_9/Desktop/IFSC/9Fase/Dispositivos_logicos_programaveis/projeto_final/riscv-multicycle/peripherals/timer/sint/de0_lite/de0_lite.vhd Line: 24
Warning (10541): VHDL Signal Declaration warning at de0_lite.vhd(25): used implicit default value for signal "DRAM_CS_N" because signal was never assigned a value or an explicit default value. Use of implicit default value may introduce unintended design optimizations. File: C:/Users/rfr_9/Desktop/IFSC/9Fase/Dispositivos_logicos_programaveis/projeto_final/riscv-multicycle/peripherals/timer/sint/de0_lite/de0_lite.vhd Line: 25
Warning (10541): VHDL Signal Declaration warning at de0_lite.vhd(27): used implicit default value for signal "DRAM_LDQM" because signal was never assigned a value or an explicit default value. Use of implicit default value may introduce unintended design optimizations. File: C:/Users/rfr_9/Desktop/IFSC/9Fase/Dispositivos_logicos_programaveis/projeto_final/riscv-multicycle/peripherals/timer/sint/de0_lite/de0_lite.vhd Line: 27
Warning (10541): VHDL Signal Declaration warning at de0_lite.vhd(28): used implicit default value for signal "DRAM_RAS_N" because signal was never assigned a value or an explicit default value. Use of implicit default value may introduce unintended design optimizations. File: C:/Users/rfr_9/Desktop/IFSC/9Fase/Dispositivos_logicos_programaveis/projeto_final/riscv-multicycle/peripherals/timer/sint/de0_lite/de0_lite.vhd Line: 28
Warning (10541): VHDL Signal Declaration warning at de0_lite.vhd(29): used implicit default value for signal "DRAM_UDQM" because signal was never assigned a value or an explicit default value. Use of implicit default value may introduce unintended design optimizations. File: C:/Users/rfr_9/Desktop/IFSC/9Fase/Dispositivos_logicos_programaveis/projeto_final/riscv-multicycle/peripherals/timer/sint/de0_lite/de0_lite.vhd Line: 29
Warning (10541): VHDL Signal Declaration warning at de0_lite.vhd(30): used implicit default value for signal "DRAM_WE_N" because signal was never assigned a value or an explicit default value. Use of implicit default value may introduce unintended design optimizations. File: C:/Users/rfr_9/Desktop/IFSC/9Fase/Dispositivos_logicos_programaveis/projeto_final/riscv-multicycle/peripherals/timer/sint/de0_lite/de0_lite.vhd Line: 30
Warning (10541): VHDL Signal Declaration warning at de0_lite.vhd(33): used implicit default value for signal "HEX0" because signal was never assigned a value or an explicit default value. Use of implicit default value may introduce unintended design optimizations. File: C:/Users/rfr_9/Desktop/IFSC/9Fase/Dispositivos_logicos_programaveis/projeto_final/riscv-multicycle/peripherals/timer/sint/de0_lite/de0_lite.vhd Line: 33
Warning (10541): VHDL Signal Declaration warning at de0_lite.vhd(34): used implicit default value for signal "HEX1" because signal was never assigned a value or an explicit default value. Use of implicit default value may introduce unintended design optimizations. File: C:/Users/rfr_9/Desktop/IFSC/9Fase/Dispositivos_logicos_programaveis/projeto_final/riscv-multicycle/peripherals/timer/sint/de0_lite/de0_lite.vhd Line: 34
Warning (10541): VHDL Signal Declaration warning at de0_lite.vhd(35): used implicit default value for signal "HEX2" because signal was never assigned a value or an explicit default value. Use of implicit default value may introduce unintended design optimizations. File: C:/Users/rfr_9/Desktop/IFSC/9Fase/Dispositivos_logicos_programaveis/projeto_final/riscv-multicycle/peripherals/timer/sint/de0_lite/de0_lite.vhd Line: 35
Warning (10541): VHDL Signal Declaration warning at de0_lite.vhd(36): used implicit default value for signal "HEX3" because signal was never assigned a value or an explicit default value. Use of implicit default value may introduce unintended design optimizations. File: C:/Users/rfr_9/Desktop/IFSC/9Fase/Dispositivos_logicos_programaveis/projeto_final/riscv-multicycle/peripherals/timer/sint/de0_lite/de0_lite.vhd Line: 36
Warning (10541): VHDL Signal Declaration warning at de0_lite.vhd(37): used implicit default value for signal "HEX4" because signal was never assigned a value or an explicit default value. Use of implicit default value may introduce unintended design optimizations. File: C:/Users/rfr_9/Desktop/IFSC/9Fase/Dispositivos_logicos_programaveis/projeto_final/riscv-multicycle/peripherals/timer/sint/de0_lite/de0_lite.vhd Line: 37
Warning (10541): VHDL Signal Declaration warning at de0_lite.vhd(38): used implicit default value for signal "HEX5" because signal was never assigned a value or an explicit default value. Use of implicit default value may introduce unintended design optimizations. File: C:/Users/rfr_9/Desktop/IFSC/9Fase/Dispositivos_logicos_programaveis/projeto_final/riscv-multicycle/peripherals/timer/sint/de0_lite/de0_lite.vhd Line: 38
Warning (10541): VHDL Signal Declaration warning at de0_lite.vhd(50): used implicit default value for signal "VGA_B" because signal was never assigned a value or an explicit default value. Use of implicit default value may introduce unintended design optimizations. File: C:/Users/rfr_9/Desktop/IFSC/9Fase/Dispositivos_logicos_programaveis/projeto_final/riscv-multicycle/peripherals/timer/sint/de0_lite/de0_lite.vhd Line: 50
Warning (10541): VHDL Signal Declaration warning at de0_lite.vhd(51): used implicit default value for signal "VGA_G" because signal was never assigned a value or an explicit default value. Use of implicit default value may introduce unintended design optimizations. File: C:/Users/rfr_9/Desktop/IFSC/9Fase/Dispositivos_logicos_programaveis/projeto_final/riscv-multicycle/peripherals/timer/sint/de0_lite/de0_lite.vhd Line: 51
Warning (10541): VHDL Signal Declaration warning at de0_lite.vhd(52): used implicit default value for signal "VGA_HS" because signal was never assigned a value or an explicit default value. Use of implicit default value may introduce unintended design optimizations. File: C:/Users/rfr_9/Desktop/IFSC/9Fase/Dispositivos_logicos_programaveis/projeto_final/riscv-multicycle/peripherals/timer/sint/de0_lite/de0_lite.vhd Line: 52
Warning (10541): VHDL Signal Declaration warning at de0_lite.vhd(53): used implicit default value for signal "VGA_R" because signal was never assigned a value or an explicit default value. Use of implicit default value may introduce unintended design optimizations. File: C:/Users/rfr_9/Desktop/IFSC/9Fase/Dispositivos_logicos_programaveis/projeto_final/riscv-multicycle/peripherals/timer/sint/de0_lite/de0_lite.vhd Line: 53
Warning (10541): VHDL Signal Declaration warning at de0_lite.vhd(54): used implicit default value for signal "VGA_VS" because signal was never assigned a value or an explicit default value. Use of implicit default value may introduce unintended design optimizations. File: C:/Users/rfr_9/Desktop/IFSC/9Fase/Dispositivos_logicos_programaveis/projeto_final/riscv-multicycle/peripherals/timer/sint/de0_lite/de0_lite.vhd Line: 54
Warning (10541): VHDL Signal Declaration warning at de0_lite.vhd(57): used implicit default value for signal "GSENSOR_CS_N" because signal was never assigned a value or an explicit default value. Use of implicit default value may introduce unintended design optimizations. File: C:/Users/rfr_9/Desktop/IFSC/9Fase/Dispositivos_logicos_programaveis/projeto_final/riscv-multicycle/peripherals/timer/sint/de0_lite/de0_lite.vhd Line: 57
Warning (10541): VHDL Signal Declaration warning at de0_lite.vhd(59): used implicit default value for signal "GSENSOR_SCLK" because signal was never assigned a value or an explicit default value. Use of implicit default value may introduce unintended design optimizations. File: C:/Users/rfr_9/Desktop/IFSC/9Fase/Dispositivos_logicos_programaveis/projeto_final/riscv-multicycle/peripherals/timer/sint/de0_lite/de0_lite.vhd Line: 59
Warning (10873): Using initial value X (don't care) for net "LEDR[9..2]" at de0_lite.vhd(44) File: C:/Users/rfr_9/Desktop/IFSC/9Fase/Dispositivos_logicos_programaveis/projeto_final/riscv-multicycle/peripherals/timer/sint/de0_lite/de0_lite.vhd Line: 44
Info (12128): Elaborating entity "Timer" for hierarchy "Timer:dut" File: C:/Users/rfr_9/Desktop/IFSC/9Fase/Dispositivos_logicos_programaveis/projeto_final/riscv-multicycle/peripherals/timer/sint/de0_lite/de0_lite.vhd Line: 85
Warning (10540): VHDL Signal Declaration warning at Timer.vhd(20): used explicit default value for signal "internal_clock" because signal was never assigned a value File: C:/Users/rfr_9/Desktop/IFSC/9Fase/Dispositivos_logicos_programaveis/projeto_final/riscv-multicycle/peripherals/timer/Timer.vhd Line: 20
Warning (10873): Using initial value X (don't care) for net "output" at Timer.vhd(12) File: C:/Users/rfr_9/Desktop/IFSC/9Fase/Dispositivos_logicos_programaveis/projeto_final/riscv-multicycle/peripherals/timer/Timer.vhd Line: 12
Warning (10873): Using initial value X (don't care) for net "inv_output" at Timer.vhd(13) File: C:/Users/rfr_9/Desktop/IFSC/9Fase/Dispositivos_logicos_programaveis/projeto_final/riscv-multicycle/peripherals/timer/Timer.vhd Line: 13
Warning (13039): The following bidirectional pins have no drivers
    Warning (13040): bidirectional pin "ARDUINO_IO[15]" has no driver File: C:/Users/rfr_9/Desktop/IFSC/9Fase/Dispositivos_logicos_programaveis/projeto_final/riscv-multicycle/peripherals/timer/sint/de0_lite/de0_lite.vhd Line: 64
    Warning (13040): bidirectional pin "ARDUINO_IO[14]" has no driver File: C:/Users/rfr_9/Desktop/IFSC/9Fase/Dispositivos_logicos_programaveis/projeto_final/riscv-multicycle/peripherals/timer/sint/de0_lite/de0_lite.vhd Line: 64
    Warning (13040): bidirectional pin "ARDUINO_IO[13]" has no driver File: C:/Users/rfr_9/Desktop/IFSC/9Fase/Dispositivos_logicos_programaveis/projeto_final/riscv-multicycle/peripherals/timer/sint/de0_lite/de0_lite.vhd Line: 64
    Warning (13040): bidirectional pin "ARDUINO_IO[12]" has no driver File: C:/Users/rfr_9/Desktop/IFSC/9Fase/Dispositivos_logicos_programaveis/projeto_final/riscv-multicycle/peripherals/timer/sint/de0_lite/de0_lite.vhd Line: 64
    Warning (13040): bidirectional pin "ARDUINO_IO[11]" has no driver File: C:/Users/rfr_9/Desktop/IFSC/9Fase/Dispositivos_logicos_programaveis/projeto_final/riscv-multicycle/peripherals/timer/sint/de0_lite/de0_lite.vhd Line: 64
    Warning (13040): bidirectional pin "ARDUINO_IO[10]" has no driver File: C:/Users/rfr_9/Desktop/IFSC/9Fase/Dispositivos_logicos_programaveis/projeto_final/riscv-multicycle/peripherals/timer/sint/de0_lite/de0_lite.vhd Line: 64
    Warning (13040): bidirectional pin "ARDUINO_IO[9]" has no driver File: C:/Users/rfr_9/Desktop/IFSC/9Fase/Dispositivos_logicos_programaveis/projeto_final/riscv-multicycle/peripherals/timer/sint/de0_lite/de0_lite.vhd Line: 64
    Warning (13040): bidirectional pin "ARDUINO_IO[8]" has no driver File: C:/Users/rfr_9/Desktop/IFSC/9Fase/Dispositivos_logicos_programaveis/projeto_final/riscv-multicycle/peripherals/timer/sint/de0_lite/de0_lite.vhd Line: 64
    Warning (13040): bidirectional pin "ARDUINO_IO[7]" has no driver File: C:/Users/rfr_9/Desktop/IFSC/9Fase/Dispositivos_logicos_programaveis/projeto_final/riscv-multicycle/peripherals/timer/sint/de0_lite/de0_lite.vhd Line: 64
    Warning (13040): bidirectional pin "ARDUINO_IO[6]" has no driver File: C:/Users/rfr_9/Desktop/IFSC/9Fase/Dispositivos_logicos_programaveis/projeto_final/riscv-multicycle/peripherals/timer/sint/de0_lite/de0_lite.vhd Line: 64
    Warning (13040): bidirectional pin "ARDUINO_IO[5]" has no driver File: C:/Users/rfr_9/Desktop/IFSC/9Fase/Dispositivos_logicos_programaveis/projeto_final/riscv-multicycle/peripherals/timer/sint/de0_lite/de0_lite.vhd Line: 64
    Warning (13040): bidirectional pin "ARDUINO_IO[4]" has no driver File: C:/Users/rfr_9/Desktop/IFSC/9Fase/Dispositivos_logicos_programaveis/projeto_final/riscv-multicycle/peripherals/timer/sint/de0_lite/de0_lite.vhd Line: 64
    Warning (13040): bidirectional pin "ARDUINO_IO[3]" has no driver File: C:/Users/rfr_9/Desktop/IFSC/9Fase/Dispositivos_logicos_programaveis/projeto_final/riscv-multicycle/peripherals/timer/sint/de0_lite/de0_lite.vhd Line: 64
    Warning (13040): bidirectional pin "ARDUINO_IO[2]" has no driver File: C:/Users/rfr_9/Desktop/IFSC/9Fase/Dispositivos_logicos_programaveis/projeto_final/riscv-multicycle/peripherals/timer/sint/de0_lite/de0_lite.vhd Line: 64
    Warning (13040): bidirectional pin "ARDUINO_IO[1]" has no driver File: C:/Users/rfr_9/Desktop/IFSC/9Fase/Dispositivos_logicos_programaveis/projeto_final/riscv-multicycle/peripherals/timer/sint/de0_lite/de0_lite.vhd Line: 64
    Warning (13040): bidirectional pin "ARDUINO_IO[0]" has no driver File: C:/Users/rfr_9/Desktop/IFSC/9Fase/Dispositivos_logicos_programaveis/projeto_final/riscv-multicycle/peripherals/timer/sint/de0_lite/de0_lite.vhd Line: 64
    Warning (13040): bidirectional pin "DRAM_DQ[0]" has no driver File: C:/Users/rfr_9/Desktop/IFSC/9Fase/Dispositivos_logicos_programaveis/projeto_final/riscv-multicycle/peripherals/timer/sint/de0_lite/de0_lite.vhd Line: 26
    Warning (13040): bidirectional pin "DRAM_DQ[1]" has no driver File: C:/Users/rfr_9/Desktop/IFSC/9Fase/Dispositivos_logicos_programaveis/projeto_final/riscv-multicycle/peripherals/timer/sint/de0_lite/de0_lite.vhd Line: 26
    Warning (13040): bidirectional pin "DRAM_DQ[2]" has no driver File: C:/Users/rfr_9/Desktop/IFSC/9Fase/Dispositivos_logicos_programaveis/projeto_final/riscv-multicycle/peripherals/timer/sint/de0_lite/de0_lite.vhd Line: 26
    Warning (13040): bidirectional pin "DRAM_DQ[3]" has no driver File: C:/Users/rfr_9/Desktop/IFSC/9Fase/Dispositivos_logicos_programaveis/projeto_final/riscv-multicycle/peripherals/timer/sint/de0_lite/de0_lite.vhd Line: 26
    Warning (13040): bidirectional pin "DRAM_DQ[4]" has no driver File: C:/Users/rfr_9/Desktop/IFSC/9Fase/Dispositivos_logicos_programaveis/projeto_final/riscv-multicycle/peripherals/timer/sint/de0_lite/de0_lite.vhd Line: 26
    Warning (13040): bidirectional pin "DRAM_DQ[5]" has no driver File: C:/Users/rfr_9/Desktop/IFSC/9Fase/Dispositivos_logicos_programaveis/projeto_final/riscv-multicycle/peripherals/timer/sint/de0_lite/de0_lite.vhd Line: 26
    Warning (13040): bidirectional pin "DRAM_DQ[6]" has no driver File: C:/Users/rfr_9/Desktop/IFSC/9Fase/Dispositivos_logicos_programaveis/projeto_final/riscv-multicycle/peripherals/timer/sint/de0_lite/de0_lite.vhd Line: 26
    Warning (13040): bidirectional pin "DRAM_DQ[7]" has no driver File: C:/Users/rfr_9/Desktop/IFSC/9Fase/Dispositivos_logicos_programaveis/projeto_final/riscv-multicycle/peripherals/timer/sint/de0_lite/de0_lite.vhd Line: 26
    Warning (13040): bidirectional pin "DRAM_DQ[8]" has no driver File: C:/Users/rfr_9/Desktop/IFSC/9Fase/Dispositivos_logicos_programaveis/projeto_final/riscv-multicycle/peripherals/timer/sint/de0_lite/de0_lite.vhd Line: 26
    Warning (13040): bidirectional pin "DRAM_DQ[9]" has no driver File: C:/Users/rfr_9/Desktop/IFSC/9Fase/Dispositivos_logicos_programaveis/projeto_final/riscv-multicycle/peripherals/timer/sint/de0_lite/de0_lite.vhd Line: 26
    Warning (13040): bidirectional pin "DRAM_DQ[10]" has no driver File: C:/Users/rfr_9/Desktop/IFSC/9Fase/Dispositivos_logicos_programaveis/projeto_final/riscv-multicycle/peripherals/timer/sint/de0_lite/de0_lite.vhd Line: 26
    Warning (13040): bidirectional pin "DRAM_DQ[11]" has no driver File: C:/Users/rfr_9/Desktop/IFSC/9Fase/Dispositivos_logicos_programaveis/projeto_final/riscv-multicycle/peripherals/timer/sint/de0_lite/de0_lite.vhd Line: 26
    Warning (13040): bidirectional pin "DRAM_DQ[12]" has no driver File: C:/Users/rfr_9/Desktop/IFSC/9Fase/Dispositivos_logicos_programaveis/projeto_final/riscv-multicycle/peripherals/timer/sint/de0_lite/de0_lite.vhd Line: 26
    Warning (13040): bidirectional pin "DRAM_DQ[13]" has no driver File: C:/Users/rfr_9/Desktop/IFSC/9Fase/Dispositivos_logicos_programaveis/projeto_final/riscv-multicycle/peripherals/timer/sint/de0_lite/de0_lite.vhd Line: 26
    Warning (13040): bidirectional pin "DRAM_DQ[14]" has no driver File: C:/Users/rfr_9/Desktop/IFSC/9Fase/Dispositivos_logicos_programaveis/projeto_final/riscv-multicycle/peripherals/timer/sint/de0_lite/de0_lite.vhd Line: 26
    Warning (13040): bidirectional pin "DRAM_DQ[15]" has no driver File: C:/Users/rfr_9/Desktop/IFSC/9Fase/Dispositivos_logicos_programaveis/projeto_final/riscv-multicycle/peripherals/timer/sint/de0_lite/de0_lite.vhd Line: 26
    Warning (13040): bidirectional pin "GSENSOR_SDI" has no driver File: C:/Users/rfr_9/Desktop/IFSC/9Fase/Dispositivos_logicos_programaveis/projeto_final/riscv-multicycle/peripherals/timer/sint/de0_lite/de0_lite.vhd Line: 60
    Warning (13040): bidirectional pin "GSENSOR_SDO" has no driver File: C:/Users/rfr_9/Desktop/IFSC/9Fase/Dispositivos_logicos_programaveis/projeto_final/riscv-multicycle/peripherals/timer/sint/de0_lite/de0_lite.vhd Line: 61
    Warning (13040): bidirectional pin "ARDUINO_RESET_N" has no driver File: C:/Users/rfr_9/Desktop/IFSC/9Fase/Dispositivos_logicos_programaveis/projeto_final/riscv-multicycle/peripherals/timer/sint/de0_lite/de0_lite.vhd Line: 65
Warning (13024): Output pins are stuck at VCC or GND
    Warning (13410): Pin "DRAM_ADDR[0]" is stuck at GND File: C:/Users/rfr_9/Desktop/IFSC/9Fase/Dispositivos_logicos_programaveis/projeto_final/riscv-multicycle/peripherals/timer/sint/de0_lite/de0_lite.vhd Line: 20
    Warning (13410): Pin "DRAM_ADDR[1]" is stuck at GND File: C:/Users/rfr_9/Desktop/IFSC/9Fase/Dispositivos_logicos_programaveis/projeto_final/riscv-multicycle/peripherals/timer/sint/de0_lite/de0_lite.vhd Line: 20
    Warning (13410): Pin "DRAM_ADDR[2]" is stuck at GND File: C:/Users/rfr_9/Desktop/IFSC/9Fase/Dispositivos_logicos_programaveis/projeto_final/riscv-multicycle/peripherals/timer/sint/de0_lite/de0_lite.vhd Line: 20
    Warning (13410): Pin "DRAM_ADDR[3]" is stuck at GND File: C:/Users/rfr_9/Desktop/IFSC/9Fase/Dispositivos_logicos_programaveis/projeto_final/riscv-multicycle/peripherals/timer/sint/de0_lite/de0_lite.vhd Line: 20
    Warning (13410): Pin "DRAM_ADDR[4]" is stuck at GND File: C:/Users/rfr_9/Desktop/IFSC/9Fase/Dispositivos_logicos_programaveis/projeto_final/riscv-multicycle/peripherals/timer/sint/de0_lite/de0_lite.vhd Line: 20
    Warning (13410): Pin "DRAM_ADDR[5]" is stuck at GND File: C:/Users/rfr_9/Desktop/IFSC/9Fase/Dispositivos_logicos_programaveis/projeto_final/riscv-multicycle/peripherals/timer/sint/de0_lite/de0_lite.vhd Line: 20
    Warning (13410): Pin "DRAM_ADDR[6]" is stuck at GND File: C:/Users/rfr_9/Desktop/IFSC/9Fase/Dispositivos_logicos_programaveis/projeto_final/riscv-multicycle/peripherals/timer/sint/de0_lite/de0_lite.vhd Line: 20
    Warning (13410): Pin "DRAM_ADDR[7]" is stuck at GND File: C:/Users/rfr_9/Desktop/IFSC/9Fase/Dispositivos_logicos_programaveis/projeto_final/riscv-multicycle/peripherals/timer/sint/de0_lite/de0_lite.vhd Line: 20
    Warning (13410): Pin "DRAM_ADDR[8]" is stuck at GND File: C:/Users/rfr_9/Desktop/IFSC/9Fase/Dispositivos_logicos_programaveis/projeto_final/riscv-multicycle/peripherals/timer/sint/de0_lite/de0_lite.vhd Line: 20
    Warning (13410): Pin "DRAM_ADDR[9]" is stuck at GND File: C:/Users/rfr_9/Desktop/IFSC/9Fase/Dispositivos_logicos_programaveis/projeto_final/riscv-multicycle/peripherals/timer/sint/de0_lite/de0_lite.vhd Line: 20
    Warning (13410): Pin "DRAM_ADDR[10]" is stuck at GND File: C:/Users/rfr_9/Desktop/IFSC/9Fase/Dispositivos_logicos_programaveis/projeto_final/riscv-multicycle/peripherals/timer/sint/de0_lite/de0_lite.vhd Line: 20
    Warning (13410): Pin "DRAM_ADDR[11]" is stuck at GND File: C:/Users/rfr_9/Desktop/IFSC/9Fase/Dispositivos_logicos_programaveis/projeto_final/riscv-multicycle/peripherals/timer/sint/de0_lite/de0_lite.vhd Line: 20
    Warning (13410): Pin "DRAM_ADDR[12]" is stuck at GND File: C:/Users/rfr_9/Desktop/IFSC/9Fase/Dispositivos_logicos_programaveis/projeto_final/riscv-multicycle/peripherals/timer/sint/de0_lite/de0_lite.vhd Line: 20
    Warning (13410): Pin "DRAM_BA[0]" is stuck at GND File: C:/Users/rfr_9/Desktop/IFSC/9Fase/Dispositivos_logicos_programaveis/projeto_final/riscv-multicycle/peripherals/timer/sint/de0_lite/de0_lite.vhd Line: 21
    Warning (13410): Pin "DRAM_BA[1]" is stuck at GND File: C:/Users/rfr_9/Desktop/IFSC/9Fase/Dispositivos_logicos_programaveis/projeto_final/riscv-multicycle/peripherals/timer/sint/de0_lite/de0_lite.vhd Line: 21
    Warning (13410): Pin "DRAM_CAS_N" is stuck at GND File: C:/Users/rfr_9/Desktop/IFSC/9Fase/Dispositivos_logicos_programaveis/projeto_final/riscv-multicycle/peripherals/timer/sint/de0_lite/de0_lite.vhd Line: 22
    Warning (13410): Pin "DRAM_CKE" is stuck at GND File: C:/Users/rfr_9/Desktop/IFSC/9Fase/Dispositivos_logicos_programaveis/projeto_final/riscv-multicycle/peripherals/timer/sint/de0_lite/de0_lite.vhd Line: 23
    Warning (13410): Pin "DRAM_CLK" is stuck at GND File: C:/Users/rfr_9/Desktop/IFSC/9Fase/Dispositivos_logicos_programaveis/projeto_final/riscv-multicycle/peripherals/timer/sint/de0_lite/de0_lite.vhd Line: 24
    Warning (13410): Pin "DRAM_CS_N" is stuck at GND File: C:/Users/rfr_9/Desktop/IFSC/9Fase/Dispositivos_logicos_programaveis/projeto_final/riscv-multicycle/peripherals/timer/sint/de0_lite/de0_lite.vhd Line: 25
    Warning (13410): Pin "DRAM_LDQM" is stuck at GND File: C:/Users/rfr_9/Desktop/IFSC/9Fase/Dispositivos_logicos_programaveis/projeto_final/riscv-multicycle/peripherals/timer/sint/de0_lite/de0_lite.vhd Line: 27
    Warning (13410): Pin "DRAM_RAS_N" is stuck at GND File: C:/Users/rfr_9/Desktop/IFSC/9Fase/Dispositivos_logicos_programaveis/projeto_final/riscv-multicycle/peripherals/timer/sint/de0_lite/de0_lite.vhd Line: 28
    Warning (13410): Pin "DRAM_UDQM" is stuck at GND File: C:/Users/rfr_9/Desktop/IFSC/9Fase/Dispositivos_logicos_programaveis/projeto_final/riscv-multicycle/peripherals/timer/sint/de0_lite/de0_lite.vhd Line: 29
    Warning (13410): Pin "DRAM_WE_N" is stuck at GND File: C:/Users/rfr_9/Desktop/IFSC/9Fase/Dispositivos_logicos_programaveis/projeto_final/riscv-multicycle/peripherals/timer/sint/de0_lite/de0_lite.vhd Line: 30
    Warning (13410): Pin "HEX0[0]" is stuck at GND File: C:/Users/rfr_9/Desktop/IFSC/9Fase/Dispositivos_logicos_programaveis/projeto_final/riscv-multicycle/peripherals/timer/sint/de0_lite/de0_lite.vhd Line: 33
    Warning (13410): Pin "HEX0[1]" is stuck at GND File: C:/Users/rfr_9/Desktop/IFSC/9Fase/Dispositivos_logicos_programaveis/projeto_final/riscv-multicycle/peripherals/timer/sint/de0_lite/de0_lite.vhd Line: 33
    Warning (13410): Pin "HEX0[2]" is stuck at GND File: C:/Users/rfr_9/Desktop/IFSC/9Fase/Dispositivos_logicos_programaveis/projeto_final/riscv-multicycle/peripherals/timer/sint/de0_lite/de0_lite.vhd Line: 33
    Warning (13410): Pin "HEX0[3]" is stuck at GND File: C:/Users/rfr_9/Desktop/IFSC/9Fase/Dispositivos_logicos_programaveis/projeto_final/riscv-multicycle/peripherals/timer/sint/de0_lite/de0_lite.vhd Line: 33
    Warning (13410): Pin "HEX0[4]" is stuck at GND File: C:/Users/rfr_9/Desktop/IFSC/9Fase/Dispositivos_logicos_programaveis/projeto_final/riscv-multicycle/peripherals/timer/sint/de0_lite/de0_lite.vhd Line: 33
    Warning (13410): Pin "HEX0[5]" is stuck at GND File: C:/Users/rfr_9/Desktop/IFSC/9Fase/Dispositivos_logicos_programaveis/projeto_final/riscv-multicycle/peripherals/timer/sint/de0_lite/de0_lite.vhd Line: 33
    Warning (13410): Pin "HEX0[6]" is stuck at GND File: C:/Users/rfr_9/Desktop/IFSC/9Fase/Dispositivos_logicos_programaveis/projeto_final/riscv-multicycle/peripherals/timer/sint/de0_lite/de0_lite.vhd Line: 33
    Warning (13410): Pin "HEX0[7]" is stuck at GND File: C:/Users/rfr_9/Desktop/IFSC/9Fase/Dispositivos_logicos_programaveis/projeto_final/riscv-multicycle/peripherals/timer/sint/de0_lite/de0_lite.vhd Line: 33
    Warning (13410): Pin "HEX1[0]" is stuck at GND File: C:/Users/rfr_9/Desktop/IFSC/9Fase/Dispositivos_logicos_programaveis/projeto_final/riscv-multicycle/peripherals/timer/sint/de0_lite/de0_lite.vhd Line: 34
    Warning (13410): Pin "HEX1[1]" is stuck at GND File: C:/Users/rfr_9/Desktop/IFSC/9Fase/Dispositivos_logicos_programaveis/projeto_final/riscv-multicycle/peripherals/timer/sint/de0_lite/de0_lite.vhd Line: 34
    Warning (13410): Pin "HEX1[2]" is stuck at GND File: C:/Users/rfr_9/Desktop/IFSC/9Fase/Dispositivos_logicos_programaveis/projeto_final/riscv-multicycle/peripherals/timer/sint/de0_lite/de0_lite.vhd Line: 34
    Warning (13410): Pin "HEX1[3]" is stuck at GND File: C:/Users/rfr_9/Desktop/IFSC/9Fase/Dispositivos_logicos_programaveis/projeto_final/riscv-multicycle/peripherals/timer/sint/de0_lite/de0_lite.vhd Line: 34
    Warning (13410): Pin "HEX1[4]" is stuck at GND File: C:/Users/rfr_9/Desktop/IFSC/9Fase/Dispositivos_logicos_programaveis/projeto_final/riscv-multicycle/peripherals/timer/sint/de0_lite/de0_lite.vhd Line: 34
    Warning (13410): Pin "HEX1[5]" is stuck at GND File: C:/Users/rfr_9/Desktop/IFSC/9Fase/Dispositivos_logicos_programaveis/projeto_final/riscv-multicycle/peripherals/timer/sint/de0_lite/de0_lite.vhd Line: 34
    Warning (13410): Pin "HEX1[6]" is stuck at GND File: C:/Users/rfr_9/Desktop/IFSC/9Fase/Dispositivos_logicos_programaveis/projeto_final/riscv-multicycle/peripherals/timer/sint/de0_lite/de0_lite.vhd Line: 34
    Warning (13410): Pin "HEX1[7]" is stuck at GND File: C:/Users/rfr_9/Desktop/IFSC/9Fase/Dispositivos_logicos_programaveis/projeto_final/riscv-multicycle/peripherals/timer/sint/de0_lite/de0_lite.vhd Line: 34
    Warning (13410): Pin "HEX2[0]" is stuck at GND File: C:/Users/rfr_9/Desktop/IFSC/9Fase/Dispositivos_logicos_programaveis/projeto_final/riscv-multicycle/peripherals/timer/sint/de0_lite/de0_lite.vhd Line: 35
    Warning (13410): Pin "HEX2[1]" is stuck at GND File: C:/Users/rfr_9/Desktop/IFSC/9Fase/Dispositivos_logicos_programaveis/projeto_final/riscv-multicycle/peripherals/timer/sint/de0_lite/de0_lite.vhd Line: 35
    Warning (13410): Pin "HEX2[2]" is stuck at GND File: C:/Users/rfr_9/Desktop/IFSC/9Fase/Dispositivos_logicos_programaveis/projeto_final/riscv-multicycle/peripherals/timer/sint/de0_lite/de0_lite.vhd Line: 35
    Warning (13410): Pin "HEX2[3]" is stuck at GND File: C:/Users/rfr_9/Desktop/IFSC/9Fase/Dispositivos_logicos_programaveis/projeto_final/riscv-multicycle/peripherals/timer/sint/de0_lite/de0_lite.vhd Line: 35
    Warning (13410): Pin "HEX2[4]" is stuck at GND File: C:/Users/rfr_9/Desktop/IFSC/9Fase/Dispositivos_logicos_programaveis/projeto_final/riscv-multicycle/peripherals/timer/sint/de0_lite/de0_lite.vhd Line: 35
    Warning (13410): Pin "HEX2[5]" is stuck at GND File: C:/Users/rfr_9/Desktop/IFSC/9Fase/Dispositivos_logicos_programaveis/projeto_final/riscv-multicycle/peripherals/timer/sint/de0_lite/de0_lite.vhd Line: 35
    Warning (13410): Pin "HEX2[6]" is stuck at GND File: C:/Users/rfr_9/Desktop/IFSC/9Fase/Dispositivos_logicos_programaveis/projeto_final/riscv-multicycle/peripherals/timer/sint/de0_lite/de0_lite.vhd Line: 35
    Warning (13410): Pin "HEX2[7]" is stuck at GND File: C:/Users/rfr_9/Desktop/IFSC/9Fase/Dispositivos_logicos_programaveis/projeto_final/riscv-multicycle/peripherals/timer/sint/de0_lite/de0_lite.vhd Line: 35
    Warning (13410): Pin "HEX3[0]" is stuck at GND File: C:/Users/rfr_9/Desktop/IFSC/9Fase/Dispositivos_logicos_programaveis/projeto_final/riscv-multicycle/peripherals/timer/sint/de0_lite/de0_lite.vhd Line: 36
    Warning (13410): Pin "HEX3[1]" is stuck at GND File: C:/Users/rfr_9/Desktop/IFSC/9Fase/Dispositivos_logicos_programaveis/projeto_final/riscv-multicycle/peripherals/timer/sint/de0_lite/de0_lite.vhd Line: 36
    Warning (13410): Pin "HEX3[2]" is stuck at GND File: C:/Users/rfr_9/Desktop/IFSC/9Fase/Dispositivos_logicos_programaveis/projeto_final/riscv-multicycle/peripherals/timer/sint/de0_lite/de0_lite.vhd Line: 36
    Warning (13410): Pin "HEX3[3]" is stuck at GND File: C:/Users/rfr_9/Desktop/IFSC/9Fase/Dispositivos_logicos_programaveis/projeto_final/riscv-multicycle/peripherals/timer/sint/de0_lite/de0_lite.vhd Line: 36
    Warning (13410): Pin "HEX3[4]" is stuck at GND File: C:/Users/rfr_9/Desktop/IFSC/9Fase/Dispositivos_logicos_programaveis/projeto_final/riscv-multicycle/peripherals/timer/sint/de0_lite/de0_lite.vhd Line: 36
    Warning (13410): Pin "HEX3[5]" is stuck at GND File: C:/Users/rfr_9/Desktop/IFSC/9Fase/Dispositivos_logicos_programaveis/projeto_final/riscv-multicycle/peripherals/timer/sint/de0_lite/de0_lite.vhd Line: 36
    Warning (13410): Pin "HEX3[6]" is stuck at GND File: C:/Users/rfr_9/Desktop/IFSC/9Fase/Dispositivos_logicos_programaveis/projeto_final/riscv-multicycle/peripherals/timer/sint/de0_lite/de0_lite.vhd Line: 36
    Warning (13410): Pin "HEX3[7]" is stuck at GND File: C:/Users/rfr_9/Desktop/IFSC/9Fase/Dispositivos_logicos_programaveis/projeto_final/riscv-multicycle/peripherals/timer/sint/de0_lite/de0_lite.vhd Line: 36
    Warning (13410): Pin "HEX4[0]" is stuck at GND File: C:/Users/rfr_9/Desktop/IFSC/9Fase/Dispositivos_logicos_programaveis/projeto_final/riscv-multicycle/peripherals/timer/sint/de0_lite/de0_lite.vhd Line: 37
    Warning (13410): Pin "HEX4[1]" is stuck at GND File: C:/Users/rfr_9/Desktop/IFSC/9Fase/Dispositivos_logicos_programaveis/projeto_final/riscv-multicycle/peripherals/timer/sint/de0_lite/de0_lite.vhd Line: 37
    Warning (13410): Pin "HEX4[2]" is stuck at GND File: C:/Users/rfr_9/Desktop/IFSC/9Fase/Dispositivos_logicos_programaveis/projeto_final/riscv-multicycle/peripherals/timer/sint/de0_lite/de0_lite.vhd Line: 37
    Warning (13410): Pin "HEX4[3]" is stuck at GND File: C:/Users/rfr_9/Desktop/IFSC/9Fase/Dispositivos_logicos_programaveis/projeto_final/riscv-multicycle/peripherals/timer/sint/de0_lite/de0_lite.vhd Line: 37
    Warning (13410): Pin "HEX4[4]" is stuck at GND File: C:/Users/rfr_9/Desktop/IFSC/9Fase/Dispositivos_logicos_programaveis/projeto_final/riscv-multicycle/peripherals/timer/sint/de0_lite/de0_lite.vhd Line: 37
    Warning (13410): Pin "HEX4[5]" is stuck at GND File: C:/Users/rfr_9/Desktop/IFSC/9Fase/Dispositivos_logicos_programaveis/projeto_final/riscv-multicycle/peripherals/timer/sint/de0_lite/de0_lite.vhd Line: 37
    Warning (13410): Pin "HEX4[6]" is stuck at GND File: C:/Users/rfr_9/Desktop/IFSC/9Fase/Dispositivos_logicos_programaveis/projeto_final/riscv-multicycle/peripherals/timer/sint/de0_lite/de0_lite.vhd Line: 37
    Warning (13410): Pin "HEX4[7]" is stuck at GND File: C:/Users/rfr_9/Desktop/IFSC/9Fase/Dispositivos_logicos_programaveis/projeto_final/riscv-multicycle/peripherals/timer/sint/de0_lite/de0_lite.vhd Line: 37
    Warning (13410): Pin "HEX5[0]" is stuck at GND File: C:/Users/rfr_9/Desktop/IFSC/9Fase/Dispositivos_logicos_programaveis/projeto_final/riscv-multicycle/peripherals/timer/sint/de0_lite/de0_lite.vhd Line: 38
    Warning (13410): Pin "HEX5[1]" is stuck at GND File: C:/Users/rfr_9/Desktop/IFSC/9Fase/Dispositivos_logicos_programaveis/projeto_final/riscv-multicycle/peripherals/timer/sint/de0_lite/de0_lite.vhd Line: 38
    Warning (13410): Pin "HEX5[2]" is stuck at GND File: C:/Users/rfr_9/Desktop/IFSC/9Fase/Dispositivos_logicos_programaveis/projeto_final/riscv-multicycle/peripherals/timer/sint/de0_lite/de0_lite.vhd Line: 38
    Warning (13410): Pin "HEX5[3]" is stuck at GND File: C:/Users/rfr_9/Desktop/IFSC/9Fase/Dispositivos_logicos_programaveis/projeto_final/riscv-multicycle/peripherals/timer/sint/de0_lite/de0_lite.vhd Line: 38
    Warning (13410): Pin "HEX5[4]" is stuck at GND File: C:/Users/rfr_9/Desktop/IFSC/9Fase/Dispositivos_logicos_programaveis/projeto_final/riscv-multicycle/peripherals/timer/sint/de0_lite/de0_lite.vhd Line: 38
    Warning (13410): Pin "HEX5[5]" is stuck at GND File: C:/Users/rfr_9/Desktop/IFSC/9Fase/Dispositivos_logicos_programaveis/projeto_final/riscv-multicycle/peripherals/timer/sint/de0_lite/de0_lite.vhd Line: 38
    Warning (13410): Pin "HEX5[6]" is stuck at GND File: C:/Users/rfr_9/Desktop/IFSC/9Fase/Dispositivos_logicos_programaveis/projeto_final/riscv-multicycle/peripherals/timer/sint/de0_lite/de0_lite.vhd Line: 38
    Warning (13410): Pin "HEX5[7]" is stuck at GND File: C:/Users/rfr_9/Desktop/IFSC/9Fase/Dispositivos_logicos_programaveis/projeto_final/riscv-multicycle/peripherals/timer/sint/de0_lite/de0_lite.vhd Line: 38
    Warning (13410): Pin "LEDR[0]" is stuck at GND File: C:/Users/rfr_9/Desktop/IFSC/9Fase/Dispositivos_logicos_programaveis/projeto_final/riscv-multicycle/peripherals/timer/sint/de0_lite/de0_lite.vhd Line: 44
    Warning (13410): Pin "LEDR[1]" is stuck at GND File: C:/Users/rfr_9/Desktop/IFSC/9Fase/Dispositivos_logicos_programaveis/projeto_final/riscv-multicycle/peripherals/timer/sint/de0_lite/de0_lite.vhd Line: 44
    Warning (13410): Pin "LEDR[2]" is stuck at GND File: C:/Users/rfr_9/Desktop/IFSC/9Fase/Dispositivos_logicos_programaveis/projeto_final/riscv-multicycle/peripherals/timer/sint/de0_lite/de0_lite.vhd Line: 44
    Warning (13410): Pin "LEDR[3]" is stuck at GND File: C:/Users/rfr_9/Desktop/IFSC/9Fase/Dispositivos_logicos_programaveis/projeto_final/riscv-multicycle/peripherals/timer/sint/de0_lite/de0_lite.vhd Line: 44
    Warning (13410): Pin "LEDR[4]" is stuck at GND File: C:/Users/rfr_9/Desktop/IFSC/9Fase/Dispositivos_logicos_programaveis/projeto_final/riscv-multicycle/peripherals/timer/sint/de0_lite/de0_lite.vhd Line: 44
    Warning (13410): Pin "LEDR[5]" is stuck at GND File: C:/Users/rfr_9/Desktop/IFSC/9Fase/Dispositivos_logicos_programaveis/projeto_final/riscv-multicycle/peripherals/timer/sint/de0_lite/de0_lite.vhd Line: 44
    Warning (13410): Pin "LEDR[6]" is stuck at GND File: C:/Users/rfr_9/Desktop/IFSC/9Fase/Dispositivos_logicos_programaveis/projeto_final/riscv-multicycle/peripherals/timer/sint/de0_lite/de0_lite.vhd Line: 44
    Warning (13410): Pin "LEDR[7]" is stuck at GND File: C:/Users/rfr_9/Desktop/IFSC/9Fase/Dispositivos_logicos_programaveis/projeto_final/riscv-multicycle/peripherals/timer/sint/de0_lite/de0_lite.vhd Line: 44
    Warning (13410): Pin "LEDR[8]" is stuck at GND File: C:/Users/rfr_9/Desktop/IFSC/9Fase/Dispositivos_logicos_programaveis/projeto_final/riscv-multicycle/peripherals/timer/sint/de0_lite/de0_lite.vhd Line: 44
    Warning (13410): Pin "LEDR[9]" is stuck at GND File: C:/Users/rfr_9/Desktop/IFSC/9Fase/Dispositivos_logicos_programaveis/projeto_final/riscv-multicycle/peripherals/timer/sint/de0_lite/de0_lite.vhd Line: 44
    Warning (13410): Pin "VGA_B[0]" is stuck at GND File: C:/Users/rfr_9/Desktop/IFSC/9Fase/Dispositivos_logicos_programaveis/projeto_final/riscv-multicycle/peripherals/timer/sint/de0_lite/de0_lite.vhd Line: 50
    Warning (13410): Pin "VGA_B[1]" is stuck at GND File: C:/Users/rfr_9/Desktop/IFSC/9Fase/Dispositivos_logicos_programaveis/projeto_final/riscv-multicycle/peripherals/timer/sint/de0_lite/de0_lite.vhd Line: 50
    Warning (13410): Pin "VGA_B[2]" is stuck at GND File: C:/Users/rfr_9/Desktop/IFSC/9Fase/Dispositivos_logicos_programaveis/projeto_final/riscv-multicycle/peripherals/timer/sint/de0_lite/de0_lite.vhd Line: 50
    Warning (13410): Pin "VGA_B[3]" is stuck at GND File: C:/Users/rfr_9/Desktop/IFSC/9Fase/Dispositivos_logicos_programaveis/projeto_final/riscv-multicycle/peripherals/timer/sint/de0_lite/de0_lite.vhd Line: 50
    Warning (13410): Pin "VGA_G[0]" is stuck at GND File: C:/Users/rfr_9/Desktop/IFSC/9Fase/Dispositivos_logicos_programaveis/projeto_final/riscv-multicycle/peripherals/timer/sint/de0_lite/de0_lite.vhd Line: 51
    Warning (13410): Pin "VGA_G[1]" is stuck at GND File: C:/Users/rfr_9/Desktop/IFSC/9Fase/Dispositivos_logicos_programaveis/projeto_final/riscv-multicycle/peripherals/timer/sint/de0_lite/de0_lite.vhd Line: 51
    Warning (13410): Pin "VGA_G[2]" is stuck at GND File: C:/Users/rfr_9/Desktop/IFSC/9Fase/Dispositivos_logicos_programaveis/projeto_final/riscv-multicycle/peripherals/timer/sint/de0_lite/de0_lite.vhd Line: 51
    Warning (13410): Pin "VGA_G[3]" is stuck at GND File: C:/Users/rfr_9/Desktop/IFSC/9Fase/Dispositivos_logicos_programaveis/projeto_final/riscv-multicycle/peripherals/timer/sint/de0_lite/de0_lite.vhd Line: 51
    Warning (13410): Pin "VGA_HS" is stuck at GND File: C:/Users/rfr_9/Desktop/IFSC/9Fase/Dispositivos_logicos_programaveis/projeto_final/riscv-multicycle/peripherals/timer/sint/de0_lite/de0_lite.vhd Line: 52
    Warning (13410): Pin "VGA_R[0]" is stuck at GND File: C:/Users/rfr_9/Desktop/IFSC/9Fase/Dispositivos_logicos_programaveis/projeto_final/riscv-multicycle/peripherals/timer/sint/de0_lite/de0_lite.vhd Line: 53
    Warning (13410): Pin "VGA_R[1]" is stuck at GND File: C:/Users/rfr_9/Desktop/IFSC/9Fase/Dispositivos_logicos_programaveis/projeto_final/riscv-multicycle/peripherals/timer/sint/de0_lite/de0_lite.vhd Line: 53
    Warning (13410): Pin "VGA_R[2]" is stuck at GND File: C:/Users/rfr_9/Desktop/IFSC/9Fase/Dispositivos_logicos_programaveis/projeto_final/riscv-multicycle/peripherals/timer/sint/de0_lite/de0_lite.vhd Line: 53
    Warning (13410): Pin "VGA_R[3]" is stuck at GND File: C:/Users/rfr_9/Desktop/IFSC/9Fase/Dispositivos_logicos_programaveis/projeto_final/riscv-multicycle/peripherals/timer/sint/de0_lite/de0_lite.vhd Line: 53
    Warning (13410): Pin "VGA_VS" is stuck at GND File: C:/Users/rfr_9/Desktop/IFSC/9Fase/Dispositivos_logicos_programaveis/projeto_final/riscv-multicycle/peripherals/timer/sint/de0_lite/de0_lite.vhd Line: 54
    Warning (13410): Pin "GSENSOR_CS_N" is stuck at GND File: C:/Users/rfr_9/Desktop/IFSC/9Fase/Dispositivos_logicos_programaveis/projeto_final/riscv-multicycle/peripherals/timer/sint/de0_lite/de0_lite.vhd Line: 57
    Warning (13410): Pin "GSENSOR_SCLK" is stuck at GND File: C:/Users/rfr_9/Desktop/IFSC/9Fase/Dispositivos_logicos_programaveis/projeto_final/riscv-multicycle/peripherals/timer/sint/de0_lite/de0_lite.vhd Line: 59
Info (16010): Generating hard_block partition "hard_block:auto_generated_inst"
    Info (16011): Adding 0 node(s), including 0 DDIO, 0 PLL, 0 transceiver and 0 LCELL
Warning (21074): Design contains 17 input pin(s) that do not drive logic
    Warning (15610): No output dependent on input pin "ADC_CLK_10" File: C:/Users/rfr_9/Desktop/IFSC/9Fase/Dispositivos_logicos_programaveis/projeto_final/riscv-multicycle/peripherals/timer/sint/de0_lite/de0_lite.vhd Line: 15
    Warning (15610): No output dependent on input pin "MAX10_CLK1_50" File: C:/Users/rfr_9/Desktop/IFSC/9Fase/Dispositivos_logicos_programaveis/projeto_final/riscv-multicycle/peripherals/timer/sint/de0_lite/de0_lite.vhd Line: 16
    Warning (15610): No output dependent on input pin "MAX10_CLK2_50" File: C:/Users/rfr_9/Desktop/IFSC/9Fase/Dispositivos_logicos_programaveis/projeto_final/riscv-multicycle/peripherals/timer/sint/de0_lite/de0_lite.vhd Line: 17
    Warning (15610): No output dependent on input pin "KEY[0]" File: C:/Users/rfr_9/Desktop/IFSC/9Fase/Dispositivos_logicos_programaveis/projeto_final/riscv-multicycle/peripherals/timer/sint/de0_lite/de0_lite.vhd Line: 41
    Warning (15610): No output dependent on input pin "KEY[1]" File: C:/Users/rfr_9/Desktop/IFSC/9Fase/Dispositivos_logicos_programaveis/projeto_final/riscv-multicycle/peripherals/timer/sint/de0_lite/de0_lite.vhd Line: 41
    Warning (15610): No output dependent on input pin "SW[0]" File: C:/Users/rfr_9/Desktop/IFSC/9Fase/Dispositivos_logicos_programaveis/projeto_final/riscv-multicycle/peripherals/timer/sint/de0_lite/de0_lite.vhd Line: 47
    Warning (15610): No output dependent on input pin "SW[1]" File: C:/Users/rfr_9/Desktop/IFSC/9Fase/Dispositivos_logicos_programaveis/projeto_final/riscv-multicycle/peripherals/timer/sint/de0_lite/de0_lite.vhd Line: 47
    Warning (15610): No output dependent on input pin "SW[2]" File: C:/Users/rfr_9/Desktop/IFSC/9Fase/Dispositivos_logicos_programaveis/projeto_final/riscv-multicycle/peripherals/timer/sint/de0_lite/de0_lite.vhd Line: 47
    Warning (15610): No output dependent on input pin "SW[3]" File: C:/Users/rfr_9/Desktop/IFSC/9Fase/Dispositivos_logicos_programaveis/projeto_final/riscv-multicycle/peripherals/timer/sint/de0_lite/de0_lite.vhd Line: 47
    Warning (15610): No output dependent on input pin "SW[4]" File: C:/Users/rfr_9/Desktop/IFSC/9Fase/Dispositivos_logicos_programaveis/projeto_final/riscv-multicycle/peripherals/timer/sint/de0_lite/de0_lite.vhd Line: 47
    Warning (15610): No output dependent on input pin "SW[5]" File: C:/Users/rfr_9/Desktop/IFSC/9Fase/Dispositivos_logicos_programaveis/projeto_final/riscv-multicycle/peripherals/timer/sint/de0_lite/de0_lite.vhd Line: 47
    Warning (15610): No output dependent on input pin "SW[6]" File: C:/Users/rfr_9/Desktop/IFSC/9Fase/Dispositivos_logicos_programaveis/projeto_final/riscv-multicycle/peripherals/timer/sint/de0_lite/de0_lite.vhd Line: 47
    Warning (15610): No output dependent on input pin "SW[7]" File: C:/Users/rfr_9/Desktop/IFSC/9Fase/Dispositivos_logicos_programaveis/projeto_final/riscv-multicycle/peripherals/timer/sint/de0_lite/de0_lite.vhd Line: 47
    Warning (15610): No output dependent on input pin "SW[8]" File: C:/Users/rfr_9/Desktop/IFSC/9Fase/Dispositivos_logicos_programaveis/projeto_final/riscv-multicycle/peripherals/timer/sint/de0_lite/de0_lite.vhd Line: 47
    Warning (15610): No output dependent on input pin "SW[9]" File: C:/Users/rfr_9/Desktop/IFSC/9Fase/Dispositivos_logicos_programaveis/projeto_final/riscv-multicycle/peripherals/timer/sint/de0_lite/de0_lite.vhd Line: 47
    Warning (15610): No output dependent on input pin "GSENSOR_INT[1]" File: C:/Users/rfr_9/Desktop/IFSC/9Fase/Dispositivos_logicos_programaveis/projeto_final/riscv-multicycle/peripherals/timer/sint/de0_lite/de0_lite.vhd Line: 58
    Warning (15610): No output dependent on input pin "GSENSOR_INT[2]" File: C:/Users/rfr_9/Desktop/IFSC/9Fase/Dispositivos_logicos_programaveis/projeto_final/riscv-multicycle/peripherals/timer/sint/de0_lite/de0_lite.vhd Line: 58
Info (21057): Implemented 149 device resources after synthesis - the final resource count might be different
    Info (21058): Implemented 17 input pins
    Info (21059): Implemented 97 output pins
    Info (21060): Implemented 35 bidirectional pins
Info: Quartus Prime Analysis & Synthesis was successful. 0 errors, 180 warnings
    Info: Peak virtual memory: 4806 megabytes
    Info: Processing ended: Mon Nov 18 10:28:57 2019
    Info: Elapsed time: 00:00:14
    Info: Total CPU time (on all processors): 00:00:28


