Flow report for DE2_115
Mon Dec  2 11:11:07 2019
Quartus Prime Version 18.1.1 Build 646 04/11/2019 SJ Standard Edition


---------------------
; Table of Contents ;
---------------------
  1. Legal Notice
  2. Flow Summary
  3. Flow Settings
  4. Flow Non-Default Global Settings
  5. Flow Elapsed Time
  6. Flow OS Summary
  7. Flow Log
  8. Flow Messages
  9. Flow Suppressed Messages



----------------
; Legal Notice ;
----------------
Copyright (C) 2019  Intel Corporation. All rights reserved.
Your use of Intel Corporation's design tools, logic functions 
and other software and tools, and any partner logic 
functions, and any output files from any of the foregoing 
(including device programming or simulation files), and any 
associated documentation or information are expressly subject 
to the terms and conditions of the Intel Program License 
Subscription Agreement, the Intel Quartus Prime License Agreement,
the Intel FPGA IP License Agreement, or other applicable license
agreement, including, without limitation, that your use is for
the sole purpose of programming logic devices manufactured by
Intel and sold by Intel or its authorized distributors.  Please
refer to the applicable agreement for further details, at
https://fpgasoftware.intel.com/eula.



+--------------------------------------------------------------------------------------+
; Flow Summary                                                                         ;
+------------------------------------+-------------------------------------------------+
; Flow Status                        ; Successful - Mon Dec  2 11:11:02 2019           ;
; Quartus Prime Version              ; 18.1.1 Build 646 04/11/2019 SJ Standard Edition ;
; Revision Name                      ; DE2_115                                         ;
; Top-level Entity Name              ; DE2_115                                         ;
; Family                             ; Cyclone IV E                                    ;
; Device                             ; EP4CE115F29C7                                   ;
; Timing Models                      ; Final                                           ;
; Total logic elements               ; 6,778 / 114,480 ( 6 % )                         ;
;     Total combinational functions  ; 6,713 / 114,480 ( 6 % )                         ;
;     Dedicated logic registers      ; 393 / 114,480 ( < 1 % )                         ;
; Total registers                    ; 393                                             ;
; Total pins                         ; 400 / 529 ( 76 % )                              ;
; Total virtual pins                 ; 0                                               ;
; Total memory bits                  ; 67,584 / 3,981,312 ( 2 % )                      ;
; Embedded Multiplier 9-bit elements ; 16 / 532 ( 3 % )                                ;
; Total PLLs                         ; 1 / 4 ( 25 % )                                  ;
+------------------------------------+-------------------------------------------------+


+-----------------------------------------+
; Flow Settings                           ;
+-------------------+---------------------+
; Option            ; Setting             ;
+-------------------+---------------------+
; Start date & time ; 12/02/2019 11:09:50 ;
; Main task         ; Compilation         ;
; Revision Name     ; DE2_115             ;
+-------------------+---------------------+


+-------------------------------------------------------------------------------------------------------------------------+
; Flow Non-Default Global Settings                                                                                        ;
+-------------------------------------+----------------------------------------+---------------+-------------+------------+
; Assignment Name                     ; Value                                  ; Default Value ; Entity Name ; Section Id ;
+-------------------------------------+----------------------------------------+---------------+-------------+------------+
; COMPILER_SIGNATURE_ID               ; 99312853569272.157529579032491         ; --            ; --          ; --         ;
; MAX_CORE_JUNCTION_TEMP              ; 85                                     ; --            ; --          ; --         ;
; MIN_CORE_JUNCTION_TEMP              ; 0                                      ; --            ; --          ; --         ;
; MISC_FILE                           ; pll.ppf                                ; --            ; --          ; --         ;
; PARTITION_COLOR                     ; -- (Not supported for targeted family) ; --            ; --          ; Top        ;
; PARTITION_FITTER_PRESERVATION_LEVEL ; -- (Not supported for targeted family) ; --            ; --          ; Top        ;
; PARTITION_NETLIST_TYPE              ; -- (Not supported for targeted family) ; --            ; --          ; Top        ;
; POWER_BOARD_THERMAL_MODEL           ; None (CONSERVATIVE)                    ; --            ; --          ; --         ;
; POWER_PRESET_COOLING_SOLUTION       ; 23 MM HEAT SINK WITH 200 LFPM AIRFLOW  ; --            ; --          ; --         ;
+-------------------------------------+----------------------------------------+---------------+-------------+------------+


+--------------------------------------------------------------------------------------------------------------------------+
; Flow Elapsed Time                                                                                                        ;
+----------------------+--------------+-------------------------+---------------------+------------------------------------+
; Module Name          ; Elapsed Time ; Average Processors Used ; Peak Virtual Memory ; Total CPU Time (on all processors) ;
+----------------------+--------------+-------------------------+---------------------+------------------------------------+
; Analysis & Synthesis ; 00:00:35     ; 1.0                     ; 1188 MB             ; 00:00:57                           ;
; Fitter               ; 00:00:30     ; 1.1                     ; 1907 MB             ; 00:00:39                           ;
; Assembler            ; 00:00:04     ; 1.0                     ; 974 MB              ; 00:00:04                           ;
; Timing Analyzer      ; 00:00:04     ; 1.3                     ; 1102 MB             ; 00:00:05                           ;
; Total                ; 00:01:13     ; --                      ; --                  ; 00:01:45                           ;
+----------------------+--------------+-------------------------+---------------------+------------------------------------+


+----------------------------------------------------------------------------------------+
; Flow OS Summary                                                                        ;
+----------------------+------------------+--------------+--------------+----------------+
; Module Name          ; Machine Hostname ; OS Name      ; OS Version   ; Processor type ;
+----------------------+------------------+--------------+--------------+----------------+
; Analysis & Synthesis ; fleln            ; CentOS Linux ; CentOS Linux ; x86_64         ;
; Fitter               ; fleln            ; CentOS Linux ; CentOS Linux ; x86_64         ;
; Assembler            ; fleln            ; CentOS Linux ; CentOS Linux ; x86_64         ;
; Timing Analyzer      ; fleln            ; CentOS Linux ; CentOS Linux ; x86_64         ;
+----------------------+------------------+--------------+--------------+----------------+


------------
; Flow Log ;
------------
quartus_map --read_settings_files=on --write_settings_files=off DE2_115 -c DE2_115
quartus_fit --read_settings_files=off --write_settings_files=off DE2_115 -c DE2_115
quartus_asm --read_settings_files=off --write_settings_files=off DE2_115 -c DE2_115
quartus_sta DE2_115 -c DE2_115



