verilog2vhdl:                  Verilog to VHDL Converter
verilog2vhdl:               Version: 01JAN2014 Released on 1st Jan 2014
verilog2vhdl:          Support info: help@edautils.com
verilog2vhdl:      
verilog2vhdl:      Copyright (c) 2012-2013 Kanai Ghosh
verilog2vhdl:      All rights reserved.
verilog2vhdl:       
verilog2vhdl:      Permission to use, copy and modify this software and its documentation
verilog2vhdl:      for educational, research, internal use and non-profit purposes, without fee,
verilog2vhdl:      and without a written agreement is hereby granted, provided that the above
verilog2vhdl:      copyright notice, this paragraph and the following paragraphs appear in
verilog2vhdl:      all copies. Permission to incorporate this software into commercial products
verilog2vhdl:      must be obtained by contacting
verilog2vhdl:        
verilog2vhdl:                 Kanai L. Ghosh 
verilog2vhdl:                 Flat No- A406 
verilog2vhdl:                 Mahaveer Dazzle, Hoodi
verilog2vhdl:                 Bangalore - 560048
verilog2vhdl:                 India
verilog2vhdl:                 Email: klg@edautils.com 
verilog2vhdl:         
verilog2vhdl:           
verilog2vhdl:      IN NO EVENT SHALL KANAI L. GHOSH BE LIABLE TO ANY PARTY FOR 
verilog2vhdl:      DIRECT, INDIRECT, SPECIAL, INCIDENTAL, OR CONSEQUENTIAL
verilog2vhdl:      DAMAGES, INCLUDING LOST PROFITS, ARISING OUT OF THE USE 
verilog2vhdl:      OF THIS SOFTWARE AND ITS DOCUMENTATION, EVEN IF 
verilog2vhdl:      KANAI L. GHOSH HAS BEEN ADVISED OF THE POSSIBILITY OF SUCH 
verilog2vhdl:      DAMAGE. KANAI L. GHOSH SPECIFICALLY DISCLAIMS ANY WARRANTIES,
verilog2vhdl:      INCLUDING, BUT NOT LIMITED TO, THE IMPLIED WARRANTIES OF
verilog2vhdl:      MERCHANTABILITY AND FITNESS FOR A PARTICULAR PURPOSE. THE
verilog2vhdl:      SOFTWARE PROVIDED HEREUNDER IS ON AN "AS IS" BASIS, AND 
verilog2vhdl:      KANAI L. GHOSH HAS NO OBLIGATIONS TO PROVIDE MAINTENANCE,
verilog2vhdl:      SUPPORT, UPDATES, ENHANCEMENTS, OR MODIFICATIONS.
verilog2vhdl:            
verilog2vhdl:             
verilog2vhdl: Note: 51925: Running with option:  -in DE2_115.v -top DE2_115 -out DE2_115.vhdl  ...
verilog2vhdl: Note: 51815: Preprocessing input file '/home/xtarke/Downloads/DE2_115_SystemBuilder_V201/CodeGenerated/DE2_115/DE2_115/DE2_115.v' ...
verilog2vhdl: Note: 51630: Completed first pass of the preprocessing ...
verilog2vhdl: Note: 51632: Finished preprocessing of the file '/home/xtarke/Downloads/DE2_115_SystemBuilder_V201/CodeGenerated/DE2_115/DE2_115/DE2_115.v' ...
verilog2vhdl: Note: 51633: Writtten the preprocessed RTL in the file : /home/xtarke/Downloads/DE2_115_SystemBuilder_V201/CodeGenerated/DE2_115/DE2_115/edautils_temp_2465021662602196970.v ...
verilog2vhdl: Note: 51602: Finished preprocessing of the file '/home/xtarke/Downloads/DE2_115_SystemBuilder_V201/CodeGenerated/DE2_115/DE2_115/DE2_115.v' ...
verilog2vhdl: Note: 51817: Parsing input file '/home/xtarke/Downloads/DE2_115_SystemBuilder_V201/CodeGenerated/DE2_115/DE2_115/DE2_115.v' ...
verilog2vhdl: Note: 51604: Completed  parsing ...
verilog2vhdl: Note: 51926: Memory usage after parsing input file ...
verilog2vhdl:              Total Memory Acuired: 119.0 MB
verilog2vhdl:                              Used: 31.0 MB
verilog2vhdl:                              Free: 88.0 MB
verilog2vhdl:                      Percent Used: 26.05 %
verilog2vhdl:                      Percent Free: 73.94 %
verilog2vhdl: Note: 51928: Memory usage after elaboration ...
verilog2vhdl:                              Used: 11.77 MB
verilog2vhdl:                              Free: 107.22 MB
verilog2vhdl:                      Percent Used: 9.89 %
verilog2vhdl:                      Percent Free: 90.10 %
verilog2vhdl: Note: 51931: Memory usage after printing ...
verilog2vhdl:                              Used: 11.01 MB
verilog2vhdl:                              Free: 107.98 MB
verilog2vhdl:                      Percent Used: 9.25 %
verilog2vhdl:                      Percent Free: 90.74 %
verilog2vhdl: Note: 51921: Found 0 error(s) and 0 warning(s) ...
verilog2vhdl: Note: 51922: Thank you for using this utility
verilog2vhdl: Note: 51923: Send your suggestion/feedback to help@edautils.com
verilog2vhdl: Note: 51924: Exiting ...

