Flow report for de10_lite
Tue Dec  9 20:56:18 2025
Quartus Prime Version 24.1std.0 Build 1077 03/04/2025 SC Lite Edition


---------------------
; Table of Contents ;
---------------------
  1. Legal Notice
  2. Flow Summary
  3. Flow Settings
  4. Flow Non-Default Global Settings
  5. Flow Elapsed Time
  6. Flow OS Summary
  7. Flow Log
  8. Flow Messages
  9. Flow Suppressed Messages



----------------
; Legal Notice ;
----------------
Copyright (C) 2025  Altera Corporation. All rights reserved.
Your use of Altera Corporation's design tools, logic functions 
and other software and tools, and any partner logic 
functions, and any output files from any of the foregoing 
(including device programming or simulation files), and any 
associated documentation or information are expressly subject 
to the terms and conditions of the Altera Program License 
Subscription Agreement, the Altera Quartus Prime License Agreement,
the Altera IP License Agreement, or other applicable license
agreement, including, without limitation, that your use is for
the sole purpose of programming logic devices manufactured by
Altera and sold by Altera or its authorized distributors.  Please
refer to the Altera Software License Subscription Agreements 
on the Quartus Prime software download page.



+--------------------------------------------------------------------------------------+
; Flow Summary                                                                         ;
+------------------------------------+-------------------------------------------------+
; Flow Status                        ; Successful - Tue Dec  9 20:56:09 2025           ;
; Quartus Prime Version              ; 24.1std.0 Build 1077 03/04/2025 SC Lite Edition ;
; Revision Name                      ; de10_lite                                       ;
; Top-level Entity Name              ; de0_lite_gpio                                   ;
; Family                             ; MAX 10                                          ;
; Device                             ; 10M50DAF484C7G                                  ;
; Timing Models                      ; Final                                           ;
; Total logic elements               ; 7,035 / 49,760 ( 14 % )                         ;
;     Total combinational functions  ; 6,635 / 49,760 ( 13 % )                         ;
;     Dedicated logic registers      ; 1,777 / 49,760 ( 4 % )                          ;
; Total registers                    ; 1777                                            ;
; Total pins                         ; 149 / 360 ( 41 % )                              ;
; Total virtual pins                 ; 0                                               ;
; Total memory bits                  ; 67,584 / 1,677,312 ( 4 % )                      ;
; Embedded Multiplier 9-bit elements ; 16 / 288 ( 6 % )                                ;
; Total PLLs                         ; 1 / 4 ( 25 % )                                  ;
; UFM blocks                         ; 0 / 1 ( 0 % )                                   ;
; ADC blocks                         ; 0 / 2 ( 0 % )                                   ;
+------------------------------------+-------------------------------------------------+


+-----------------------------------------+
; Flow Settings                           ;
+-------------------+---------------------+
; Option            ; Setting             ;
+-------------------+---------------------+
; Start date & time ; 12/09/2025 20:54:25 ;
; Main task         ; Compilation         ;
; Revision Name     ; de10_lite           ;
+-------------------+---------------------+


+---------------------------------------------------------------------------------------------------------------------------+
; Flow Non-Default Global Settings                                                                                          ;
+-------------------------------------+----------------------------------------+---------------+---------------+------------+
; Assignment Name                     ; Value                                  ; Default Value ; Entity Name   ; Section Id ;
+-------------------------------------+----------------------------------------+---------------+---------------+------------+
; COMPILER_SIGNATURE_ID               ; 1099068097863.176532446525900          ; --            ; --            ; --         ;
; MAX_CORE_JUNCTION_TEMP              ; 85                                     ; --            ; --            ; --         ;
; MIN_CORE_JUNCTION_TEMP              ; 0                                      ; --            ; --            ; --         ;
; MISC_FILE                           ; pll.ppf                                ; --            ; --            ; --         ;
; NUM_PARALLEL_PROCESSORS             ; All                                    ; --            ; --            ; --         ;
; OUTPUT_IO_TIMING_FAR_END_VMEAS      ; Half Signal Swing                      ; --            ; --            ; --         ;
; OUTPUT_IO_TIMING_FAR_END_VMEAS      ; Half Signal Swing                      ; --            ; --            ; --         ;
; OUTPUT_IO_TIMING_NEAR_END_VMEAS     ; Half Vccio                             ; --            ; --            ; --         ;
; OUTPUT_IO_TIMING_NEAR_END_VMEAS     ; Half Vccio                             ; --            ; --            ; --         ;
; PARTITION_COLOR                     ; -- (Not supported for targeted family) ; --            ; de0_lite_gpio ; Top        ;
; PARTITION_FITTER_PRESERVATION_LEVEL ; -- (Not supported for targeted family) ; --            ; de0_lite_gpio ; Top        ;
; PARTITION_NETLIST_TYPE              ; -- (Not supported for targeted family) ; --            ; de0_lite_gpio ; Top        ;
; POWER_BOARD_THERMAL_MODEL           ; None (CONSERVATIVE)                    ; --            ; --            ; --         ;
; POWER_PRESET_COOLING_SOLUTION       ; 23 MM HEAT SINK WITH 200 LFPM AIRFLOW  ; --            ; --            ; --         ;
; PROJECT_OUTPUT_DIRECTORY            ; output_files                           ; --            ; --            ; --         ;
; TOP_LEVEL_ENTITY                    ; de0_lite_gpio                          ; de10_lite     ; --            ; --         ;
+-------------------------------------+----------------------------------------+---------------+---------------+------------+


+--------------------------------------------------------------------------------------------------------------------------+
; Flow Elapsed Time                                                                                                        ;
+----------------------+--------------+-------------------------+---------------------+------------------------------------+
; Module Name          ; Elapsed Time ; Average Processors Used ; Peak Virtual Memory ; Total CPU Time (on all processors) ;
+----------------------+--------------+-------------------------+---------------------+------------------------------------+
; Analysis & Synthesis ; 00:00:47     ; 1.0                     ; 4957 MB             ; 00:01:07                           ;
; Fitter               ; 00:00:49     ; 1.5                     ; 5833 MB             ; 00:01:36                           ;
; Assembler            ; 00:00:04     ; 1.0                     ; 4843 MB             ; 00:00:04                           ;
; Timing Analyzer      ; 00:00:08     ; 2.3                     ; 4990 MB             ; 00:00:16                           ;
; Total                ; 00:01:48     ; --                      ; --                  ; 00:03:03                           ;
+----------------------+--------------+-------------------------+---------------------+------------------------------------+


+------------------------------------------------------------------------------------+
; Flow OS Summary                                                                    ;
+----------------------+------------------+------------+------------+----------------+
; Module Name          ; Machine Hostname ; OS Name    ; OS Version ; Processor type ;
+----------------------+------------------+------------+------------+----------------+
; Analysis & Synthesis ; DESKTOP-280AMGQ  ; Windows 10 ; 10.0       ; x86_64         ;
; Fitter               ; DESKTOP-280AMGQ  ; Windows 10 ; 10.0       ; x86_64         ;
; Assembler            ; DESKTOP-280AMGQ  ; Windows 10 ; 10.0       ; x86_64         ;
; Timing Analyzer      ; DESKTOP-280AMGQ  ; Windows 10 ; 10.0       ; x86_64         ;
+----------------------+------------------+------------+------------+----------------+


------------
; Flow Log ;
------------
quartus_map --read_settings_files=on --write_settings_files=off de10_lite -c de10_lite
quartus_fit --read_settings_files=off --write_settings_files=off de10_lite -c de10_lite
quartus_asm --read_settings_files=off --write_settings_files=off de10_lite -c de10_lite
quartus_sta de10_lite -c de10_lite



