Flow report for de10_lite
Thu Dec 18 21:01:27 2025
Quartus Prime Version 25.1std.0 Build 1129 10/21/2025 SC Lite Edition


---------------------
; Table of Contents ;
---------------------
  1. Legal Notice
  2. Flow Summary
  3. Flow Settings
  4. Flow Non-Default Global Settings
  5. Flow Elapsed Time
  6. Flow OS Summary
  7. Flow Log
  8. Flow Messages
  9. Flow Suppressed Messages



----------------
; Legal Notice ;
----------------
Copyright (C) 2025  Altera Corporation. All rights reserved.
Your use of Altera Corporation's design tools, logic functions 
and other software and tools, and any partner logic 
functions, and any output files from any of the foregoing 
(including device programming or simulation files), and any 
associated documentation or information are expressly subject 
to the terms and conditions of the Altera Program License 
Subscription Agreement, the Altera Quartus Prime License Agreement,
the Altera IP License Agreement, or other applicable license
agreement, including, without limitation, that your use is for
the sole purpose of programming logic devices manufactured by
Altera and sold by Altera or its authorized distributors.  Please
refer to the Altera Software License Subscription Agreements 
on the Quartus Prime software download page.



+--------------------------------------------------------------------------------------+
; Flow Summary                                                                         ;
+------------------------------------+-------------------------------------------------+
; Flow Status                        ; Successful - Thu Dec 18 21:01:27 2025           ;
; Quartus Prime Version              ; 25.1std.0 Build 1129 10/21/2025 SC Lite Edition ;
; Revision Name                      ; de10_lite                                       ;
; Top-level Entity Name              ; de10_lite                                       ;
; Family                             ; MAX 10                                          ;
; Device                             ; 10M50DAF484C7G                                  ;
; Timing Models                      ; Final                                           ;
; Total logic elements               ; 2,296 / 49,760 ( 5 % )                          ;
;     Total combinational functions  ; 2,280 / 49,760 ( 5 % )                          ;
;     Dedicated logic registers      ; 160 / 49,760 ( < 1 % )                          ;
; Total registers                    ; 160                                             ;
; Total pins                         ; 149 / 360 ( 41 % )                              ;
; Total virtual pins                 ; 0                                               ;
; Total memory bits                  ; 0 / 1,677,312 ( 0 % )                           ;
; Embedded Multiplier 9-bit elements ; 4 / 288 ( 1 % )                                 ;
; Total PLLs                         ; 0 / 4 ( 0 % )                                   ;
; UFM blocks                         ; 0 / 1 ( 0 % )                                   ;
; ADC blocks                         ; 0 / 2 ( 0 % )                                   ;
+------------------------------------+-------------------------------------------------+


+-----------------------------------------+
; Flow Settings                           ;
+-------------------+---------------------+
; Option            ; Setting             ;
+-------------------+---------------------+
; Start date & time ; 12/18/2025 20:58:37 ;
; Main task         ; Compilation         ;
; Revision Name     ; de10_lite           ;
+-------------------+---------------------+


+---------------------------------------------------------------------------------------------------------------------------------------------------+
; Flow Non-Default Global Settings                                                                                                                  ;
+-------------------------------------+--------------------------------------------------------------+---------------+-------------+----------------+
; Assignment Name                     ; Value                                                        ; Default Value ; Entity Name ; Section Id     ;
+-------------------------------------+--------------------------------------------------------------+---------------+-------------+----------------+
; COMPILER_SIGNATURE_ID               ; 46781326049619.176610231707320                               ; --            ; --          ; --             ;
; EDA_OUTPUT_DATA_FORMAT              ; Verilog Hdl                                                  ; --            ; --          ; eda_simulation ;
; EDA_SIMULATION_TOOL                 ; Questa Altera FPGA (Verilog)                                 ; <None>        ; --          ; --             ;
; EDA_TIME_SCALE                      ; 1 ps                                                         ; --            ; --          ; eda_simulation ;
; MAX_CORE_JUNCTION_TEMP              ; 85                                                           ; --            ; --          ; --             ;
; MIN_CORE_JUNCTION_TEMP              ; 0                                                            ; --            ; --          ; --             ;
; MISC_FILE                           ; issp_probe/synthesis/../issp_probe.cmp                       ; --            ; --          ; --             ;
; MISC_FILE                           ; issp_probe/synthesis/../../issp_probe.qsys                   ; --            ; --          ; --             ;
; PARTITION_COLOR                     ; -- (Not supported for targeted family)                       ; --            ; --          ; Top            ;
; PARTITION_FITTER_PRESERVATION_LEVEL ; -- (Not supported for targeted family)                       ; --            ; --          ; Top            ;
; PARTITION_NETLIST_TYPE              ; -- (Not supported for targeted family)                       ; --            ; --          ; Top            ;
; POWER_BOARD_THERMAL_MODEL           ; None (CONSERVATIVE)                                          ; --            ; --          ; --             ;
; POWER_PRESET_COOLING_SOLUTION       ; 23 MM HEAT SINK WITH 200 LFPM AIRFLOW                        ; --            ; --          ; --             ;
; PROJECT_OUTPUT_DIRECTORY            ; output_files                                                 ; --            ; --          ; --             ;
; SLD_FILE                            ; issp_probe/synthesis/issp_probe.debuginfo                    ; --            ; --          ; --             ;
; SLD_INFO                            ; QSYS_NAME issp_probe HAS_SOPCINFO 1 GENERATION_ID 1766026860 ; --            ; issp_probe  ; --             ;
; SOPCINFO_FILE                       ; issp_probe/synthesis/../../issp_probe.sopcinfo               ; --            ; --          ; --             ;
; SYNTHESIS_ONLY_QIP                  ; On                                                           ; --            ; --          ; --             ;
+-------------------------------------+--------------------------------------------------------------+---------------+-------------+----------------+


+--------------------------------------------------------------------------------------------------------------------------+
; Flow Elapsed Time                                                                                                        ;
+----------------------+--------------+-------------------------+---------------------+------------------------------------+
; Module Name          ; Elapsed Time ; Average Processors Used ; Peak Virtual Memory ; Total CPU Time (on all processors) ;
+----------------------+--------------+-------------------------+---------------------+------------------------------------+
; Analysis & Synthesis ; 00:01:22     ; 1.0                     ; 4865 MB             ; 00:01:48                           ;
; Fitter               ; 00:00:50     ; 1.2                     ; 5390 MB             ; 00:00:48                           ;
; Assembler            ; 00:00:06     ; 1.0                     ; 4740 MB             ; 00:00:06                           ;
; Timing Analyzer      ; 00:00:13     ; 1.2                     ; 4844 MB             ; 00:00:10                           ;
; EDA Netlist Writer   ; 00:00:04     ; 1.0                     ; 4668 MB             ; 00:00:03                           ;
; Total                ; 00:02:35     ; --                      ; --                  ; 00:02:55                           ;
+----------------------+--------------+-------------------------+---------------------+------------------------------------+


+------------------------------------------------------------------------------------+
; Flow OS Summary                                                                    ;
+----------------------+------------------+------------+------------+----------------+
; Module Name          ; Machine Hostname ; OS Name    ; OS Version ; Processor type ;
+----------------------+------------------+------------+------------+----------------+
; Analysis & Synthesis ; DESKTOP-DASHG4M  ; Windows 10 ; 10.0       ; x86_64         ;
; Fitter               ; DESKTOP-DASHG4M  ; Windows 10 ; 10.0       ; x86_64         ;
; Assembler            ; DESKTOP-DASHG4M  ; Windows 10 ; 10.0       ; x86_64         ;
; Timing Analyzer      ; DESKTOP-DASHG4M  ; Windows 10 ; 10.0       ; x86_64         ;
; EDA Netlist Writer   ; DESKTOP-DASHG4M  ; Windows 10 ; 10.0       ; x86_64         ;
+----------------------+------------------+------------+------------+----------------+


------------
; Flow Log ;
------------
quartus_map --read_settings_files=on --write_settings_files=off de10_lite -c de10_lite
quartus_fit --read_settings_files=off --write_settings_files=off de10_lite -c de10_lite
quartus_asm --read_settings_files=off --write_settings_files=off de10_lite -c de10_lite
quartus_sta de10_lite -c de10_lite
quartus_eda --read_settings_files=off --write_settings_files=off de10_lite -c de10_lite



