IP Upgrade report for de10_lite
Fri Aug 30 16:13:12 2024
Quartus Prime Version 21.1.1 Build 850 06/23/2022 SJ Lite Edition


---------------------
; Table of Contents ;
---------------------
  1. Legal Notice
  2. IP Upgrade Summary
  3. IP Upgrade Messages



----------------
; Legal Notice ;
----------------
Copyright (C) 2022  Intel Corporation. All rights reserved.
Your use of Intel Corporation's design tools, logic functions 
and other software and tools, and any partner logic 
functions, and any output files from any of the foregoing 
(including device programming or simulation files), and any 
associated documentation or information are expressly subject 
to the terms and conditions of the Intel Program License 
Subscription Agreement, the Intel Quartus Prime License Agreement,
the Intel FPGA IP License Agreement, or other applicable license
agreement, including, without limitation, that your use is for
the sole purpose of programming logic devices manufactured by
Intel and sold by Intel or its authorized distributors.  Please
refer to the applicable agreement for further details, at
https://fpgasoftware.intel.com/eula.



+----------------------------------------------------------------------------+
; IP Upgrade Summary                                                         ;
+------------------------------+---------------------------------------------+
; IP Components Upgrade Status ; Failed - Fri Aug 30 16:13:12 2024           ;
; Quartus Prime Version        ; 21.1.1 Build 850 06/23/2022 SJ Lite Edition ;
; Revision Name                ; de10_lite                                   ;
; Top-level Entity Name        ; de10_lite                                   ;
; Family                       ; MAX 10                                      ;
+------------------------------+---------------------------------------------+


+---------------------+
; IP Upgrade Messages ;
+---------------------+
Info (23030): Evaluation of Tcl script c:/intelfpga_lite/21.1/quartus/common/tcl/internal/ip_regen/ip_regen.tcl was successful
Info: Quartus Prime Shell was successful. 0 errors, 0 warnings
    Info: Peak virtual memory: 4877 megabytes
    Info: Processing ended: Fri Aug 30 16:13:12 2024
    Info: Elapsed time: 00:00:20
    Info: Total CPU time (on all processors): 00:00:24


