Analysis & Synthesis report for de10_lite
Tue Jul 22 19:55:43 2025
Quartus Prime Version 21.1.1 Build 850 06/23/2022 SJ Standard Edition


---------------------
; Table of Contents ;
---------------------
  1. Legal Notice
  2. Analysis & Synthesis Summary
  3. Analysis & Synthesis Settings
  4. Parallel Compilation
  5. Analysis & Synthesis Messages



----------------
; Legal Notice ;
----------------
Copyright (C) 2022  Intel Corporation. All rights reserved.
Your use of Intel Corporation's design tools, logic functions 
and other software and tools, and any partner logic 
functions, and any output files from any of the foregoing 
(including device programming or simulation files), and any 
associated documentation or information are expressly subject 
to the terms and conditions of the Intel Program License 
Subscription Agreement, the Intel Quartus Prime License Agreement,
the Intel FPGA IP License Agreement, or other applicable license
agreement, including, without limitation, that your use is for
the sole purpose of programming logic devices manufactured by
Intel and sold by Intel or its authorized distributors.  Please
refer to the applicable agreement for further details, at
https://fpgasoftware.intel.com/eula.



+--------------------------------------------------------------------------------------+
; Analysis & Synthesis Summary                                                         ;
+------------------------------------+-------------------------------------------------+
; Analysis & Synthesis Status        ; Failed - Tue Jul 22 19:55:43 2025               ;
; Quartus Prime Version              ; 21.1.1 Build 850 06/23/2022 SJ Standard Edition ;
; Revision Name                      ; de10_lite                                       ;
; Top-level Entity Name              ; de0_lite                                        ;
; Family                             ; MAX 10                                          ;
; Total logic elements               ; N/A until Partition Merge                       ;
;     Total combinational functions  ; N/A until Partition Merge                       ;
;     Dedicated logic registers      ; N/A until Partition Merge                       ;
; Total registers                    ; N/A until Partition Merge                       ;
; Total pins                         ; N/A until Partition Merge                       ;
; Total virtual pins                 ; N/A until Partition Merge                       ;
; Total memory bits                  ; N/A until Partition Merge                       ;
; Embedded Multiplier 9-bit elements ; N/A until Partition Merge                       ;
; Total PLLs                         ; N/A until Partition Merge                       ;
; UFM blocks                         ; N/A until Partition Merge                       ;
; ADC blocks                         ; N/A until Partition Merge                       ;
+------------------------------------+-------------------------------------------------+


+------------------------------------------------------------------------------------------------------------+
; Analysis & Synthesis Settings                                                                              ;
+------------------------------------------------------------------+--------------------+--------------------+
; Option                                                           ; Setting            ; Default Value      ;
+------------------------------------------------------------------+--------------------+--------------------+
; Device                                                           ; 10M50DAF484C7G     ;                    ;
; Top-level entity name                                            ; de0_lite           ; de10_lite          ;
; Family name                                                      ; MAX 10             ; Cyclone V          ;
; Use smart compilation                                            ; Off                ; Off                ;
; Enable parallel Assembler and Timing Analyzer during compilation ; On                 ; On                 ;
; Enable compact report table                                      ; Off                ; Off                ;
; Restructure Multiplexers                                         ; Auto               ; Auto               ;
; Create Debugging Nodes for IP Cores                              ; Off                ; Off                ;
; Preserve fewer node names                                        ; On                 ; On                 ;
; Intel FPGA IP Evaluation Mode                                    ; Enable             ; Enable             ;
; Verilog Version                                                  ; Verilog_2001       ; Verilog_2001       ;
; VHDL Version                                                     ; VHDL_1993          ; VHDL_1993          ;
; State Machine Processing                                         ; Auto               ; Auto               ;
; Safe State Machine                                               ; Off                ; Off                ;
; Extract Verilog State Machines                                   ; On                 ; On                 ;
; Extract VHDL State Machines                                      ; On                 ; On                 ;
; Ignore Verilog initial constructs                                ; Off                ; Off                ;
; Iteration limit for constant Verilog loops                       ; 5000               ; 5000               ;
; Iteration limit for non-constant Verilog loops                   ; 250                ; 250                ;
; Add Pass-Through Logic to Inferred RAMs                          ; On                 ; On                 ;
; Infer RAMs from Raw Logic                                        ; On                 ; On                 ;
; Parallel Synthesis                                               ; On                 ; On                 ;
; DSP Block Balancing                                              ; Auto               ; Auto               ;
; NOT Gate Push-Back                                               ; On                 ; On                 ;
; Power-Up Don't Care                                              ; On                 ; On                 ;
; Remove Redundant Logic Cells                                     ; Off                ; Off                ;
; Remove Duplicate Registers                                       ; On                 ; On                 ;
; Ignore CARRY Buffers                                             ; Off                ; Off                ;
; Ignore CASCADE Buffers                                           ; Off                ; Off                ;
; Ignore GLOBAL Buffers                                            ; Off                ; Off                ;
; Ignore ROW GLOBAL Buffers                                        ; Off                ; Off                ;
; Ignore LCELL Buffers                                             ; Off                ; Off                ;
; Ignore SOFT Buffers                                              ; On                 ; On                 ;
; Limit AHDL Integers to 32 Bits                                   ; Off                ; Off                ;
; Optimization Technique                                           ; Balanced           ; Balanced           ;
; Carry Chain Length                                               ; 70                 ; 70                 ;
; Auto Carry Chains                                                ; On                 ; On                 ;
; Auto Open-Drain Pins                                             ; On                 ; On                 ;
; Perform WYSIWYG Primitive Resynthesis                            ; Off                ; Off                ;
; Auto ROM Replacement                                             ; On                 ; On                 ;
; Auto RAM Replacement                                             ; On                 ; On                 ;
; Auto DSP Block Replacement                                       ; On                 ; On                 ;
; Auto Shift Register Replacement                                  ; Auto               ; Auto               ;
; Allow Shift Register Merging across Hierarchies                  ; Auto               ; Auto               ;
; Auto Clock Enable Replacement                                    ; On                 ; On                 ;
; Strict RAM Replacement                                           ; Off                ; Off                ;
; Allow Synchronous Control Signals                                ; On                 ; On                 ;
; Force Use of Synchronous Clear Signals                           ; Off                ; Off                ;
; Auto RAM Block Balancing                                         ; On                 ; On                 ;
; Auto RAM to Logic Cell Conversion                                ; Off                ; Off                ;
; Auto Resource Sharing                                            ; Off                ; Off                ;
; Allow Any RAM Size For Recognition                               ; Off                ; Off                ;
; Allow Any ROM Size For Recognition                               ; Off                ; Off                ;
; Allow Any Shift Register Size For Recognition                    ; Off                ; Off                ;
; Use LogicLock Constraints during Resource Balancing              ; On                 ; On                 ;
; Ignore translate_off and synthesis_off directives                ; Off                ; Off                ;
; Timing-Driven Synthesis                                          ; On                 ; On                 ;
; Report Parameter Settings                                        ; On                 ; On                 ;
; Report Source Assignments                                        ; On                 ; On                 ;
; Report Connectivity Checks                                       ; On                 ; On                 ;
; Ignore Maximum Fan-Out Assignments                               ; Off                ; Off                ;
; Synchronization Register Chain Length                            ; 2                  ; 2                  ;
; Power Optimization During Synthesis                              ; Normal compilation ; Normal compilation ;
; HDL message level                                                ; Level2             ; Level2             ;
; Suppress Register Optimization Related Messages                  ; Off                ; Off                ;
; Number of Removed Registers Reported in Synthesis Report         ; 5000               ; 5000               ;
; Number of Swept Nodes Reported in Synthesis Report               ; 5000               ; 5000               ;
; Number of Inverted Registers Reported in Synthesis Report        ; 100                ; 100                ;
; Clock MUX Protection                                             ; On                 ; On                 ;
; Auto Gated Clock Conversion                                      ; Off                ; Off                ;
; Block Design Naming                                              ; Auto               ; Auto               ;
; SDC constraint protection                                        ; Off                ; Off                ;
; Synthesis Effort                                                 ; Auto               ; Auto               ;
; Shift Register Replacement - Allow Asynchronous Clear Signal     ; On                 ; On                 ;
; Pre-Mapping Resynthesis Optimization                             ; Off                ; Off                ;
; Analysis & Synthesis Message Level                               ; Medium             ; Medium             ;
; Disable Register Merging Across Hierarchies                      ; Auto               ; Auto               ;
; Resource Aware Inference For Block RAM                           ; On                 ; On                 ;
+------------------------------------------------------------------+--------------------+--------------------+


+------------------------------------------+
; Parallel Compilation                     ;
+----------------------------+-------------+
; Processors                 ; Number      ;
+----------------------------+-------------+
; Number detected on machine ; 4           ;
; Maximum allowed            ; 4           ;
;                            ;             ;
; Average used               ; 1.00        ;
; Maximum used               ; 1           ;
;                            ;             ;
; Usage by Processor         ; % Time Used ;
;     Processor 1            ; 100.0%      ;
+----------------------------+-------------+


+-------------------------------+
; Analysis & Synthesis Messages ;
+-------------------------------+
Info: *******************************************************************
Info: Running Quartus Prime Analysis & Synthesis
    Info: Version 21.1.1 Build 850 06/23/2022 SJ Standard Edition
    Info: Processing started: Tue Jul 22 19:55:34 2025
Info: Command: quartus_map --read_settings_files=on --write_settings_files=off de10_lite -c de10_lite
Warning (125092): Tcl Script File pll.qip not found
    Info (125063): set_global_assignment -name QIP_FILE pll.qip
Warning (18236): Number of processors has not been specified which may cause overloading on shared machines.  Set the global assignment NUM_PARALLEL_PROCESSORS in your QSF to an appropriate value for best performance.
Info (20030): Parallel compilation is enabled and will use 4 of the 4 processors detected
Info (12021): Found 2 design units, including 1 entities, in source file /var/home/aluno/Documentos/riscv-multicycle/decoder/iregister.vhd
    Info (12022): Found design unit 1: iregister-RTL File: /var/home/aluno/Documentos/riscv-multicycle/decoder/iregister.vhd Line: 43
    Info (12023): Found entity 1: iregister File: /var/home/aluno/Documentos/riscv-multicycle/decoder/iregister.vhd Line: 18
Info (12021): Found 2 design units, including 1 entities, in source file /var/home/aluno/Documentos/riscv-multicycle/registers/register_file.vhd
    Info (12022): Found design unit 1: register_file-RTL File: /var/home/aluno/Documentos/riscv-multicycle/registers/register_file.vhd Line: 24
    Info (12023): Found entity 1: register_file File: /var/home/aluno/Documentos/riscv-multicycle/registers/register_file.vhd Line: 5
Info (12021): Found 2 design units, including 1 entities, in source file /var/home/aluno/Documentos/riscv-multicycle/alu/m/tb_M.vhd
    Info (12022): Found design unit 1: tb_M-waveform File: /var/home/aluno/Documentos/riscv-multicycle/alu/m/tb_M.vhd Line: 10
    Info (12023): Found entity 1: tb_M File: /var/home/aluno/Documentos/riscv-multicycle/alu/m/tb_M.vhd Line: 7
Info (12021): Found 2 design units, including 0 entities, in source file /var/home/aluno/Documentos/riscv-multicycle/core/txt_util.vhdl
    Info (12022): Found design unit 1: txt_util File: /var/home/aluno/Documentos/riscv-multicycle/core/txt_util.vhdl Line: 6
    Info (12022): Found design unit 2: txt_util-body File: /var/home/aluno/Documentos/riscv-multicycle/core/txt_util.vhdl Line: 89
Info (12021): Found 2 design units, including 1 entities, in source file /var/home/aluno/Documentos/riscv-multicycle/core/trace_debug.vhd
    Info (12022): Found design unit 1: trace_debug-RTL File: /var/home/aluno/Documentos/riscv-multicycle/core/trace_debug.vhd Line: 25
    Info (12023): Found entity 1: trace_debug File: /var/home/aluno/Documentos/riscv-multicycle/core/trace_debug.vhd Line: 12
Info (12021): Found 2 design units, including 1 entities, in source file /var/home/aluno/Documentos/riscv-multicycle/core/csr.vhd
    Info (12022): Found design unit 1: csr-RTL File: /var/home/aluno/Documentos/riscv-multicycle/core/csr.vhd Line: 25
    Info (12023): Found entity 1: csr File: /var/home/aluno/Documentos/riscv-multicycle/core/csr.vhd Line: 6
Info (12021): Found 2 design units, including 0 entities, in source file /var/home/aluno/Documentos/riscv-multicycle/alu/m/division_functions.vhd
    Info (12022): Found design unit 1: division_functions File: /var/home/aluno/Documentos/riscv-multicycle/alu/m/division_functions.vhd Line: 14
    Info (12022): Found design unit 2: division_functions-body File: /var/home/aluno/Documentos/riscv-multicycle/alu/m/division_functions.vhd Line: 19
Info (12021): Found 2 design units, including 1 entities, in source file /var/home/aluno/Documentos/riscv-multicycle/alu/m/quick_clz.vhd
    Info (12022): Found design unit 1: quick_clz-RTL File: /var/home/aluno/Documentos/riscv-multicycle/alu/m/quick_clz.vhd Line: 22
    Info (12023): Found entity 1: quick_clz File: /var/home/aluno/Documentos/riscv-multicycle/alu/m/quick_clz.vhd Line: 7
Info (12021): Found 2 design units, including 1 entities, in source file /var/home/aluno/Documentos/riscv-multicycle/alu/m/quick_naive.vhd
    Info (12022): Found design unit 1: quick_naive-behave File: /var/home/aluno/Documentos/riscv-multicycle/alu/m/quick_naive.vhd Line: 32
    Info (12023): Found entity 1: quick_naive File: /var/home/aluno/Documentos/riscv-multicycle/alu/m/quick_naive.vhd Line: 17
Info (12021): Found 2 design units, including 1 entities, in source file /var/home/aluno/Documentos/riscv-multicycle/alu/m/M.vhd
    Info (12022): Found design unit 1: M-RTL File: /var/home/aluno/Documentos/riscv-multicycle/alu/m/M.vhd Line: 25
    Info (12023): Found entity 1: M File: /var/home/aluno/Documentos/riscv-multicycle/alu/m/M.vhd Line: 16
Info (12021): Found 2 design units, including 0 entities, in source file /var/home/aluno/Documentos/riscv-multicycle/alu/m/M_types.vhd
    Info (12022): Found design unit 1: M_types File: /var/home/aluno/Documentos/riscv-multicycle/alu/m/M_types.vhd Line: 5
    Info (12022): Found design unit 2: M_types-body File: /var/home/aluno/Documentos/riscv-multicycle/alu/m/M_types.vhd Line: 25
Info (12021): Found 2 design units, including 1 entities, in source file /var/home/aluno/Documentos/riscv-multicycle/alu/alu.vhd
    Info (12022): Found design unit 1: ULA-RTL File: /var/home/aluno/Documentos/riscv-multicycle/alu/alu.vhd Line: 14
    Info (12023): Found entity 1: ULA File: /var/home/aluno/Documentos/riscv-multicycle/alu/alu.vhd Line: 7
Info (12021): Found 2 design units, including 0 entities, in source file /var/home/aluno/Documentos/riscv-multicycle/alu/alu_types.vhd
    Info (12022): Found design unit 1: alu_types File: /var/home/aluno/Documentos/riscv-multicycle/alu/alu_types.vhd Line: 5
    Info (12022): Found design unit 2: alu_types-body File: /var/home/aluno/Documentos/riscv-multicycle/alu/alu_types.vhd Line: 56
Info (12021): Found 2 design units, including 1 entities, in source file /var/home/aluno/Documentos/riscv-multicycle/core/core.vhd
    Info (12022): Found design unit 1: core-RTL File: /var/home/aluno/Documentos/riscv-multicycle/core/core.vhd Line: 41
    Info (12023): Found entity 1: core File: /var/home/aluno/Documentos/riscv-multicycle/core/core.vhd Line: 9
Info (12021): Found 2 design units, including 1 entities, in source file /var/home/aluno/Documentos/riscv-multicycle/memory/dmemory.vhd
    Info (12022): Found design unit 1: dmemory-RTL File: /var/home/aluno/Documentos/riscv-multicycle/memory/dmemory.vhd Line: 41
    Info (12023): Found entity 1: dmemory File: /var/home/aluno/Documentos/riscv-multicycle/memory/dmemory.vhd Line: 19
Info (12021): Found 2 design units, including 1 entities, in source file /var/home/aluno/Documentos/riscv-multicycle/memory/instructionbusmux.vhd
    Info (12022): Found design unit 1: instructionbusmux-RTL File: /var/home/aluno/Documentos/riscv-multicycle/memory/instructionbusmux.vhd Line: 30
    Info (12023): Found entity 1: instructionbusmux File: /var/home/aluno/Documentos/riscv-multicycle/memory/instructionbusmux.vhd Line: 12
Info (12021): Found 2 design units, including 1 entities, in source file /var/home/aluno/Documentos/riscv-multicycle/memory/iodatabusmux.vhd
    Info (12022): Found design unit 1: iodatabusmux-RTL File: /var/home/aluno/Documentos/riscv-multicycle/memory/iodatabusmux.vhd Line: 40
    Info (12023): Found entity 1: iodatabusmux File: /var/home/aluno/Documentos/riscv-multicycle/memory/iodatabusmux.vhd Line: 13
Info (12021): Found 2 design units, including 1 entities, in source file /var/home/aluno/Documentos/riscv-multicycle/memory/iram_quartus.vhd
    Info (12022): Found design unit 1: iram_quartus-SYN File: /var/home/aluno/Documentos/riscv-multicycle/memory/iram_quartus.vhd Line: 56
    Info (12023): Found entity 1: iram_quartus File: /var/home/aluno/Documentos/riscv-multicycle/memory/iram_quartus.vhd Line: 43
Info (12021): Found 2 design units, including 1 entities, in source file /var/home/aluno/Documentos/riscv-multicycle/peripherals/i2c_master/i2c_master.vhd
    Info (12022): Found design unit 1: i2c_master-RTL File: /var/home/aluno/Documentos/riscv-multicycle/peripherals/i2c_master/i2c_master.vhd Line: 27
    Info (12023): Found entity 1: i2c_master File: /var/home/aluno/Documentos/riscv-multicycle/peripherals/i2c_master/i2c_master.vhd Line: 10
Info (12021): Found 2 design units, including 1 entities, in source file pll.vhd
    Info (12022): Found design unit 1: pll-SYN File: /var/home/aluno/Documentos/riscv-multicycle/peripherals/i2c_master/sint/de10_lite/pll.vhd Line: 53
    Info (12023): Found entity 1: pll File: /var/home/aluno/Documentos/riscv-multicycle/peripherals/i2c_master/sint/de10_lite/pll.vhd Line: 42
Info (12021): Found 2 design units, including 0 entities, in source file /var/home/aluno/Documentos/riscv-multicycle/decoder/decoder_types.vhd
    Info (12022): Found design unit 1: decoder_types File: /var/home/aluno/Documentos/riscv-multicycle/decoder/decoder_types.vhd Line: 4
    Info (12022): Found design unit 2: decoder_types-body File: /var/home/aluno/Documentos/riscv-multicycle/decoder/decoder_types.vhd Line: 147
Warning (12019): Can't analyze file -- file ../../decoder/decoder_types.vhd is missing
Warning (12019): Can't analyze file -- file ../../decoder/decoder.vhd is missing
Info (12021): Found 2 design units, including 1 entities, in source file de0_lite.vhd
    Info (12022): Found design unit 1: de0_lite-rtl File: /var/home/aluno/Documentos/riscv-multicycle/peripherals/i2c_master/sint/de10_lite/de0_lite.vhd Line: 82
    Info (12023): Found entity 1: de0_lite File: /var/home/aluno/Documentos/riscv-multicycle/peripherals/i2c_master/sint/de10_lite/de0_lite.vhd Line: 14
Info (12021): Found 2 design units, including 1 entities, in source file pll_i2c.vhd
    Info (12022): Found design unit 1: pll_i2c-SYN File: /var/home/aluno/Documentos/riscv-multicycle/peripherals/i2c_master/sint/de10_lite/pll_i2c.vhd Line: 52
    Info (12023): Found entity 1: pll_i2c File: /var/home/aluno/Documentos/riscv-multicycle/peripherals/i2c_master/sint/de10_lite/pll_i2c.vhd Line: 42
Info (12021): Found 2 design units, including 1 entities, in source file /var/home/aluno/Documentos/riscv-multicycle/decoder/decoder.vhd
    Info (12022): Found design unit 1: decoder-RTL File: /var/home/aluno/Documentos/riscv-multicycle/decoder/decoder.vhd Line: 52
    Info (12023): Found entity 1: decoder File: /var/home/aluno/Documentos/riscv-multicycle/decoder/decoder.vhd Line: 9
Error (10349): VHDL Association List error at de0_lite.vhd(151): formal "clk_32x" does not exist File: /var/home/aluno/Documentos/riscv-multicycle/peripherals/i2c_master/sint/de10_lite/de0_lite.vhd Line: 151
Error (10346): VHDL error at de0_lite.vhd(143): formal port or parameter "clk_scl" must have actual or default value File: /var/home/aluno/Documentos/riscv-multicycle/peripherals/i2c_master/sint/de10_lite/de0_lite.vhd Line: 143
Error (10784): HDL error at i2c_master.vhd(15): see declaration for object "clk_scl" File: /var/home/aluno/Documentos/riscv-multicycle/peripherals/i2c_master/i2c_master.vhd Line: 15
Error (10346): VHDL error at de0_lite.vhd(143): formal port or parameter "rst" must have actual or default value File: /var/home/aluno/Documentos/riscv-multicycle/peripherals/i2c_master/sint/de10_lite/de0_lite.vhd Line: 143
Error (10784): HDL error at i2c_master.vhd(16): see declaration for object "rst" File: /var/home/aluno/Documentos/riscv-multicycle/peripherals/i2c_master/i2c_master.vhd Line: 16
Error (10346): VHDL error at de0_lite.vhd(143): formal port or parameter "ena" must have actual or default value File: /var/home/aluno/Documentos/riscv-multicycle/peripherals/i2c_master/sint/de10_lite/de0_lite.vhd Line: 143
Error (10784): HDL error at i2c_master.vhd(17): see declaration for object "ena" File: /var/home/aluno/Documentos/riscv-multicycle/peripherals/i2c_master/i2c_master.vhd Line: 17
Error (10346): VHDL error at de0_lite.vhd(143): formal port or parameter "rw" must have actual or default value File: /var/home/aluno/Documentos/riscv-multicycle/peripherals/i2c_master/sint/de10_lite/de0_lite.vhd Line: 143
Error (10784): HDL error at i2c_master.vhd(18): see declaration for object "rw" File: /var/home/aluno/Documentos/riscv-multicycle/peripherals/i2c_master/i2c_master.vhd Line: 18
Error (10346): VHDL error at de0_lite.vhd(143): formal port or parameter "addr" must have actual or default value File: /var/home/aluno/Documentos/riscv-multicycle/peripherals/i2c_master/sint/de10_lite/de0_lite.vhd Line: 143
Error (10784): HDL error at i2c_master.vhd(19): see declaration for object "addr" File: /var/home/aluno/Documentos/riscv-multicycle/peripherals/i2c_master/i2c_master.vhd Line: 19
Error (10346): VHDL error at de0_lite.vhd(143): formal port or parameter "data_wr" must have actual or default value File: /var/home/aluno/Documentos/riscv-multicycle/peripherals/i2c_master/sint/de10_lite/de0_lite.vhd Line: 143
Error (10784): HDL error at i2c_master.vhd(20): see declaration for object "data_wr" File: /var/home/aluno/Documentos/riscv-multicycle/peripherals/i2c_master/i2c_master.vhd Line: 20
Error: Quartus Prime Analysis & Synthesis was unsuccessful. 13 errors, 4 warnings
    Error: Peak virtual memory: 430 megabytes
    Error: Processing ended: Tue Jul 22 19:55:43 2025
    Error: Elapsed time: 00:00:09
    Error: Total CPU time (on all processors): 00:00:19


